[0.160s] DEBUG:colcon:Command line arguments: ['/usr/bin/colcon', 'build', '--packages-ignore', 'octomap_msgs', 'octomap_server', 'octomap_mapping']
[0.161s] DEBUG:colcon:Parsed command line arguments: Namespace(allow_overriding=[], ament_cmake_args=None, base_paths=['.'], build_base='build', catkin_cmake_args=None, catkin_skip_building_tests=False, cmake_args=None, cmake_clean_cache=False, cmake_clean_first=False, cmake_force_configure=False, cmake_target=None, cmake_target_skip_unavailable=False, continue_on_error=False, event_handlers=None, executor='parallel', ignore_user_meta=False, install_base='install', log_base=None, log_level=None, main=<bound method BuildVerb.main of <colcon_core.verb.build.BuildVerb object at 0x7f964a2dc640>>, merge_install=False, metas=['./colcon.meta'], packages_above=None, packages_above_and_dependencies=None, packages_above_depth=None, packages_end=None, packages_ignore=['octomap_msgs', 'octomap_server', 'octomap_mapping'], packages_ignore_regex=None, packages_select=None, packages_select_build_failed=False, packages_select_by_dep=None, packages_select_regex=None, packages_select_test_failures=False, packages_skip=None, packages_skip_build_finished=False, packages_skip_by_dep=None, packages_skip_regex=None, packages_skip_test_passed=False, packages_skip_up_to=None, packages_start=None, packages_up_to=None, packages_up_to_regex=None, parallel_workers=16, paths=None, symlink_install=False, test_result_base=None, verb_extension=<colcon_core.verb.build.BuildVerb object at 0x7f964a2dc640>, verb_name='build', verb_parser=<colcon_defaults.argument_parser.defaults.DefaultArgumentsDecorator object at 0x7f964a2dcb50>)
[0.194s] Level 1:colcon.colcon_core.package_discovery:discover_packages(colcon_meta) check parameters
[0.194s] Level 1:colcon.colcon_core.package_discovery:discover_packages(recursive) check parameters
[0.194s] Level 1:colcon.colcon_core.package_discovery:discover_packages(ignore) check parameters
[0.194s] Level 1:colcon.colcon_core.package_discovery:discover_packages(path) check parameters
[0.194s] Level 1:colcon.colcon_core.package_discovery:discover_packages(colcon_meta) discover
[0.194s] Level 1:colcon.colcon_core.package_discovery:discover_packages(recursive) discover
[0.194s] INFO:colcon.colcon_core.package_discovery:Crawling recursively for packages in '/home/airsim_user/Downloads/Landing-Assist-Module-LAM'
[0.195s] Level 1:colcon.colcon_core.package_identification:_identify(.) by extensions ['ignore', 'ignore_ament_install']
[0.195s] Level 1:colcon.colcon_core.package_identification:_identify(.) by extension 'ignore'
[0.195s] Level 1:colcon.colcon_core.package_identification:_identify(.) by extension 'ignore_ament_install'
[0.195s] Level 1:colcon.colcon_core.package_identification:_identify(.) by extensions ['colcon_pkg']
[0.195s] Level 1:colcon.colcon_core.package_identification:_identify(.) by extension 'colcon_pkg'
[0.195s] Level 1:colcon.colcon_core.package_identification:_identify(.) by extensions ['colcon_meta']
[0.195s] Level 1:colcon.colcon_core.package_identification:_identify(.) by extension 'colcon_meta'
[0.195s] Level 1:colcon.colcon_core.package_identification:_identify(.) by extensions ['ros']
[0.195s] Level 1:colcon.colcon_core.package_identification:_identify(.) by extension 'ros'
[0.204s] Level 1:colcon.colcon_core.package_identification:_identify(.) by extensions ['cmake', 'python']
[0.204s] Level 1:colcon.colcon_core.package_identification:_identify(.) by extension 'cmake'
[0.204s] Level 1:colcon.colcon_core.package_identification:_identify(.) by extension 'python'
[0.205s] Level 1:colcon.colcon_core.package_identification:_identify(.) by extensions ['python_setup_py']
[0.205s] Level 1:colcon.colcon_core.package_identification:_identify(.) by extension 'python_setup_py'
[0.205s] Level 1:colcon.colcon_core.package_identification:_identify(AirSim_config) by extensions ['ignore', 'ignore_ament_install']
[0.205s] Level 1:colcon.colcon_core.package_identification:_identify(AirSim_config) by extension 'ignore'
[0.205s] Level 1:colcon.colcon_core.package_identification:_identify(AirSim_config) by extension 'ignore_ament_install'
[0.205s] Level 1:colcon.colcon_core.package_identification:_identify(AirSim_config) by extensions ['colcon_pkg']
[0.205s] Level 1:colcon.colcon_core.package_identification:_identify(AirSim_config) by extension 'colcon_pkg'
[0.205s] Level 1:colcon.colcon_core.package_identification:_identify(AirSim_config) by extensions ['colcon_meta']
[0.205s] Level 1:colcon.colcon_core.package_identification:_identify(AirSim_config) by extension 'colcon_meta'
[0.205s] Level 1:colcon.colcon_core.package_identification:_identify(AirSim_config) by extensions ['ros']
[0.205s] Level 1:colcon.colcon_core.package_identification:_identify(AirSim_config) by extension 'ros'
[0.205s] Level 1:colcon.colcon_core.package_identification:_identify(AirSim_config) by extensions ['cmake', 'python']
[0.205s] Level 1:colcon.colcon_core.package_identification:_identify(AirSim_config) by extension 'cmake'
[0.205s] Level 1:colcon.colcon_core.package_identification:_identify(AirSim_config) by extension 'python'
[0.205s] Level 1:colcon.colcon_core.package_identification:_identify(AirSim_config) by extensions ['python_setup_py']
[0.205s] Level 1:colcon.colcon_core.package_identification:_identify(AirSim_config) by extension 'python_setup_py'
[0.205s] Level 1:colcon.colcon_core.package_identification:_identify(build) by extensions ['ignore', 'ignore_ament_install']
[0.205s] Level 1:colcon.colcon_core.package_identification:_identify(build) by extension 'ignore'
[0.205s] Level 1:colcon.colcon_core.package_identification:_identify(build) ignored
[0.205s] Level 1:colcon.colcon_core.package_identification:_identify(geometric_feature_detection) by extensions ['ignore', 'ignore_ament_install']
[0.205s] Level 1:colcon.colcon_core.package_identification:_identify(geometric_feature_detection) by extension 'ignore'
[0.205s] Level 1:colcon.colcon_core.package_identification:_identify(geometric_feature_detection) by extension 'ignore_ament_install'
[0.205s] Level 1:colcon.colcon_core.package_identification:_identify(geometric_feature_detection) by extensions ['colcon_pkg']
[0.205s] Level 1:colcon.colcon_core.package_identification:_identify(geometric_feature_detection) by extension 'colcon_pkg'
[0.205s] Level 1:colcon.colcon_core.package_identification:_identify(geometric_feature_detection) by extensions ['colcon_meta']
[0.205s] Level 1:colcon.colcon_core.package_identification:_identify(geometric_feature_detection) by extension 'colcon_meta'
[0.206s] Level 1:colcon.colcon_core.package_identification:_identify(geometric_feature_detection) by extensions ['ros']
[0.206s] Level 1:colcon.colcon_core.package_identification:_identify(geometric_feature_detection) by extension 'ros'
[0.206s] Level 1:colcon.colcon_core.package_identification:_identify(geometric_feature_detection) by extensions ['cmake', 'python']
[0.206s] Level 1:colcon.colcon_core.package_identification:_identify(geometric_feature_detection) by extension 'cmake'
[0.206s] Level 1:colcon.colcon_core.package_identification:_identify(geometric_feature_detection) by extension 'python'
[0.206s] Level 1:colcon.colcon_core.package_identification:_identify(geometric_feature_detection) by extensions ['python_setup_py']
[0.206s] Level 1:colcon.colcon_core.package_identification:_identify(geometric_feature_detection) by extension 'python_setup_py'
[0.206s] Level 1:colcon.colcon_core.package_identification:_identify(geometric_feature_detection/flatness) by extensions ['ignore', 'ignore_ament_install']
[0.206s] Level 1:colcon.colcon_core.package_identification:_identify(geometric_feature_detection/flatness) by extension 'ignore'
[0.206s] Level 1:colcon.colcon_core.package_identification:_identify(geometric_feature_detection/flatness) by extension 'ignore_ament_install'
[0.206s] Level 1:colcon.colcon_core.package_identification:_identify(geometric_feature_detection/flatness) by extensions ['colcon_pkg']
[0.206s] Level 1:colcon.colcon_core.package_identification:_identify(geometric_feature_detection/flatness) by extension 'colcon_pkg'
[0.206s] Level 1:colcon.colcon_core.package_identification:_identify(geometric_feature_detection/flatness) by extensions ['colcon_meta']
[0.206s] Level 1:colcon.colcon_core.package_identification:_identify(geometric_feature_detection/flatness) by extension 'colcon_meta'
[0.206s] Level 1:colcon.colcon_core.package_identification:_identify(geometric_feature_detection/flatness) by extensions ['ros']
[0.206s] Level 1:colcon.colcon_core.package_identification:_identify(geometric_feature_detection/flatness) by extension 'ros'
[0.206s] Level 1:colcon.colcon_core.package_identification:_identify(geometric_feature_detection/flatness) by extensions ['cmake', 'python']
[0.206s] Level 1:colcon.colcon_core.package_identification:_identify(geometric_feature_detection/flatness) by extension 'cmake'
[0.206s] Level 1:colcon.colcon_core.package_identification:_identify(geometric_feature_detection/flatness) by extension 'python'
[0.206s] Level 1:colcon.colcon_core.package_identification:_identify(geometric_feature_detection/flatness) by extensions ['python_setup_py']
[0.206s] Level 1:colcon.colcon_core.package_identification:_identify(geometric_feature_detection/flatness) by extension 'python_setup_py'
[0.206s] Level 1:colcon.colcon_core.package_identification:_identify(install) by extensions ['ignore', 'ignore_ament_install']
[0.206s] Level 1:colcon.colcon_core.package_identification:_identify(install) by extension 'ignore'
[0.206s] Level 1:colcon.colcon_core.package_identification:_identify(install) ignored
[0.206s] Level 1:colcon.colcon_core.package_identification:_identify(log) by extensions ['ignore', 'ignore_ament_install']
[0.206s] Level 1:colcon.colcon_core.package_identification:_identify(log) by extension 'ignore'
[0.207s] Level 1:colcon.colcon_core.package_identification:_identify(log) ignored
[0.207s] Level 1:colcon.colcon_core.package_identification:_identify(my_bag2) by extensions ['ignore', 'ignore_ament_install']
[0.207s] Level 1:colcon.colcon_core.package_identification:_identify(my_bag2) by extension 'ignore'
[0.207s] Level 1:colcon.colcon_core.package_identification:_identify(my_bag2) by extension 'ignore_ament_install'
[0.207s] Level 1:colcon.colcon_core.package_identification:_identify(my_bag2) by extensions ['colcon_pkg']
[0.207s] Level 1:colcon.colcon_core.package_identification:_identify(my_bag2) by extension 'colcon_pkg'
[0.207s] Level 1:colcon.colcon_core.package_identification:_identify(my_bag2) by extensions ['colcon_meta']
[0.207s] Level 1:colcon.colcon_core.package_identification:_identify(my_bag2) by extension 'colcon_meta'
[0.207s] Level 1:colcon.colcon_core.package_identification:_identify(my_bag2) by extensions ['ros']
[0.207s] Level 1:colcon.colcon_core.package_identification:_identify(my_bag2) by extension 'ros'
[0.207s] Level 1:colcon.colcon_core.package_identification:_identify(my_bag2) by extensions ['cmake', 'python']
[0.207s] Level 1:colcon.colcon_core.package_identification:_identify(my_bag2) by extension 'cmake'
[0.207s] Level 1:colcon.colcon_core.package_identification:_identify(my_bag2) by extension 'python'
[0.207s] Level 1:colcon.colcon_core.package_identification:_identify(my_bag2) by extensions ['python_setup_py']
[0.207s] Level 1:colcon.colcon_core.package_identification:_identify(my_bag2) by extension 'python_setup_py'
[0.207s] Level 1:colcon.colcon_core.package_identification:_identify(ros2) by extensions ['ignore', 'ignore_ament_install']
[0.207s] Level 1:colcon.colcon_core.package_identification:_identify(ros2) by extension 'ignore'
[0.207s] Level 1:colcon.colcon_core.package_identification:_identify(ros2) by extension 'ignore_ament_install'
[0.207s] Level 1:colcon.colcon_core.package_identification:_identify(ros2) by extensions ['colcon_pkg']
[0.207s] Level 1:colcon.colcon_core.package_identification:_identify(ros2) by extension 'colcon_pkg'
[0.207s] Level 1:colcon.colcon_core.package_identification:_identify(ros2) by extensions ['colcon_meta']
[0.207s] Level 1:colcon.colcon_core.package_identification:_identify(ros2) by extension 'colcon_meta'
[0.207s] Level 1:colcon.colcon_core.package_identification:_identify(ros2) by extensions ['ros']
[0.207s] Level 1:colcon.colcon_core.package_identification:_identify(ros2) by extension 'ros'
[0.207s] Level 1:colcon.colcon_core.package_identification:_identify(ros2) by extensions ['cmake', 'python']
[0.207s] Level 1:colcon.colcon_core.package_identification:_identify(ros2) by extension 'cmake'
[0.207s] Level 1:colcon.colcon_core.package_identification:_identify(ros2) by extension 'python'
[0.207s] Level 1:colcon.colcon_core.package_identification:_identify(ros2) by extensions ['python_setup_py']
[0.207s] Level 1:colcon.colcon_core.package_identification:_identify(ros2) by extension 'python_setup_py'
[0.208s] Level 1:colcon.colcon_core.package_identification:_identify(ros2/build) by extensions ['ignore', 'ignore_ament_install']
[0.208s] Level 1:colcon.colcon_core.package_identification:_identify(ros2/build) by extension 'ignore'
[0.208s] Level 1:colcon.colcon_core.package_identification:_identify(ros2/build) ignored
[0.208s] Level 1:colcon.colcon_core.package_identification:_identify(ros2/install) by extensions ['ignore', 'ignore_ament_install']
[0.208s] Level 1:colcon.colcon_core.package_identification:_identify(ros2/install) by extension 'ignore'
[0.208s] Level 1:colcon.colcon_core.package_identification:_identify(ros2/install) ignored
[0.208s] Level 1:colcon.colcon_core.package_identification:_identify(ros2/log) by extensions ['ignore', 'ignore_ament_install']
[0.208s] Level 1:colcon.colcon_core.package_identification:_identify(ros2/log) by extension 'ignore'
[0.208s] Level 1:colcon.colcon_core.package_identification:_identify(ros2/log) ignored
[0.208s] Level 1:colcon.colcon_core.package_identification:_identify(ros2/src) by extensions ['ignore', 'ignore_ament_install']
[0.208s] Level 1:colcon.colcon_core.package_identification:_identify(ros2/src) by extension 'ignore'
[0.208s] Level 1:colcon.colcon_core.package_identification:_identify(ros2/src) by extension 'ignore_ament_install'
[0.208s] Level 1:colcon.colcon_core.package_identification:_identify(ros2/src) by extensions ['colcon_pkg']
[0.208s] Level 1:colcon.colcon_core.package_identification:_identify(ros2/src) by extension 'colcon_pkg'
[0.208s] Level 1:colcon.colcon_core.package_identification:_identify(ros2/src) by extensions ['colcon_meta']
[0.208s] Level 1:colcon.colcon_core.package_identification:_identify(ros2/src) by extension 'colcon_meta'
[0.208s] Level 1:colcon.colcon_core.package_identification:_identify(ros2/src) by extensions ['ros']
[0.208s] Level 1:colcon.colcon_core.package_identification:_identify(ros2/src) by extension 'ros'
[0.208s] Level 1:colcon.colcon_core.package_identification:_identify(ros2/src) by extensions ['cmake', 'python']
[0.208s] Level 1:colcon.colcon_core.package_identification:_identify(ros2/src) by extension 'cmake'
[0.208s] Level 1:colcon.colcon_core.package_identification:_identify(ros2/src) by extension 'python'
[0.208s] Level 1:colcon.colcon_core.package_identification:_identify(ros2/src) by extensions ['python_setup_py']
[0.208s] Level 1:colcon.colcon_core.package_identification:_identify(ros2/src) by extension 'python_setup_py'
[0.209s] Level 1:colcon.colcon_core.package_identification:_identify(ros2/src/OctoMap-ROS2) by extensions ['ignore', 'ignore_ament_install']
[0.209s] Level 1:colcon.colcon_core.package_identification:_identify(ros2/src/OctoMap-ROS2) by extension 'ignore'
[0.209s] Level 1:colcon.colcon_core.package_identification:_identify(ros2/src/OctoMap-ROS2) by extension 'ignore_ament_install'
[0.209s] Level 1:colcon.colcon_core.package_identification:_identify(ros2/src/OctoMap-ROS2) by extensions ['colcon_pkg']
[0.209s] Level 1:colcon.colcon_core.package_identification:_identify(ros2/src/OctoMap-ROS2) by extension 'colcon_pkg'
[0.209s] Level 1:colcon.colcon_core.package_identification:_identify(ros2/src/OctoMap-ROS2) by extensions ['colcon_meta']
[0.209s] Level 1:colcon.colcon_core.package_identification:_identify(ros2/src/OctoMap-ROS2) by extension 'colcon_meta'
[0.209s] Level 1:colcon.colcon_core.package_identification:_identify(ros2/src/OctoMap-ROS2) by extensions ['ros']
[0.209s] Level 1:colcon.colcon_core.package_identification:_identify(ros2/src/OctoMap-ROS2) by extension 'ros'
[0.209s] Level 1:colcon.colcon_core.package_identification:_identify(ros2/src/OctoMap-ROS2) by extensions ['cmake', 'python']
[0.209s] Level 1:colcon.colcon_core.package_identification:_identify(ros2/src/OctoMap-ROS2) by extension 'cmake'
[0.209s] Level 1:colcon.colcon_core.package_identification:_identify(ros2/src/OctoMap-ROS2) by extension 'python'
[0.209s] Level 1:colcon.colcon_core.package_identification:_identify(ros2/src/OctoMap-ROS2) by extensions ['python_setup_py']
[0.209s] Level 1:colcon.colcon_core.package_identification:_identify(ros2/src/OctoMap-ROS2) by extension 'python_setup_py'
[0.209s] Level 1:colcon.colcon_core.package_identification:_identify(ros2/src/OctoMap-ROS2/build) by extensions ['ignore', 'ignore_ament_install']
[0.209s] Level 1:colcon.colcon_core.package_identification:_identify(ros2/src/OctoMap-ROS2/build) by extension 'ignore'
[0.209s] Level 1:colcon.colcon_core.package_identification:_identify(ros2/src/OctoMap-ROS2/build) ignored
[0.209s] Level 1:colcon.colcon_core.package_identification:_identify(ros2/src/OctoMap-ROS2/docker) by extensions ['ignore', 'ignore_ament_install']
[0.209s] Level 1:colcon.colcon_core.package_identification:_identify(ros2/src/OctoMap-ROS2/docker) by extension 'ignore'
[0.209s] Level 1:colcon.colcon_core.package_identification:_identify(ros2/src/OctoMap-ROS2/docker) by extension 'ignore_ament_install'
[0.209s] Level 1:colcon.colcon_core.package_identification:_identify(ros2/src/OctoMap-ROS2/docker) by extensions ['colcon_pkg']
[0.209s] Level 1:colcon.colcon_core.package_identification:_identify(ros2/src/OctoMap-ROS2/docker) by extension 'colcon_pkg'
[0.209s] Level 1:colcon.colcon_core.package_identification:_identify(ros2/src/OctoMap-ROS2/docker) by extensions ['colcon_meta']
[0.209s] Level 1:colcon.colcon_core.package_identification:_identify(ros2/src/OctoMap-ROS2/docker) by extension 'colcon_meta'
[0.209s] Level 1:colcon.colcon_core.package_identification:_identify(ros2/src/OctoMap-ROS2/docker) by extensions ['ros']
[0.209s] Level 1:colcon.colcon_core.package_identification:_identify(ros2/src/OctoMap-ROS2/docker) by extension 'ros'
[0.209s] Level 1:colcon.colcon_core.package_identification:_identify(ros2/src/OctoMap-ROS2/docker) by extensions ['cmake', 'python']
[0.210s] Level 1:colcon.colcon_core.package_identification:_identify(ros2/src/OctoMap-ROS2/docker) by extension 'cmake'
[0.210s] Level 1:colcon.colcon_core.package_identification:_identify(ros2/src/OctoMap-ROS2/docker) by extension 'python'
[0.210s] Level 1:colcon.colcon_core.package_identification:_identify(ros2/src/OctoMap-ROS2/docker) by extensions ['python_setup_py']
[0.210s] Level 1:colcon.colcon_core.package_identification:_identify(ros2/src/OctoMap-ROS2/docker) by extension 'python_setup_py'
[0.210s] Level 1:colcon.colcon_core.package_identification:_identify(ros2/src/OctoMap-ROS2/install) by extensions ['ignore', 'ignore_ament_install']
[0.210s] Level 1:colcon.colcon_core.package_identification:_identify(ros2/src/OctoMap-ROS2/install) by extension 'ignore'
[0.210s] Level 1:colcon.colcon_core.package_identification:_identify(ros2/src/OctoMap-ROS2/install) ignored
[0.210s] Level 1:colcon.colcon_core.package_identification:_identify(ros2/src/OctoMap-ROS2/log) by extensions ['ignore', 'ignore_ament_install']
[0.210s] Level 1:colcon.colcon_core.package_identification:_identify(ros2/src/OctoMap-ROS2/log) by extension 'ignore'
[0.210s] Level 1:colcon.colcon_core.package_identification:_identify(ros2/src/OctoMap-ROS2/log) ignored
[0.210s] Level 1:colcon.colcon_core.package_identification:_identify(ros2/src/OctoMap-ROS2/octomap_mapping) by extensions ['ignore', 'ignore_ament_install']
[0.210s] Level 1:colcon.colcon_core.package_identification:_identify(ros2/src/OctoMap-ROS2/octomap_mapping) by extension 'ignore'
[0.210s] Level 1:colcon.colcon_core.package_identification:_identify(ros2/src/OctoMap-ROS2/octomap_mapping) by extension 'ignore_ament_install'
[0.210s] Level 1:colcon.colcon_core.package_identification:_identify(ros2/src/OctoMap-ROS2/octomap_mapping) by extensions ['colcon_pkg']
[0.210s] Level 1:colcon.colcon_core.package_identification:_identify(ros2/src/OctoMap-ROS2/octomap_mapping) by extension 'colcon_pkg'
[0.210s] Level 1:colcon.colcon_core.package_identification:_identify(ros2/src/OctoMap-ROS2/octomap_mapping) by extensions ['colcon_meta']
[0.210s] Level 1:colcon.colcon_core.package_identification:_identify(ros2/src/OctoMap-ROS2/octomap_mapping) by extension 'colcon_meta'
[0.210s] Level 1:colcon.colcon_core.package_identification:_identify(ros2/src/OctoMap-ROS2/octomap_mapping) by extensions ['ros']
[0.210s] Level 1:colcon.colcon_core.package_identification:_identify(ros2/src/OctoMap-ROS2/octomap_mapping) by extension 'ros'
[0.212s] DEBUG:colcon.colcon_core.package_identification:Package 'ros2/src/OctoMap-ROS2/octomap_mapping' with type 'ros.ament_cmake' and name 'octomap_mapping'
[0.212s] Level 1:colcon.colcon_core.package_identification:_identify(ros2/src/OctoMap-ROS2/octomap_msgs) by extensions ['ignore', 'ignore_ament_install']
[0.212s] Level 1:colcon.colcon_core.package_identification:_identify(ros2/src/OctoMap-ROS2/octomap_msgs) by extension 'ignore'
[0.212s] Level 1:colcon.colcon_core.package_identification:_identify(ros2/src/OctoMap-ROS2/octomap_msgs) by extension 'ignore_ament_install'
[0.212s] Level 1:colcon.colcon_core.package_identification:_identify(ros2/src/OctoMap-ROS2/octomap_msgs) by extensions ['colcon_pkg']
[0.212s] Level 1:colcon.colcon_core.package_identification:_identify(ros2/src/OctoMap-ROS2/octomap_msgs) by extension 'colcon_pkg'
[0.213s] Level 1:colcon.colcon_core.package_identification:_identify(ros2/src/OctoMap-ROS2/octomap_msgs) by extensions ['colcon_meta']
[0.213s] Level 1:colcon.colcon_core.package_identification:_identify(ros2/src/OctoMap-ROS2/octomap_msgs) by extension 'colcon_meta'
[0.213s] Level 1:colcon.colcon_core.package_identification:_identify(ros2/src/OctoMap-ROS2/octomap_msgs) by extensions ['ros']
[0.213s] Level 1:colcon.colcon_core.package_identification:_identify(ros2/src/OctoMap-ROS2/octomap_msgs) by extension 'ros'
[0.213s] DEBUG:colcon.colcon_core.package_identification:Package 'ros2/src/OctoMap-ROS2/octomap_msgs' with type 'ros.ament_cmake' and name 'octomap_msgs'
[0.213s] Level 1:colcon.colcon_core.package_identification:_identify(ros2/src/OctoMap-ROS2/octomap_ros) by extensions ['ignore', 'ignore_ament_install']
[0.213s] Level 1:colcon.colcon_core.package_identification:_identify(ros2/src/OctoMap-ROS2/octomap_ros) by extension 'ignore'
[0.213s] Level 1:colcon.colcon_core.package_identification:_identify(ros2/src/OctoMap-ROS2/octomap_ros) by extension 'ignore_ament_install'
[0.213s] Level 1:colcon.colcon_core.package_identification:_identify(ros2/src/OctoMap-ROS2/octomap_ros) by extensions ['colcon_pkg']
[0.213s] Level 1:colcon.colcon_core.package_identification:_identify(ros2/src/OctoMap-ROS2/octomap_ros) by extension 'colcon_pkg'
[0.213s] Level 1:colcon.colcon_core.package_identification:_identify(ros2/src/OctoMap-ROS2/octomap_ros) by extensions ['colcon_meta']
[0.213s] Level 1:colcon.colcon_core.package_identification:_identify(ros2/src/OctoMap-ROS2/octomap_ros) by extension 'colcon_meta'
[0.213s] Level 1:colcon.colcon_core.package_identification:_identify(ros2/src/OctoMap-ROS2/octomap_ros) by extensions ['ros']
[0.213s] Level 1:colcon.colcon_core.package_identification:_identify(ros2/src/OctoMap-ROS2/octomap_ros) by extension 'ros'
[0.214s] DEBUG:colcon.colcon_core.package_identification:Package 'ros2/src/OctoMap-ROS2/octomap_ros' with type 'ros.ament_cmake' and name 'octomap_ros'
[0.214s] Level 1:colcon.colcon_core.package_identification:_identify(ros2/src/OctoMap-ROS2/octomap_server) by extensions ['ignore', 'ignore_ament_install']
[0.214s] Level 1:colcon.colcon_core.package_identification:_identify(ros2/src/OctoMap-ROS2/octomap_server) by extension 'ignore'
[0.214s] Level 1:colcon.colcon_core.package_identification:_identify(ros2/src/OctoMap-ROS2/octomap_server) by extension 'ignore_ament_install'
[0.214s] Level 1:colcon.colcon_core.package_identification:_identify(ros2/src/OctoMap-ROS2/octomap_server) by extensions ['colcon_pkg']
[0.214s] Level 1:colcon.colcon_core.package_identification:_identify(ros2/src/OctoMap-ROS2/octomap_server) by extension 'colcon_pkg'
[0.214s] Level 1:colcon.colcon_core.package_identification:_identify(ros2/src/OctoMap-ROS2/octomap_server) by extensions ['colcon_meta']
[0.214s] Level 1:colcon.colcon_core.package_identification:_identify(ros2/src/OctoMap-ROS2/octomap_server) by extension 'colcon_meta'
[0.214s] Level 1:colcon.colcon_core.package_identification:_identify(ros2/src/OctoMap-ROS2/octomap_server) by extensions ['ros']
[0.214s] Level 1:colcon.colcon_core.package_identification:_identify(ros2/src/OctoMap-ROS2/octomap_server) by extension 'ros'
[0.216s] DEBUG:colcon.colcon_core.package_identification:Package 'ros2/src/OctoMap-ROS2/octomap_server' with type 'ros.ament_cmake' and name 'octomap_server'
[0.216s] Level 1:colcon.colcon_core.package_identification:_identify(ros2/src/cpp) by extensions ['ignore', 'ignore_ament_install']
[0.216s] Level 1:colcon.colcon_core.package_identification:_identify(ros2/src/cpp) by extension 'ignore'
[0.216s] Level 1:colcon.colcon_core.package_identification:_identify(ros2/src/cpp) by extension 'ignore_ament_install'
[0.216s] Level 1:colcon.colcon_core.package_identification:_identify(ros2/src/cpp) by extensions ['colcon_pkg']
[0.216s] Level 1:colcon.colcon_core.package_identification:_identify(ros2/src/cpp) by extension 'colcon_pkg'
[0.216s] Level 1:colcon.colcon_core.package_identification:_identify(ros2/src/cpp) by extensions ['colcon_meta']
[0.216s] Level 1:colcon.colcon_core.package_identification:_identify(ros2/src/cpp) by extension 'colcon_meta'
[0.216s] Level 1:colcon.colcon_core.package_identification:_identify(ros2/src/cpp) by extensions ['ros']
[0.216s] Level 1:colcon.colcon_core.package_identification:_identify(ros2/src/cpp) by extension 'ros'
[0.216s] Level 1:colcon.colcon_core.package_identification:_identify(ros2/src/cpp) by extensions ['cmake', 'python']
[0.216s] Level 1:colcon.colcon_core.package_identification:_identify(ros2/src/cpp) by extension 'cmake'
[0.217s] Level 1:colcon.colcon_core.package_identification:_identify(ros2/src/cpp) by extension 'python'
[0.217s] DEBUG:colcon.colcon_core.package_identification:Package 'ros2/src/cpp' with type 'cmake' and name 'cpp'
[0.217s] Level 1:colcon.colcon_core.package_identification:_identify(ros2/src/octomap_msgs) by extensions ['ignore', 'ignore_ament_install']
[0.217s] Level 1:colcon.colcon_core.package_identification:_identify(ros2/src/octomap_msgs) by extension 'ignore'
[0.217s] Level 1:colcon.colcon_core.package_identification:_identify(ros2/src/octomap_msgs) by extension 'ignore_ament_install'
[0.217s] Level 1:colcon.colcon_core.package_identification:_identify(ros2/src/octomap_msgs) by extensions ['colcon_pkg']
[0.217s] Level 1:colcon.colcon_core.package_identification:_identify(ros2/src/octomap_msgs) by extension 'colcon_pkg'
[0.217s] Level 1:colcon.colcon_core.package_identification:_identify(ros2/src/octomap_msgs) by extensions ['colcon_meta']
[0.217s] Level 1:colcon.colcon_core.package_identification:_identify(ros2/src/octomap_msgs) by extension 'colcon_meta'
[0.217s] Level 1:colcon.colcon_core.package_identification:_identify(ros2/src/octomap_msgs) by extensions ['ros']
[0.217s] Level 1:colcon.colcon_core.package_identification:_identify(ros2/src/octomap_msgs) by extension 'ros'
[0.217s] Level 1:colcon.colcon_core.package_identification:_identify(ros2/src/octomap_msgs) by extensions ['cmake', 'python']
[0.217s] Level 1:colcon.colcon_core.package_identification:_identify(ros2/src/octomap_msgs) by extension 'cmake'
[0.217s] Level 1:colcon.colcon_core.package_identification:_identify(ros2/src/octomap_msgs) by extension 'python'
[0.217s] Level 1:colcon.colcon_core.package_identification:_identify(ros2/src/octomap_msgs) by extensions ['python_setup_py']
[0.217s] Level 1:colcon.colcon_core.package_identification:_identify(ros2/src/octomap_msgs) by extension 'python_setup_py'
[0.218s] Level 1:colcon.colcon_core.package_identification:_identify(ros2/src/octomap_server2) by extensions ['ignore', 'ignore_ament_install']
[0.218s] Level 1:colcon.colcon_core.package_identification:_identify(ros2/src/octomap_server2) by extension 'ignore'
[0.218s] Level 1:colcon.colcon_core.package_identification:_identify(ros2/src/octomap_server2) by extension 'ignore_ament_install'
[0.218s] Level 1:colcon.colcon_core.package_identification:_identify(ros2/src/octomap_server2) by extensions ['colcon_pkg']
[0.218s] Level 1:colcon.colcon_core.package_identification:_identify(ros2/src/octomap_server2) by extension 'colcon_pkg'
[0.218s] Level 1:colcon.colcon_core.package_identification:_identify(ros2/src/octomap_server2) by extensions ['colcon_meta']
[0.218s] Level 1:colcon.colcon_core.package_identification:_identify(ros2/src/octomap_server2) by extension 'colcon_meta'
[0.218s] Level 1:colcon.colcon_core.package_identification:_identify(ros2/src/octomap_server2) by extensions ['ros']
[0.218s] Level 1:colcon.colcon_core.package_identification:_identify(ros2/src/octomap_server2) by extension 'ros'
[0.218s] Level 1:colcon.colcon_core.package_identification:_identify(ros2/src/octomap_server2) by extensions ['cmake', 'python']
[0.218s] Level 1:colcon.colcon_core.package_identification:_identify(ros2/src/octomap_server2) by extension 'cmake'
[0.218s] Level 1:colcon.colcon_core.package_identification:_identify(ros2/src/octomap_server2) by extension 'python'
[0.218s] Level 1:colcon.colcon_core.package_identification:_identify(ros2/src/octomap_server2) by extensions ['python_setup_py']
[0.218s] Level 1:colcon.colcon_core.package_identification:_identify(ros2/src/octomap_server2) by extension 'python_setup_py'
[0.218s] Level 1:colcon.colcon_core.package_identification:_identify(ros2/src/pcl_msgs) by extensions ['ignore', 'ignore_ament_install']
[0.218s] Level 1:colcon.colcon_core.package_identification:_identify(ros2/src/pcl_msgs) by extension 'ignore'
[0.218s] Level 1:colcon.colcon_core.package_identification:_identify(ros2/src/pcl_msgs) by extension 'ignore_ament_install'
[0.218s] Level 1:colcon.colcon_core.package_identification:_identify(ros2/src/pcl_msgs) by extensions ['colcon_pkg']
[0.218s] Level 1:colcon.colcon_core.package_identification:_identify(ros2/src/pcl_msgs) by extension 'colcon_pkg'
[0.218s] Level 1:colcon.colcon_core.package_identification:_identify(ros2/src/pcl_msgs) by extensions ['colcon_meta']
[0.218s] Level 1:colcon.colcon_core.package_identification:_identify(ros2/src/pcl_msgs) by extension 'colcon_meta'
[0.218s] Level 1:colcon.colcon_core.package_identification:_identify(ros2/src/pcl_msgs) by extensions ['ros']
[0.218s] Level 1:colcon.colcon_core.package_identification:_identify(ros2/src/pcl_msgs) by extension 'ros'
[0.218s] Level 1:colcon.colcon_core.package_identification:_identify(ros2/src/pcl_msgs) by extensions ['cmake', 'python']
[0.218s] Level 1:colcon.colcon_core.package_identification:_identify(ros2/src/pcl_msgs) by extension 'cmake'
[0.218s] Level 1:colcon.colcon_core.package_identification:_identify(ros2/src/pcl_msgs) by extension 'python'
[0.218s] Level 1:colcon.colcon_core.package_identification:_identify(ros2/src/pcl_msgs) by extensions ['python_setup_py']
[0.218s] Level 1:colcon.colcon_core.package_identification:_identify(ros2/src/pcl_msgs) by extension 'python_setup_py'
[0.219s] Level 1:colcon.colcon_core.package_identification:_identify(ros2/src/perception_pcl) by extensions ['ignore', 'ignore_ament_install']
[0.219s] Level 1:colcon.colcon_core.package_identification:_identify(ros2/src/perception_pcl) by extension 'ignore'
[0.219s] Level 1:colcon.colcon_core.package_identification:_identify(ros2/src/perception_pcl) by extension 'ignore_ament_install'
[0.219s] Level 1:colcon.colcon_core.package_identification:_identify(ros2/src/perception_pcl) by extensions ['colcon_pkg']
[0.219s] Level 1:colcon.colcon_core.package_identification:_identify(ros2/src/perception_pcl) by extension 'colcon_pkg'
[0.219s] Level 1:colcon.colcon_core.package_identification:_identify(ros2/src/perception_pcl) by extensions ['colcon_meta']
[0.219s] Level 1:colcon.colcon_core.package_identification:_identify(ros2/src/perception_pcl) by extension 'colcon_meta'
[0.219s] Level 1:colcon.colcon_core.package_identification:_identify(ros2/src/perception_pcl) by extensions ['ros']
[0.219s] Level 1:colcon.colcon_core.package_identification:_identify(ros2/src/perception_pcl) by extension 'ros'
[0.219s] Level 1:colcon.colcon_core.package_identification:_identify(ros2/src/perception_pcl) by extensions ['cmake', 'python']
[0.219s] Level 1:colcon.colcon_core.package_identification:_identify(ros2/src/perception_pcl) by extension 'cmake'
[0.219s] Level 1:colcon.colcon_core.package_identification:_identify(ros2/src/perception_pcl) by extension 'python'
[0.219s] Level 1:colcon.colcon_core.package_identification:_identify(ros2/src/perception_pcl) by extensions ['python_setup_py']
[0.219s] Level 1:colcon.colcon_core.package_identification:_identify(ros2/src/perception_pcl) by extension 'python_setup_py'
[0.219s] Level 1:colcon.colcon_core.package_identification:_identify(ros2/src/py) by extensions ['ignore', 'ignore_ament_install']
[0.219s] Level 1:colcon.colcon_core.package_identification:_identify(ros2/src/py) by extension 'ignore'
[0.219s] Level 1:colcon.colcon_core.package_identification:_identify(ros2/src/py) by extension 'ignore_ament_install'
[0.219s] Level 1:colcon.colcon_core.package_identification:_identify(ros2/src/py) by extensions ['colcon_pkg']
[0.219s] Level 1:colcon.colcon_core.package_identification:_identify(ros2/src/py) by extension 'colcon_pkg'
[0.219s] Level 1:colcon.colcon_core.package_identification:_identify(ros2/src/py) by extensions ['colcon_meta']
[0.219s] Level 1:colcon.colcon_core.package_identification:_identify(ros2/src/py) by extension 'colcon_meta'
[0.219s] Level 1:colcon.colcon_core.package_identification:_identify(ros2/src/py) by extensions ['ros']
[0.219s] Level 1:colcon.colcon_core.package_identification:_identify(ros2/src/py) by extension 'ros'
[0.219s] Level 1:colcon.colcon_core.package_identification:_identify(ros2/src/py) by extensions ['cmake', 'python']
[0.219s] Level 1:colcon.colcon_core.package_identification:_identify(ros2/src/py) by extension 'cmake'
[0.219s] Level 1:colcon.colcon_core.package_identification:_identify(ros2/src/py) by extension 'python'
[0.219s] Level 1:colcon.colcon_core.package_identification:_identify(ros2/src/py) by extensions ['python_setup_py']
[0.219s] Level 1:colcon.colcon_core.package_identification:_identify(ros2/src/py) by extension 'python_setup_py'
[0.390s] ERROR:colcon.colcon_core.package_identification:Exception in package identification extension 'python_setup_py' in 'ros2/src/py': Command '['/usr/bin/python3', '-c', 'import sys;from contextlib import suppress;exec("with suppress(ImportError):    from setuptools.extern.packaging.specifiers    import SpecifierSet");exec("with suppress(ImportError):    from packaging.specifiers import SpecifierSet");from distutils.core import run_setup;dist = run_setup(    \'setup.py\', script_args=(\'--dry-run\',), stop_after=\'config\');skip_keys = (\'cmdclass\', \'distclass\', \'ext_modules\', \'metadata\');data = {    key: value for key, value in dist.__dict__.items()     if (        not key.startswith(\'_\') and         not callable(value) and         key not in skip_keys and         key not in dist.display_option_names    )};data[\'metadata\'] = {    k: v for k, v in dist.metadata.__dict__.items()     if k not in (\'license_files\', \'provides_extras\')};sys.stdout.buffer.write(repr(data).encode(\'utf-8\'))']' returned non-zero exit status 1.
Traceback (most recent call last):
  File "/usr/lib/python3/dist-packages/colcon_core/package_identification/__init__.py", line 144, in _identify
    retval = extension.identify(_reused_descriptor_instance)
  File "/usr/lib/python3/dist-packages/colcon_python_setup_py/package_identification/python_setup_py.py", line 48, in identify
    config = get_setup_information(setup_py)
  File "/usr/lib/python3/dist-packages/colcon_python_setup_py/package_identification/python_setup_py.py", line 241, in get_setup_information
    _setup_information_cache[hashable_env] = _get_setup_information(
  File "/usr/lib/python3/dist-packages/colcon_python_setup_py/package_identification/python_setup_py.py", line 288, in _get_setup_information
    result = subprocess.run(
  File "/usr/lib/python3.8/subprocess.py", line 516, in run
    raise CalledProcessError(retcode, process.args,
subprocess.CalledProcessError: Command '['/usr/bin/python3', '-c', 'import sys;from contextlib import suppress;exec("with suppress(ImportError):    from setuptools.extern.packaging.specifiers    import SpecifierSet");exec("with suppress(ImportError):    from packaging.specifiers import SpecifierSet");from distutils.core import run_setup;dist = run_setup(    \'setup.py\', script_args=(\'--dry-run\',), stop_after=\'config\');skip_keys = (\'cmdclass\', \'distclass\', \'ext_modules\', \'metadata\');data = {    key: value for key, value in dist.__dict__.items()     if (        not key.startswith(\'_\') and         not callable(value) and         key not in skip_keys and         key not in dist.display_option_names    )};data[\'metadata\'] = {    k: v for k, v in dist.metadata.__dict__.items()     if k not in (\'license_files\', \'provides_extras\')};sys.stdout.buffer.write(repr(data).encode(\'utf-8\'))']' returned non-zero exit status 1.

[0.390s] Level 1:colcon.colcon_core.package_identification:_identify(ros2/src/py/pointcloud_plane_detection) by extensions ['ignore', 'ignore_ament_install']
[0.390s] Level 1:colcon.colcon_core.package_identification:_identify(ros2/src/py/pointcloud_plane_detection) by extension 'ignore'
[0.390s] Level 1:colcon.colcon_core.package_identification:_identify(ros2/src/py/pointcloud_plane_detection) by extension 'ignore_ament_install'
[0.390s] Level 1:colcon.colcon_core.package_identification:_identify(ros2/src/py/pointcloud_plane_detection) by extensions ['colcon_pkg']
[0.390s] Level 1:colcon.colcon_core.package_identification:_identify(ros2/src/py/pointcloud_plane_detection) by extension 'colcon_pkg'
[0.390s] Level 1:colcon.colcon_core.package_identification:_identify(ros2/src/py/pointcloud_plane_detection) by extensions ['colcon_meta']
[0.390s] Level 1:colcon.colcon_core.package_identification:_identify(ros2/src/py/pointcloud_plane_detection) by extension 'colcon_meta'
[0.390s] Level 1:colcon.colcon_core.package_identification:_identify(ros2/src/py/pointcloud_plane_detection) by extensions ['ros']
[0.390s] Level 1:colcon.colcon_core.package_identification:_identify(ros2/src/py/pointcloud_plane_detection) by extension 'ros'
[0.391s] DEBUG:colcon.colcon_core.package_identification:Package 'ros2/src/py/pointcloud_plane_detection' with type 'ros.ament_python' and name 'pointcloud_plane_detection'
[0.391s] Level 1:colcon.colcon_core.package_identification:_identify(ros2/src/py/pointcloud_publisher) by extensions ['ignore', 'ignore_ament_install']
[0.391s] Level 1:colcon.colcon_core.package_identification:_identify(ros2/src/py/pointcloud_publisher) by extension 'ignore'
[0.391s] Level 1:colcon.colcon_core.package_identification:_identify(ros2/src/py/pointcloud_publisher) by extension 'ignore_ament_install'
[0.391s] Level 1:colcon.colcon_core.package_identification:_identify(ros2/src/py/pointcloud_publisher) by extensions ['colcon_pkg']
[0.391s] Level 1:colcon.colcon_core.package_identification:_identify(ros2/src/py/pointcloud_publisher) by extension 'colcon_pkg'
[0.392s] Level 1:colcon.colcon_core.package_identification:_identify(ros2/src/py/pointcloud_publisher) by extensions ['colcon_meta']
[0.392s] Level 1:colcon.colcon_core.package_identification:_identify(ros2/src/py/pointcloud_publisher) by extension 'colcon_meta'
[0.392s] Level 1:colcon.colcon_core.package_identification:_identify(ros2/src/py/pointcloud_publisher) by extensions ['ros']
[0.392s] Level 1:colcon.colcon_core.package_identification:_identify(ros2/src/py/pointcloud_publisher) by extension 'ros'
[0.392s] DEBUG:colcon.colcon_core.package_identification:Package 'ros2/src/py/pointcloud_publisher' with type 'ros.ament_python' and name 'pointcloud_publisher'
[0.392s] Level 1:colcon.colcon_core.package_discovery:discover_packages(recursive) using defaults
[0.392s] Level 1:colcon.colcon_core.package_discovery:discover_packages(ignore) discover
[0.392s] Level 1:colcon.colcon_core.package_discovery:discover_packages(ignore) using defaults
[0.392s] Level 1:colcon.colcon_core.package_discovery:discover_packages(path) discover
[0.392s] Level 1:colcon.colcon_core.package_discovery:discover_packages(path) using defaults
[0.407s] Level 1:colcon.colcon_core.package_discovery:discover_packages(prefix_path) check parameters
[0.408s] Level 1:colcon.colcon_core.package_discovery:discover_packages(prefix_path) discover
[0.410s] DEBUG:colcon.colcon_installed_package_information.package_discovery:Found 266 installed packages in /opt/ros/foxy
[0.411s] Level 1:colcon.colcon_core.package_discovery:discover_packages(prefix_path) using defaults
[0.447s] Level 5:colcon.colcon_core.verb:set package 'cpp' build argument 'cmake_args' from command line to 'None'
[0.447s] Level 5:colcon.colcon_core.verb:set package 'cpp' build argument 'cmake_target' from command line to 'None'
[0.447s] Level 5:colcon.colcon_core.verb:set package 'cpp' build argument 'cmake_target_skip_unavailable' from command line to 'False'
[0.447s] Level 5:colcon.colcon_core.verb:set package 'cpp' build argument 'cmake_clean_cache' from command line to 'False'
[0.447s] Level 5:colcon.colcon_core.verb:set package 'cpp' build argument 'cmake_clean_first' from command line to 'False'
[0.447s] Level 5:colcon.colcon_core.verb:set package 'cpp' build argument 'cmake_force_configure' from command line to 'False'
[0.447s] Level 5:colcon.colcon_core.verb:set package 'cpp' build argument 'ament_cmake_args' from command line to 'None'
[0.447s] Level 5:colcon.colcon_core.verb:set package 'cpp' build argument 'catkin_cmake_args' from command line to 'None'
[0.447s] Level 5:colcon.colcon_core.verb:set package 'cpp' build argument 'catkin_skip_building_tests' from command line to 'False'
[0.448s] DEBUG:colcon.colcon_core.verb:Building package 'cpp' with the following arguments: {'ament_cmake_args': None, 'build_base': '/home/airsim_user/Downloads/Landing-Assist-Module-LAM/build/cpp', 'catkin_cmake_args': None, 'catkin_skip_building_tests': False, 'cmake_args': None, 'cmake_clean_cache': False, 'cmake_clean_first': False, 'cmake_force_configure': False, 'cmake_target': None, 'cmake_target_skip_unavailable': False, 'install_base': '/home/airsim_user/Downloads/Landing-Assist-Module-LAM/install/cpp', 'merge_install': False, 'path': '/home/airsim_user/Downloads/Landing-Assist-Module-LAM/ros2/src/cpp', 'symlink_install': False, 'test_result_base': None}
[0.448s] Level 5:colcon.colcon_core.verb:set package 'octomap_ros' build argument 'cmake_args' from command line to 'None'
[0.448s] Level 5:colcon.colcon_core.verb:set package 'octomap_ros' build argument 'cmake_target' from command line to 'None'
[0.448s] Level 5:colcon.colcon_core.verb:set package 'octomap_ros' build argument 'cmake_target_skip_unavailable' from command line to 'False'
[0.448s] Level 5:colcon.colcon_core.verb:set package 'octomap_ros' build argument 'cmake_clean_cache' from command line to 'False'
[0.448s] Level 5:colcon.colcon_core.verb:set package 'octomap_ros' build argument 'cmake_clean_first' from command line to 'False'
[0.448s] Level 5:colcon.colcon_core.verb:set package 'octomap_ros' build argument 'cmake_force_configure' from command line to 'False'
[0.448s] Level 5:colcon.colcon_core.verb:set package 'octomap_ros' build argument 'ament_cmake_args' from command line to 'None'
[0.448s] Level 5:colcon.colcon_core.verb:set package 'octomap_ros' build argument 'catkin_cmake_args' from command line to 'None'
[0.448s] Level 5:colcon.colcon_core.verb:set package 'octomap_ros' build argument 'catkin_skip_building_tests' from command line to 'False'
[0.448s] DEBUG:colcon.colcon_core.verb:Building package 'octomap_ros' with the following arguments: {'ament_cmake_args': None, 'build_base': '/home/airsim_user/Downloads/Landing-Assist-Module-LAM/build/octomap_ros', 'catkin_cmake_args': None, 'catkin_skip_building_tests': False, 'cmake_args': None, 'cmake_clean_cache': False, 'cmake_clean_first': False, 'cmake_force_configure': False, 'cmake_target': None, 'cmake_target_skip_unavailable': False, 'install_base': '/home/airsim_user/Downloads/Landing-Assist-Module-LAM/install/octomap_ros', 'merge_install': False, 'path': '/home/airsim_user/Downloads/Landing-Assist-Module-LAM/ros2/src/OctoMap-ROS2/octomap_ros', 'symlink_install': False, 'test_result_base': None}
[0.448s] Level 5:colcon.colcon_core.verb:set package 'pointcloud_plane_detection' build argument 'cmake_args' from command line to 'None'
[0.448s] Level 5:colcon.colcon_core.verb:set package 'pointcloud_plane_detection' build argument 'cmake_target' from command line to 'None'
[0.448s] Level 5:colcon.colcon_core.verb:set package 'pointcloud_plane_detection' build argument 'cmake_target_skip_unavailable' from command line to 'False'
[0.448s] Level 5:colcon.colcon_core.verb:set package 'pointcloud_plane_detection' build argument 'cmake_clean_cache' from command line to 'False'
[0.448s] Level 5:colcon.colcon_core.verb:set package 'pointcloud_plane_detection' build argument 'cmake_clean_first' from command line to 'False'
[0.448s] Level 5:colcon.colcon_core.verb:set package 'pointcloud_plane_detection' build argument 'cmake_force_configure' from command line to 'False'
[0.448s] Level 5:colcon.colcon_core.verb:set package 'pointcloud_plane_detection' build argument 'ament_cmake_args' from command line to 'None'
[0.448s] Level 5:colcon.colcon_core.verb:set package 'pointcloud_plane_detection' build argument 'catkin_cmake_args' from command line to 'None'
[0.448s] Level 5:colcon.colcon_core.verb:set package 'pointcloud_plane_detection' build argument 'catkin_skip_building_tests' from command line to 'False'
[0.448s] DEBUG:colcon.colcon_core.verb:Building package 'pointcloud_plane_detection' with the following arguments: {'ament_cmake_args': None, 'build_base': '/home/airsim_user/Downloads/Landing-Assist-Module-LAM/build/pointcloud_plane_detection', 'catkin_cmake_args': None, 'catkin_skip_building_tests': False, 'cmake_args': None, 'cmake_clean_cache': False, 'cmake_clean_first': False, 'cmake_force_configure': False, 'cmake_target': None, 'cmake_target_skip_unavailable': False, 'install_base': '/home/airsim_user/Downloads/Landing-Assist-Module-LAM/install/pointcloud_plane_detection', 'merge_install': False, 'path': '/home/airsim_user/Downloads/Landing-Assist-Module-LAM/ros2/src/py/pointcloud_plane_detection', 'symlink_install': False, 'test_result_base': None}
[0.449s] Level 5:colcon.colcon_core.verb:set package 'pointcloud_publisher' build argument 'cmake_args' from command line to 'None'
[0.449s] Level 5:colcon.colcon_core.verb:set package 'pointcloud_publisher' build argument 'cmake_target' from command line to 'None'
[0.449s] Level 5:colcon.colcon_core.verb:set package 'pointcloud_publisher' build argument 'cmake_target_skip_unavailable' from command line to 'False'
[0.449s] Level 5:colcon.colcon_core.verb:set package 'pointcloud_publisher' build argument 'cmake_clean_cache' from command line to 'False'
[0.449s] Level 5:colcon.colcon_core.verb:set package 'pointcloud_publisher' build argument 'cmake_clean_first' from command line to 'False'
[0.449s] Level 5:colcon.colcon_core.verb:set package 'pointcloud_publisher' build argument 'cmake_force_configure' from command line to 'False'
[0.449s] Level 5:colcon.colcon_core.verb:set package 'pointcloud_publisher' build argument 'ament_cmake_args' from command line to 'None'
[0.449s] Level 5:colcon.colcon_core.verb:set package 'pointcloud_publisher' build argument 'catkin_cmake_args' from command line to 'None'
[0.449s] Level 5:colcon.colcon_core.verb:set package 'pointcloud_publisher' build argument 'catkin_skip_building_tests' from command line to 'False'
[0.449s] DEBUG:colcon.colcon_core.verb:Building package 'pointcloud_publisher' with the following arguments: {'ament_cmake_args': None, 'build_base': '/home/airsim_user/Downloads/Landing-Assist-Module-LAM/build/pointcloud_publisher', 'catkin_cmake_args': None, 'catkin_skip_building_tests': False, 'cmake_args': None, 'cmake_clean_cache': False, 'cmake_clean_first': False, 'cmake_force_configure': False, 'cmake_target': None, 'cmake_target_skip_unavailable': False, 'install_base': '/home/airsim_user/Downloads/Landing-Assist-Module-LAM/install/pointcloud_publisher', 'merge_install': False, 'path': '/home/airsim_user/Downloads/Landing-Assist-Module-LAM/ros2/src/py/pointcloud_publisher', 'symlink_install': False, 'test_result_base': None}
[0.449s] INFO:colcon.colcon_core.executor:Executing jobs using 'parallel' executor
[0.450s] DEBUG:colcon.colcon_parallel_executor.executor.parallel:run_until_complete
[0.450s] INFO:colcon.colcon_cmake.task.cmake.build:Building CMake package in '/home/airsim_user/Downloads/Landing-Assist-Module-LAM/ros2/src/cpp'
[0.452s] INFO:colcon.colcon_core.plugin_system:Skipping extension 'colcon_core.shell.bat': Not used on non-Windows systems
[0.452s] INFO:colcon.colcon_core.shell:Skip shell extension 'powershell' for command environment: Not usable outside of PowerShell
[0.452s] DEBUG:colcon.colcon_core.shell:Skip shell extension 'dsv' for command environment
[0.457s] INFO:colcon.colcon_ros.task.ament_cmake.build:Building ROS package in '/home/airsim_user/Downloads/Landing-Assist-Module-LAM/ros2/src/OctoMap-ROS2/octomap_ros' with build type 'ament_cmake'
[0.458s] INFO:colcon.colcon_cmake.task.cmake.build:Building CMake package in '/home/airsim_user/Downloads/Landing-Assist-Module-LAM/ros2/src/OctoMap-ROS2/octomap_ros'
[0.458s] INFO:colcon.colcon_core.shell:Skip shell extension 'powershell' for command environment: Not usable outside of PowerShell
[0.459s] DEBUG:colcon.colcon_core.shell:Skip shell extension 'dsv' for command environment
[0.466s] INFO:colcon.colcon_ros.task.ament_python.build:Building ROS package in '/home/airsim_user/Downloads/Landing-Assist-Module-LAM/ros2/src/py/pointcloud_plane_detection' with build type 'ament_python'
[0.467s] Level 1:colcon.colcon_core.shell:create_environment_hook('pointcloud_plane_detection', 'ament_prefix_path')
[0.468s] INFO:colcon.colcon_core.shell:Creating environment hook '/home/airsim_user/Downloads/Landing-Assist-Module-LAM/install/pointcloud_plane_detection/share/pointcloud_plane_detection/hook/ament_prefix_path.ps1'
[0.468s] INFO:colcon.colcon_core.shell:Creating environment descriptor '/home/airsim_user/Downloads/Landing-Assist-Module-LAM/install/pointcloud_plane_detection/share/pointcloud_plane_detection/hook/ament_prefix_path.dsv'
[0.469s] INFO:colcon.colcon_core.shell:Creating environment hook '/home/airsim_user/Downloads/Landing-Assist-Module-LAM/install/pointcloud_plane_detection/share/pointcloud_plane_detection/hook/ament_prefix_path.sh'
[0.469s] INFO:colcon.colcon_core.shell:Skip shell extension 'powershell' for command environment: Not usable outside of PowerShell
[0.469s] DEBUG:colcon.colcon_core.shell:Skip shell extension 'dsv' for command environment
[0.473s] INFO:colcon.colcon_ros.task.ament_python.build:Building ROS package in '/home/airsim_user/Downloads/Landing-Assist-Module-LAM/ros2/src/py/pointcloud_publisher' with build type 'ament_python'
[0.474s] Level 1:colcon.colcon_core.shell:create_environment_hook('pointcloud_publisher', 'ament_prefix_path')
[0.474s] INFO:colcon.colcon_core.shell:Creating environment hook '/home/airsim_user/Downloads/Landing-Assist-Module-LAM/install/pointcloud_publisher/share/pointcloud_publisher/hook/ament_prefix_path.ps1'
[0.475s] INFO:colcon.colcon_core.shell:Creating environment descriptor '/home/airsim_user/Downloads/Landing-Assist-Module-LAM/install/pointcloud_publisher/share/pointcloud_publisher/hook/ament_prefix_path.dsv'
[0.475s] INFO:colcon.colcon_core.shell:Creating environment hook '/home/airsim_user/Downloads/Landing-Assist-Module-LAM/install/pointcloud_publisher/share/pointcloud_publisher/hook/ament_prefix_path.sh'
[0.476s] INFO:colcon.colcon_core.shell:Skip shell extension 'powershell' for command environment: Not usable outside of PowerShell
[0.476s] DEBUG:colcon.colcon_core.shell:Skip shell extension 'dsv' for command environment
[0.488s] DEBUG:colcon.colcon_core.event_handler.log_command:Invoking command in '/home/airsim_user/Downloads/Landing-Assist-Module-LAM/build/cpp': /usr/bin/cmake --build /home/airsim_user/Downloads/Landing-Assist-Module-LAM/build/cpp -- -j16 -l16
[0.493s] DEBUG:colcon.colcon_core.event_handler.log_command:Invoking command in '/home/airsim_user/Downloads/Landing-Assist-Module-LAM/build/octomap_ros': CMAKE_PREFIX_PATH=/opt/ros/foxy /usr/bin/cmake --build /home/airsim_user/Downloads/Landing-Assist-Module-LAM/build/octomap_ros -- -j16 -l16
[0.654s] INFO:colcon.colcon_core.task.python.build:Building Python package in '/home/airsim_user/Downloads/Landing-Assist-Module-LAM/ros2/src/py/pointcloud_plane_detection'
[0.655s] INFO:colcon.colcon_core.shell:Skip shell extension 'powershell' for command environment: Not usable outside of PowerShell
[0.655s] DEBUG:colcon.colcon_core.shell:Skip shell extension 'dsv' for command environment
[0.829s] INFO:colcon.colcon_core.task.python.build:Building Python package in '/home/airsim_user/Downloads/Landing-Assist-Module-LAM/ros2/src/py/pointcloud_publisher'
[0.830s] INFO:colcon.colcon_core.shell:Skip shell extension 'powershell' for command environment: Not usable outside of PowerShell
[0.830s] DEBUG:colcon.colcon_core.shell:Skip shell extension 'dsv' for command environment
[0.837s] DEBUG:colcon.colcon_core.event_handler.log_command:Invoked command in '/home/airsim_user/Downloads/Landing-Assist-Module-LAM/build/cpp' returned '0': /usr/bin/cmake --build /home/airsim_user/Downloads/Landing-Assist-Module-LAM/build/cpp -- -j16 -l16
[0.838s] DEBUG:colcon.colcon_core.event_handler.log_command:Invoked command in '/home/airsim_user/Downloads/Landing-Assist-Module-LAM/build/octomap_ros' returned '0': CMAKE_PREFIX_PATH=/opt/ros/foxy /usr/bin/cmake --build /home/airsim_user/Downloads/Landing-Assist-Module-LAM/build/octomap_ros -- -j16 -l16
[0.854s] WARNING:colcon.colcon_cmake.task.cmake.build:Could not run installation step for package 'cpp' because it has no 'install' target
[0.854s] Level 1:colcon.colcon_core.environment:create_environment_scripts_only(cpp)
[0.856s] Level 1:colcon.colcon_core.environment:checking '/home/airsim_user/Downloads/Landing-Assist-Module-LAM/install/cpp' for CMake module files
[0.856s] Level 1:colcon.colcon_core.environment:checking '/home/airsim_user/Downloads/Landing-Assist-Module-LAM/install/cpp' for CMake config files
[0.857s] Level 1:colcon.colcon_core.environment:checking '/home/airsim_user/Downloads/Landing-Assist-Module-LAM/install/cpp/bin'
[0.857s] Level 1:colcon.colcon_core.environment:checking '/home/airsim_user/Downloads/Landing-Assist-Module-LAM/install/cpp/lib/pkgconfig/cpp.pc'
[0.857s] Level 1:colcon.colcon_core.environment:checking '/home/airsim_user/Downloads/Landing-Assist-Module-LAM/install/cpp/lib/python3.8/site-packages'
[0.857s] Level 1:colcon.colcon_core.environment:checking '/home/airsim_user/Downloads/Landing-Assist-Module-LAM/install/cpp/bin'
[0.857s] INFO:colcon.colcon_core.shell:Creating package script '/home/airsim_user/Downloads/Landing-Assist-Module-LAM/install/cpp/share/cpp/package.ps1'
[0.858s] INFO:colcon.colcon_core.shell:Creating package descriptor '/home/airsim_user/Downloads/Landing-Assist-Module-LAM/install/cpp/share/cpp/package.dsv'
[0.858s] INFO:colcon.colcon_core.shell:Creating package script '/home/airsim_user/Downloads/Landing-Assist-Module-LAM/install/cpp/share/cpp/package.sh'
[0.859s] INFO:colcon.colcon_core.shell:Creating package script '/home/airsim_user/Downloads/Landing-Assist-Module-LAM/install/cpp/share/cpp/package.bash'
[0.859s] INFO:colcon.colcon_core.shell:Creating package script '/home/airsim_user/Downloads/Landing-Assist-Module-LAM/install/cpp/share/cpp/package.zsh'
[0.859s] Level 1:colcon.colcon_core.environment:create_file_with_runtime_dependencies(/home/airsim_user/Downloads/Landing-Assist-Module-LAM/install/cpp/share/colcon-core/packages/cpp)
[0.882s] DEBUG:colcon.colcon_core.event_handler.log_command:Invoking command in '/home/airsim_user/Downloads/Landing-Assist-Module-LAM/build/octomap_ros': CMAKE_PREFIX_PATH=/opt/ros/foxy /usr/bin/cmake --install /home/airsim_user/Downloads/Landing-Assist-Module-LAM/build/octomap_ros
[0.897s] Level 1:colcon.colcon_core.environment:create_environment_scripts_only(octomap_ros)
[0.897s] Level 1:colcon.colcon_core.environment:checking '/home/airsim_user/Downloads/Landing-Assist-Module-LAM/install/octomap_ros' for CMake module files
[0.898s] DEBUG:colcon.colcon_core.event_handler.log_command:Invoked command in '/home/airsim_user/Downloads/Landing-Assist-Module-LAM/build/octomap_ros' returned '0': CMAKE_PREFIX_PATH=/opt/ros/foxy /usr/bin/cmake --install /home/airsim_user/Downloads/Landing-Assist-Module-LAM/build/octomap_ros
[0.898s] Level 1:colcon.colcon_core.environment:checking '/home/airsim_user/Downloads/Landing-Assist-Module-LAM/install/octomap_ros' for CMake config files
[0.899s] Level 1:colcon.colcon_core.shell:create_environment_hook('octomap_ros', 'cmake_prefix_path')
[0.899s] INFO:colcon.colcon_core.shell:Creating environment hook '/home/airsim_user/Downloads/Landing-Assist-Module-LAM/install/octomap_ros/share/octomap_ros/hook/cmake_prefix_path.ps1'
[0.900s] INFO:colcon.colcon_core.shell:Creating environment descriptor '/home/airsim_user/Downloads/Landing-Assist-Module-LAM/install/octomap_ros/share/octomap_ros/hook/cmake_prefix_path.dsv'
[0.900s] INFO:colcon.colcon_core.shell:Creating environment hook '/home/airsim_user/Downloads/Landing-Assist-Module-LAM/install/octomap_ros/share/octomap_ros/hook/cmake_prefix_path.sh'
[0.901s] Level 1:colcon.colcon_core.environment:checking '/home/airsim_user/Downloads/Landing-Assist-Module-LAM/install/octomap_ros/lib'
[0.901s] Level 1:colcon.colcon_core.shell:create_environment_hook('octomap_ros', 'ld_library_path_lib')
[0.902s] INFO:colcon.colcon_core.shell:Creating environment hook '/home/airsim_user/Downloads/Landing-Assist-Module-LAM/install/octomap_ros/share/octomap_ros/hook/ld_library_path_lib.ps1'
[0.902s] INFO:colcon.colcon_core.shell:Creating environment descriptor '/home/airsim_user/Downloads/Landing-Assist-Module-LAM/install/octomap_ros/share/octomap_ros/hook/ld_library_path_lib.dsv'
[0.902s] INFO:colcon.colcon_core.shell:Creating environment hook '/home/airsim_user/Downloads/Landing-Assist-Module-LAM/install/octomap_ros/share/octomap_ros/hook/ld_library_path_lib.sh'
[0.903s] Level 1:colcon.colcon_core.environment:checking '/home/airsim_user/Downloads/Landing-Assist-Module-LAM/install/octomap_ros/bin'
[0.903s] Level 1:colcon.colcon_core.environment:checking '/home/airsim_user/Downloads/Landing-Assist-Module-LAM/install/octomap_ros/lib/pkgconfig/octomap_ros.pc'
[0.903s] Level 1:colcon.colcon_core.environment:checking '/home/airsim_user/Downloads/Landing-Assist-Module-LAM/install/octomap_ros/lib/python3.8/site-packages'
[0.904s] Level 1:colcon.colcon_core.environment:checking '/home/airsim_user/Downloads/Landing-Assist-Module-LAM/install/octomap_ros/bin'
[0.904s] INFO:colcon.colcon_core.shell:Creating package script '/home/airsim_user/Downloads/Landing-Assist-Module-LAM/install/octomap_ros/share/octomap_ros/package.ps1'
[0.905s] INFO:colcon.colcon_core.shell:Creating package descriptor '/home/airsim_user/Downloads/Landing-Assist-Module-LAM/install/octomap_ros/share/octomap_ros/package.dsv'
[0.905s] INFO:colcon.colcon_core.shell:Creating package script '/home/airsim_user/Downloads/Landing-Assist-Module-LAM/install/octomap_ros/share/octomap_ros/package.sh'
[0.906s] INFO:colcon.colcon_core.shell:Creating package script '/home/airsim_user/Downloads/Landing-Assist-Module-LAM/install/octomap_ros/share/octomap_ros/package.bash'
[0.906s] INFO:colcon.colcon_core.shell:Creating package script '/home/airsim_user/Downloads/Landing-Assist-Module-LAM/install/octomap_ros/share/octomap_ros/package.zsh'
[0.906s] Level 1:colcon.colcon_core.environment:create_file_with_runtime_dependencies(/home/airsim_user/Downloads/Landing-Assist-Module-LAM/install/octomap_ros/share/colcon-core/packages/octomap_ros)
[0.951s] Level 1:colcon.colcon_core.environment:create_environment_scripts_only(octomap_ros)
[0.952s] Level 1:colcon.colcon_core.environment:checking '/home/airsim_user/Downloads/Landing-Assist-Module-LAM/install/octomap_ros' for CMake module files
[0.953s] Level 1:colcon.colcon_core.environment:checking '/home/airsim_user/Downloads/Landing-Assist-Module-LAM/install/octomap_ros' for CMake config files
[0.953s] Level 1:colcon.colcon_core.shell:create_environment_hook('octomap_ros', 'cmake_prefix_path')
[0.953s] INFO:colcon.colcon_core.shell:Creating environment hook '/home/airsim_user/Downloads/Landing-Assist-Module-LAM/install/octomap_ros/share/octomap_ros/hook/cmake_prefix_path.ps1'
[0.954s] INFO:colcon.colcon_core.shell:Creating environment descriptor '/home/airsim_user/Downloads/Landing-Assist-Module-LAM/install/octomap_ros/share/octomap_ros/hook/cmake_prefix_path.dsv'
[0.954s] INFO:colcon.colcon_core.shell:Creating environment hook '/home/airsim_user/Downloads/Landing-Assist-Module-LAM/install/octomap_ros/share/octomap_ros/hook/cmake_prefix_path.sh'
[0.954s] Level 1:colcon.colcon_core.environment:checking '/home/airsim_user/Downloads/Landing-Assist-Module-LAM/install/octomap_ros/lib'
[0.955s] Level 1:colcon.colcon_core.shell:create_environment_hook('octomap_ros', 'ld_library_path_lib')
[0.955s] INFO:colcon.colcon_core.shell:Creating environment hook '/home/airsim_user/Downloads/Landing-Assist-Module-LAM/install/octomap_ros/share/octomap_ros/hook/ld_library_path_lib.ps1'
[0.955s] INFO:colcon.colcon_core.shell:Creating environment descriptor '/home/airsim_user/Downloads/Landing-Assist-Module-LAM/install/octomap_ros/share/octomap_ros/hook/ld_library_path_lib.dsv'
[0.955s] INFO:colcon.colcon_core.shell:Creating environment hook '/home/airsim_user/Downloads/Landing-Assist-Module-LAM/install/octomap_ros/share/octomap_ros/hook/ld_library_path_lib.sh'
[0.956s] Level 1:colcon.colcon_core.environment:checking '/home/airsim_user/Downloads/Landing-Assist-Module-LAM/install/octomap_ros/bin'
[0.956s] Level 1:colcon.colcon_core.environment:checking '/home/airsim_user/Downloads/Landing-Assist-Module-LAM/install/octomap_ros/lib/pkgconfig/octomap_ros.pc'
[0.956s] Level 1:colcon.colcon_core.environment:checking '/home/airsim_user/Downloads/Landing-Assist-Module-LAM/install/octomap_ros/lib/python3.8/site-packages'
[0.956s] Level 1:colcon.colcon_core.environment:checking '/home/airsim_user/Downloads/Landing-Assist-Module-LAM/install/octomap_ros/bin'
[0.957s] INFO:colcon.colcon_core.shell:Creating package script '/home/airsim_user/Downloads/Landing-Assist-Module-LAM/install/octomap_ros/share/octomap_ros/package.ps1'
[0.957s] INFO:colcon.colcon_core.shell:Creating package descriptor '/home/airsim_user/Downloads/Landing-Assist-Module-LAM/install/octomap_ros/share/octomap_ros/package.dsv'
[0.958s] INFO:colcon.colcon_core.shell:Creating package script '/home/airsim_user/Downloads/Landing-Assist-Module-LAM/install/octomap_ros/share/octomap_ros/package.sh'
[0.958s] INFO:colcon.colcon_core.shell:Creating package script '/home/airsim_user/Downloads/Landing-Assist-Module-LAM/install/octomap_ros/share/octomap_ros/package.bash'
[0.958s] INFO:colcon.colcon_core.shell:Creating package script '/home/airsim_user/Downloads/Landing-Assist-Module-LAM/install/octomap_ros/share/octomap_ros/package.zsh'
[0.959s] Level 1:colcon.colcon_core.environment:create_file_with_runtime_dependencies(/home/airsim_user/Downloads/Landing-Assist-Module-LAM/install/octomap_ros/share/colcon-core/packages/octomap_ros)
[1.350s] DEBUG:colcon.colcon_core.event_handler.log_command:Invoking command in '/home/airsim_user/Downloads/Landing-Assist-Module-LAM/ros2/src/py/pointcloud_plane_detection': PYTHONPATH=/home/airsim_user/Downloads/Landing-Assist-Module-LAM/build/pointcloud_plane_detection/prefix_override:/usr/lib/python3/dist-packages/colcon_core/task/python/colcon_distutils_commands:/home/airsim_user/Downloads/Landing-Assist-Module-LAM/install/pointcloud_plane_detection/lib/python3.8/site-packages:${PYTHONPATH} /usr/bin/python3 -W ignore:setup.py install is deprecated setup.py egg_info --egg-base ../../../../build/pointcloud_plane_detection build --build-base /home/airsim_user/Downloads/Landing-Assist-Module-LAM/build/pointcloud_plane_detection/build install --record /home/airsim_user/Downloads/Landing-Assist-Module-LAM/build/pointcloud_plane_detection/install.log --install-scripts $base/lib/pointcloud_plane_detection --single-version-externally-managed install_data
[1.358s] DEBUG:colcon.colcon_core.event_handler.log_command:Invoking command in '/home/airsim_user/Downloads/Landing-Assist-Module-LAM/ros2/src/py/pointcloud_publisher': PYTHONPATH=/home/airsim_user/Downloads/Landing-Assist-Module-LAM/build/pointcloud_publisher/prefix_override:/usr/lib/python3/dist-packages/colcon_core/task/python/colcon_distutils_commands:/home/airsim_user/Downloads/Landing-Assist-Module-LAM/install/pointcloud_publisher/lib/python3.8/site-packages:${PYTHONPATH} /usr/bin/python3 -W ignore:setup.py install is deprecated setup.py egg_info --egg-base ../../../../build/pointcloud_publisher build --build-base /home/airsim_user/Downloads/Landing-Assist-Module-LAM/build/pointcloud_publisher/build install --record /home/airsim_user/Downloads/Landing-Assist-Module-LAM/build/pointcloud_publisher/install.log --single-version-externally-managed install_data
[1.738s] Level 1:colcon.colcon_core.environment:checking '/home/airsim_user/Downloads/Landing-Assist-Module-LAM/install/pointcloud_plane_detection' for CMake module files
[1.739s] DEBUG:colcon.colcon_core.event_handler.log_command:Invoked command in '/home/airsim_user/Downloads/Landing-Assist-Module-LAM/ros2/src/py/pointcloud_plane_detection' returned '0': PYTHONPATH=/home/airsim_user/Downloads/Landing-Assist-Module-LAM/build/pointcloud_plane_detection/prefix_override:/usr/lib/python3/dist-packages/colcon_core/task/python/colcon_distutils_commands:/home/airsim_user/Downloads/Landing-Assist-Module-LAM/install/pointcloud_plane_detection/lib/python3.8/site-packages:${PYTHONPATH} /usr/bin/python3 -W ignore:setup.py install is deprecated setup.py egg_info --egg-base ../../../../build/pointcloud_plane_detection build --build-base /home/airsim_user/Downloads/Landing-Assist-Module-LAM/build/pointcloud_plane_detection/build install --record /home/airsim_user/Downloads/Landing-Assist-Module-LAM/build/pointcloud_plane_detection/install.log --install-scripts $base/lib/pointcloud_plane_detection --single-version-externally-managed install_data
[1.739s] Level 1:colcon.colcon_core.environment:checking '/home/airsim_user/Downloads/Landing-Assist-Module-LAM/install/pointcloud_plane_detection' for CMake config files
[1.740s] Level 1:colcon.colcon_core.environment:checking '/home/airsim_user/Downloads/Landing-Assist-Module-LAM/install/pointcloud_plane_detection/lib'
[1.740s] Level 1:colcon.colcon_core.environment:checking '/home/airsim_user/Downloads/Landing-Assist-Module-LAM/install/pointcloud_plane_detection/bin'
[1.740s] Level 1:colcon.colcon_core.environment:checking '/home/airsim_user/Downloads/Landing-Assist-Module-LAM/install/pointcloud_plane_detection/lib/pkgconfig/pointcloud_plane_detection.pc'
[1.741s] Level 1:colcon.colcon_core.environment:checking '/home/airsim_user/Downloads/Landing-Assist-Module-LAM/install/pointcloud_plane_detection/lib/python3.8/site-packages'
[1.741s] Level 1:colcon.colcon_core.shell:create_environment_hook('pointcloud_plane_detection', 'pythonpath')
[1.741s] INFO:colcon.colcon_core.shell:Creating environment hook '/home/airsim_user/Downloads/Landing-Assist-Module-LAM/install/pointcloud_plane_detection/share/pointcloud_plane_detection/hook/pythonpath.ps1'
[1.742s] INFO:colcon.colcon_core.shell:Creating environment descriptor '/home/airsim_user/Downloads/Landing-Assist-Module-LAM/install/pointcloud_plane_detection/share/pointcloud_plane_detection/hook/pythonpath.dsv'
[1.743s] INFO:colcon.colcon_core.shell:Creating environment hook '/home/airsim_user/Downloads/Landing-Assist-Module-LAM/install/pointcloud_plane_detection/share/pointcloud_plane_detection/hook/pythonpath.sh'
[1.744s] Level 1:colcon.colcon_core.environment:checking '/home/airsim_user/Downloads/Landing-Assist-Module-LAM/install/pointcloud_plane_detection/bin'
[1.744s] Level 1:colcon.colcon_core.environment:create_environment_scripts_only(pointcloud_plane_detection)
[1.744s] INFO:colcon.colcon_core.shell:Creating package script '/home/airsim_user/Downloads/Landing-Assist-Module-LAM/install/pointcloud_plane_detection/share/pointcloud_plane_detection/package.ps1'
[1.745s] INFO:colcon.colcon_core.shell:Creating package descriptor '/home/airsim_user/Downloads/Landing-Assist-Module-LAM/install/pointcloud_plane_detection/share/pointcloud_plane_detection/package.dsv'
[1.747s] INFO:colcon.colcon_core.shell:Creating package script '/home/airsim_user/Downloads/Landing-Assist-Module-LAM/install/pointcloud_plane_detection/share/pointcloud_plane_detection/package.sh'
[1.747s] INFO:colcon.colcon_core.shell:Creating package script '/home/airsim_user/Downloads/Landing-Assist-Module-LAM/install/pointcloud_plane_detection/share/pointcloud_plane_detection/package.bash'
[1.747s] INFO:colcon.colcon_core.shell:Creating package script '/home/airsim_user/Downloads/Landing-Assist-Module-LAM/install/pointcloud_plane_detection/share/pointcloud_plane_detection/package.zsh'
[1.747s] Level 1:colcon.colcon_core.environment:create_file_with_runtime_dependencies(/home/airsim_user/Downloads/Landing-Assist-Module-LAM/install/pointcloud_plane_detection/share/colcon-core/packages/pointcloud_plane_detection)
[1.758s] Level 1:colcon.colcon_core.environment:checking '/home/airsim_user/Downloads/Landing-Assist-Module-LAM/install/pointcloud_publisher' for CMake module files
[1.758s] DEBUG:colcon.colcon_core.event_handler.log_command:Invoked command in '/home/airsim_user/Downloads/Landing-Assist-Module-LAM/ros2/src/py/pointcloud_publisher' returned '0': PYTHONPATH=/home/airsim_user/Downloads/Landing-Assist-Module-LAM/build/pointcloud_publisher/prefix_override:/usr/lib/python3/dist-packages/colcon_core/task/python/colcon_distutils_commands:/home/airsim_user/Downloads/Landing-Assist-Module-LAM/install/pointcloud_publisher/lib/python3.8/site-packages:${PYTHONPATH} /usr/bin/python3 -W ignore:setup.py install is deprecated setup.py egg_info --egg-base ../../../../build/pointcloud_publisher build --build-base /home/airsim_user/Downloads/Landing-Assist-Module-LAM/build/pointcloud_publisher/build install --record /home/airsim_user/Downloads/Landing-Assist-Module-LAM/build/pointcloud_publisher/install.log --single-version-externally-managed install_data
[1.758s] Level 1:colcon.colcon_core.environment:checking '/home/airsim_user/Downloads/Landing-Assist-Module-LAM/install/pointcloud_publisher' for CMake config files
[1.759s] Level 1:colcon.colcon_core.environment:checking '/home/airsim_user/Downloads/Landing-Assist-Module-LAM/install/pointcloud_publisher/lib'
[1.759s] Level 1:colcon.colcon_core.environment:checking '/home/airsim_user/Downloads/Landing-Assist-Module-LAM/install/pointcloud_publisher/bin'
[1.759s] Level 1:colcon.colcon_core.environment:checking '/home/airsim_user/Downloads/Landing-Assist-Module-LAM/install/pointcloud_publisher/lib/pkgconfig/pointcloud_publisher.pc'
[1.759s] Level 1:colcon.colcon_core.environment:checking '/home/airsim_user/Downloads/Landing-Assist-Module-LAM/install/pointcloud_publisher/lib/python3.8/site-packages'
[1.759s] Level 1:colcon.colcon_core.shell:create_environment_hook('pointcloud_publisher', 'pythonpath')
[1.759s] INFO:colcon.colcon_core.shell:Creating environment hook '/home/airsim_user/Downloads/Landing-Assist-Module-LAM/install/pointcloud_publisher/share/pointcloud_publisher/hook/pythonpath.ps1'
[1.760s] INFO:colcon.colcon_core.shell:Creating environment descriptor '/home/airsim_user/Downloads/Landing-Assist-Module-LAM/install/pointcloud_publisher/share/pointcloud_publisher/hook/pythonpath.dsv'
[1.760s] INFO:colcon.colcon_core.shell:Creating environment hook '/home/airsim_user/Downloads/Landing-Assist-Module-LAM/install/pointcloud_publisher/share/pointcloud_publisher/hook/pythonpath.sh'
[1.760s] Level 1:colcon.colcon_core.environment:checking '/home/airsim_user/Downloads/Landing-Assist-Module-LAM/install/pointcloud_publisher/bin'
[1.760s] Level 1:colcon.colcon_core.environment:create_environment_scripts_only(pointcloud_publisher)
[1.761s] INFO:colcon.colcon_core.shell:Creating package script '/home/airsim_user/Downloads/Landing-Assist-Module-LAM/install/pointcloud_publisher/share/pointcloud_publisher/package.ps1'
[1.761s] INFO:colcon.colcon_core.shell:Creating package descriptor '/home/airsim_user/Downloads/Landing-Assist-Module-LAM/install/pointcloud_publisher/share/pointcloud_publisher/package.dsv'
[1.761s] INFO:colcon.colcon_core.shell:Creating package script '/home/airsim_user/Downloads/Landing-Assist-Module-LAM/install/pointcloud_publisher/share/pointcloud_publisher/package.sh'
[1.761s] INFO:colcon.colcon_core.shell:Creating package script '/home/airsim_user/Downloads/Landing-Assist-Module-LAM/install/pointcloud_publisher/share/pointcloud_publisher/package.bash'
[1.762s] INFO:colcon.colcon_core.shell:Creating package script '/home/airsim_user/Downloads/Landing-Assist-Module-LAM/install/pointcloud_publisher/share/pointcloud_publisher/package.zsh'
[1.762s] Level 1:colcon.colcon_core.environment:create_file_with_runtime_dependencies(/home/airsim_user/Downloads/Landing-Assist-Module-LAM/install/pointcloud_publisher/share/colcon-core/packages/pointcloud_publisher)
[1.762s] DEBUG:colcon.colcon_parallel_executor.executor.parallel:closing loop
[1.762s] DEBUG:colcon.colcon_parallel_executor.executor.parallel:loop closed
[1.762s] DEBUG:colcon.colcon_parallel_executor.executor.parallel:run_until_complete finished with '0'
[1.762s] DEBUG:colcon.colcon_core.event_reactor:joining thread
[1.782s] INFO:colcon.colcon_core.plugin_system:Skipping extension 'colcon_notification.desktop_notification.notify_send': Could not find 'notify-send'
[1.782s] INFO:colcon.colcon_core.plugin_system:Skipping extension 'colcon_notification.desktop_notification.terminal_notifier': Not used on non-Darwin systems
[1.782s] INFO:colcon.colcon_core.plugin_system:Skipping extension 'colcon_notification.desktop_notification.win32': Not used on non-Windows systems
[1.782s] INFO:colcon.colcon_notification.desktop_notification:Sending desktop notification using 'notify2'
[1.790s] DEBUG:colcon.colcon_notification.desktop_notification.notify2:Failed to initialize notify2: org.freedesktop.DBus.Error.ServiceUnknown: The name org.freedesktop.Notifications was not provided by any .service files
[1.790s] DEBUG:colcon.colcon_core.event_reactor:joined thread
[1.791s] INFO:colcon.colcon_core.shell:Creating prefix script '/home/airsim_user/Downloads/Landing-Assist-Module-LAM/install/local_setup.ps1'
[1.793s] INFO:colcon.colcon_core.shell:Creating prefix util module '/home/airsim_user/Downloads/Landing-Assist-Module-LAM/install/_local_setup_util_ps1.py'
[1.794s] INFO:colcon.colcon_core.shell:Creating prefix chain script '/home/airsim_user/Downloads/Landing-Assist-Module-LAM/install/setup.ps1'
[1.796s] INFO:colcon.colcon_core.shell:Creating prefix script '/home/airsim_user/Downloads/Landing-Assist-Module-LAM/install/local_setup.sh'
[1.796s] INFO:colcon.colcon_core.shell:Creating prefix util module '/home/airsim_user/Downloads/Landing-Assist-Module-LAM/install/_local_setup_util_sh.py'
[1.797s] INFO:colcon.colcon_core.shell:Creating prefix chain script '/home/airsim_user/Downloads/Landing-Assist-Module-LAM/install/setup.sh'
[1.798s] INFO:colcon.colcon_core.shell:Creating prefix script '/home/airsim_user/Downloads/Landing-Assist-Module-LAM/install/local_setup.bash'
[1.799s] INFO:colcon.colcon_core.shell:Creating prefix chain script '/home/airsim_user/Downloads/Landing-Assist-Module-LAM/install/setup.bash'
[1.800s] INFO:colcon.colcon_core.shell:Creating prefix script '/home/airsim_user/Downloads/Landing-Assist-Module-LAM/install/local_setup.zsh'
[1.801s] INFO:colcon.colcon_core.shell:Creating prefix chain script '/home/airsim_user/Downloads/Landing-Assist-Module-LAM/install/setup.zsh'
