running egg_info
writing ../../../../build/pointcloud_plane_detection/pointcloud_plane_detection.egg-info/PKG-INFO
writing dependency_links to ../../../../build/pointcloud_plane_detection/pointcloud_plane_detection.egg-info/dependency_links.txt
writing entry points to ../../../../build/pointcloud_plane_detection/pointcloud_plane_detection.egg-info/entry_points.txt
writing requirements to ../../../../build/pointcloud_plane_detection/pointcloud_plane_detection.egg-info/requires.txt
writing top-level names to ../../../../build/pointcloud_plane_detection/pointcloud_plane_detection.egg-info/top_level.txt
reading manifest file '../../../../build/pointcloud_plane_detection/pointcloud_plane_detection.egg-info/SOURCES.txt'
writing manifest file '../../../../build/pointcloud_plane_detection/pointcloud_plane_detection.egg-info/SOURCES.txt'
running build
running build_py
copying pointcloud_plane_detection/__init__.py -> /home/airsim_user/Downloads/Landing-Assist-Module-LAM/build/pointcloud_plane_detection/build/lib/pointcloud_plane_detection
copying pointcloud_plane_detection/plane_detection.py -> /home/airsim_user/Downloads/Landing-Assist-Module-LAM/build/pointcloud_plane_detection/build/lib/pointcloud_plane_detection
copying pointcloud_plane_detection/plane_detection.py -> /home/airsim_user/Downloads/Landing-Assist-Module-LAM/build/pointcloud_plane_detection/build/lib/pointcloud_plane_detection
copying pointcloud_plane_detection/__init__.py -> /home/airsim_user/Downloads/Landing-Assist-Module-LAM/build/pointcloud_plane_detection/build/lib/pointcloud_plane_detection
running install
running install_lib
running install_data
copying resource/pointcloud_plane_detection -> /home/airsim_user/Downloads/Landing-Assist-Module-LAM/install/pointcloud_plane_detection/share/ament_index/resource_index/packages
copying package.xml -> /home/airsim_user/Downloads/Landing-Assist-Module-LAM/install/pointcloud_plane_detection/share/pointcloud_plane_detection
running install_egg_info
removing '/home/airsim_user/Downloads/Landing-Assist-Module-LAM/install/pointcloud_plane_detection/lib/python3.8/site-packages/pointcloud_plane_detection-0.0.0-py3.8.egg-info' (and everything under it)
Copying ../../../../build/pointcloud_plane_detection/pointcloud_plane_detection.egg-info to /home/airsim_user/Downloads/Landing-Assist-Module-LAM/install/pointcloud_plane_detection/lib/python3.8/site-packages/pointcloud_plane_detection-0.0.0-py3.8.egg-info
running install_scripts
Installing plane_detection script to /home/airsim_user/Downloads/Landing-Assist-Module-LAM/install/pointcloud_plane_detection/lib/pointcloud_plane_detection
writing list of installed files to '/home/airsim_user/Downloads/Landing-Assist-Module-LAM/build/pointcloud_plane_detection/install.log'
