[0.828s] Invoking command in '/home/athul/Landing-Assist-Module-LAM/ros2/src/pointcloud_plane_segmentation': PYTHONPATH=/home/athul/Landing-Assist-Module-LAM/ros2/build/pointcloud_plane_segmentation/prefix_override:/usr/lib/python3/dist-packages/colcon_core/task/python/colcon_distutils_commands:/home/athul/Landing-Assist-Module-LAM/ros2/install/pointcloud_plane_segmentation/lib/python3.8/site-packages:${PYTHONPATH} /usr/bin/python3 -W ignore:setup.py install is deprecated setup.py egg_info --egg-base ../../build/pointcloud_plane_segmentation build --build-base /home/athul/Landing-Assist-Module-LAM/ros2/build/pointcloud_plane_segmentation/build install --record /home/athul/Landing-Assist-Module-LAM/ros2/build/pointcloud_plane_segmentation/install.log --install-scripts $base/lib/pointcloud_plane_segmentation --single-version-externally-managed install_data
[1.000s] running egg_info
[1.001s] writing ../../build/pointcloud_plane_segmentation/pointcloud_plane_segmentation.egg-info/PKG-INFO
[1.001s] writing dependency_links to ../../build/pointcloud_plane_segmentation/pointcloud_plane_segmentation.egg-info/dependency_links.txt
[1.001s] writing entry points to ../../build/pointcloud_plane_segmentation/pointcloud_plane_segmentation.egg-info/entry_points.txt
[1.001s] writing requirements to ../../build/pointcloud_plane_segmentation/pointcloud_plane_segmentation.egg-info/requires.txt
[1.001s] writing top-level names to ../../build/pointcloud_plane_segmentation/pointcloud_plane_segmentation.egg-info/top_level.txt
[1.024s] reading manifest file '../../build/pointcloud_plane_segmentation/pointcloud_plane_segmentation.egg-info/SOURCES.txt'
[1.025s] writing manifest file '../../build/pointcloud_plane_segmentation/pointcloud_plane_segmentation.egg-info/SOURCES.txt'
[1.025s] running build
[1.025s] running build_py
[1.025s] running install
[1.026s] running install_lib
[1.027s] running install_data
[1.027s] running install_egg_info
[1.029s] removing '/home/athul/Landing-Assist-Module-LAM/ros2/install/pointcloud_plane_segmentation/lib/python3.8/site-packages/pointcloud_plane_segmentation-0.0.0-py3.8.egg-info' (and everything under it)
[1.029s] Copying ../../build/pointcloud_plane_segmentation/pointcloud_plane_segmentation.egg-info to /home/athul/Landing-Assist-Module-LAM/ros2/install/pointcloud_plane_segmentation/lib/python3.8/site-packages/pointcloud_plane_segmentation-0.0.0-py3.8.egg-info
[1.029s] running install_scripts
[1.041s] Installing plane_segmentation script to /home/athul/Landing-Assist-Module-LAM/ros2/install/pointcloud_plane_segmentation/lib/pointcloud_plane_segmentation
[1.042s] writing list of installed files to '/home/athul/Landing-Assist-Module-LAM/ros2/build/pointcloud_plane_segmentation/install.log'
[1.065s] Invoked command in '/home/athul/Landing-Assist-Module-LAM/ros2/src/pointcloud_plane_segmentation' returned '0': PYTHONPATH=/home/athul/Landing-Assist-Module-LAM/ros2/build/pointcloud_plane_segmentation/prefix_override:/usr/lib/python3/dist-packages/colcon_core/task/python/colcon_distutils_commands:/home/athul/Landing-Assist-Module-LAM/ros2/install/pointcloud_plane_segmentation/lib/python3.8/site-packages:${PYTHONPATH} /usr/bin/python3 -W ignore:setup.py install is deprecated setup.py egg_info --egg-base ../../build/pointcloud_plane_segmentation build --build-base /home/athul/Landing-Assist-Module-LAM/ros2/build/pointcloud_plane_segmentation/build install --record /home/athul/Landing-Assist-Module-LAM/ros2/build/pointcloud_plane_segmentation/install.log --install-scripts $base/lib/pointcloud_plane_segmentation --single-version-externally-managed install_data
