[0.833s] Invoking command in '/home/athul/uav/Landing-Assist-Module-LAM/ros2/build/pointcloud_publisher': PYTHONPATH=/home/athul/uav/Landing-Assist-Module-LAM/ros2/build/pointcloud_publisher/prefix_override:/home/athul/uav/Landing-Assist-Module-LAM/ros2/install/pointcloud_publisher/lib/python3.10/site-packages:${PYTHONPATH} /usr/bin/python3 setup.py develop --editable --build-directory /home/athul/uav/Landing-Assist-Module-LAM/ros2/build/pointcloud_publisher/build --no-deps install_data
[1.109s] running develop
[1.110s] /usr/lib/python3/dist-packages/setuptools/command/easy_install.py:158: EasyInstallDeprecationWarning: easy_install command is deprecated. Use build and pip and other standards-based tools.
[1.111s]   warnings.warn(
[1.111s] /usr/lib/python3/dist-packages/setuptools/command/install.py:34: SetuptoolsDeprecationWarning: setup.py install is deprecated. Use build and pip and other standards-based tools.
[1.112s]   warnings.warn(
[1.179s] /usr/lib/python3/dist-packages/pkg_resources/__init__.py:116: PkgResourcesDeprecationWarning: 1.12.1-git20200711.33e2d80-dfsg1-0.6 is an invalid version and will not be supported in a future release
[1.180s]   warnings.warn(
[1.299s] running egg_info
[1.299s] writing pointcloud_publisher.egg-info/PKG-INFO
[1.299s] writing dependency_links to pointcloud_publisher.egg-info/dependency_links.txt
[1.299s] writing entry points to pointcloud_publisher.egg-info/entry_points.txt
[1.299s] writing requirements to pointcloud_publisher.egg-info/requires.txt
[1.299s] writing top-level names to pointcloud_publisher.egg-info/top_level.txt
[1.302s] reading manifest file 'pointcloud_publisher.egg-info/SOURCES.txt'
[1.304s] writing manifest file 'pointcloud_publisher.egg-info/SOURCES.txt'
[1.306s] running build_ext
[1.306s] Creating /home/athul/uav/Landing-Assist-Module-LAM/ros2/install/pointcloud_publisher/lib/python3.10/site-packages/pointcloud-publisher.egg-link (link to .)
[1.306s] Installing combined_plane_detection script to /home/athul/uav/Landing-Assist-Module-LAM/ros2/install/pointcloud_publisher/lib/pointcloud_publisher
[1.307s] Installing planar_patch_plane_detection script to /home/athul/uav/Landing-Assist-Module-LAM/ros2/install/pointcloud_publisher/lib/pointcloud_publisher
[1.307s] Installing pointcloud_publisher script to /home/athul/uav/Landing-Assist-Module-LAM/ros2/install/pointcloud_publisher/lib/pointcloud_publisher
[1.307s] Installing pointcloud_subscriber script to /home/athul/uav/Landing-Assist-Module-LAM/ros2/install/pointcloud_publisher/lib/pointcloud_publisher
[1.307s] Installing prosac_plane_detection script to /home/athul/uav/Landing-Assist-Module-LAM/ros2/install/pointcloud_publisher/lib/pointcloud_publisher
[1.308s] Installing ransac_plane_detection script to /home/athul/uav/Landing-Assist-Module-LAM/ros2/install/pointcloud_publisher/lib/pointcloud_publisher
[1.308s] 
[1.308s] Installed /home/athul/uav/Landing-Assist-Module-LAM/ros2/build/pointcloud_publisher
[1.308s] running install_data
[1.341s] Invoked command in '/home/athul/uav/Landing-Assist-Module-LAM/ros2/build/pointcloud_publisher' returned '0': PYTHONPATH=/home/athul/uav/Landing-Assist-Module-LAM/ros2/build/pointcloud_publisher/prefix_override:/home/athul/uav/Landing-Assist-Module-LAM/ros2/install/pointcloud_publisher/lib/python3.10/site-packages:${PYTHONPATH} /usr/bin/python3 setup.py develop --editable --build-directory /home/athul/uav/Landing-Assist-Module-LAM/ros2/build/pointcloud_publisher/build --no-deps install_data
