[0.854s] Invoking command in '/home/athul/Landing-Assist-Module-LAM/ros2/src/pointcloud_publisher': PYTHONPATH=/home/athul/Landing-Assist-Module-LAM/ros2/src/build/pointcloud_publisher/prefix_override:/usr/lib/python3/dist-packages/colcon_core/task/python/colcon_distutils_commands:/home/athul/Landing-Assist-Module-LAM/ros2/src/install/pointcloud_publisher/lib/python3.8/site-packages:${PYTHONPATH} /usr/bin/python3 -W ignore:setup.py install is deprecated setup.py egg_info --egg-base ../build/pointcloud_publisher build --build-base /home/athul/Landing-Assist-Module-LAM/ros2/src/build/pointcloud_publisher/build install --record /home/athul/Landing-Assist-Module-LAM/ros2/src/build/pointcloud_publisher/install.log --single-version-externally-managed install_data
[1.040s] running egg_info
[1.040s] creating ../build/pointcloud_publisher/pointcloud_publisher.egg-info
[1.040s] writing ../build/pointcloud_publisher/pointcloud_publisher.egg-info/PKG-INFO
[1.040s] writing dependency_links to ../build/pointcloud_publisher/pointcloud_publisher.egg-info/dependency_links.txt
[1.041s] writing entry points to ../build/pointcloud_publisher/pointcloud_publisher.egg-info/entry_points.txt
[1.041s] writing requirements to ../build/pointcloud_publisher/pointcloud_publisher.egg-info/requires.txt
[1.041s] writing top-level names to ../build/pointcloud_publisher/pointcloud_publisher.egg-info/top_level.txt
[1.042s] writing manifest file '../build/pointcloud_publisher/pointcloud_publisher.egg-info/SOURCES.txt'
[1.070s] reading manifest file '../build/pointcloud_publisher/pointcloud_publisher.egg-info/SOURCES.txt'
[1.071s] writing manifest file '../build/pointcloud_publisher/pointcloud_publisher.egg-info/SOURCES.txt'
[1.071s] running build
[1.071s] running build_py
[1.072s] creating /home/athul/Landing-Assist-Module-LAM/ros2/src/build/pointcloud_publisher/build
[1.072s] creating /home/athul/Landing-Assist-Module-LAM/ros2/src/build/pointcloud_publisher/build/lib
[1.072s] creating /home/athul/Landing-Assist-Module-LAM/ros2/src/build/pointcloud_publisher/build/lib/pointcloud_publisher
[1.072s] copying pointcloud_publisher/ransac_plane_detection.py -> /home/athul/Landing-Assist-Module-LAM/ros2/src/build/pointcloud_publisher/build/lib/pointcloud_publisher
[1.072s] copying pointcloud_publisher/save_pointcloud_plane_seg.py -> /home/athul/Landing-Assist-Module-LAM/ros2/src/build/pointcloud_publisher/build/lib/pointcloud_publisher
[1.072s] copying pointcloud_publisher/save_pointcloud_publisher.py -> /home/athul/Landing-Assist-Module-LAM/ros2/src/build/pointcloud_publisher/build/lib/pointcloud_publisher
[1.072s] copying pointcloud_publisher/pointcloud_publisher.py -> /home/athul/Landing-Assist-Module-LAM/ros2/src/build/pointcloud_publisher/build/lib/pointcloud_publisher
[1.073s] copying pointcloud_publisher/planar_patch_plane_detection.py -> /home/athul/Landing-Assist-Module-LAM/ros2/src/build/pointcloud_publisher/build/lib/pointcloud_publisher
[1.073s] copying pointcloud_publisher/__init__.py -> /home/athul/Landing-Assist-Module-LAM/ros2/src/build/pointcloud_publisher/build/lib/pointcloud_publisher
[1.073s] copying pointcloud_publisher/save_pointcloud.py -> /home/athul/Landing-Assist-Module-LAM/ros2/src/build/pointcloud_publisher/build/lib/pointcloud_publisher
[1.073s] copying pointcloud_publisher/setup.py -> /home/athul/Landing-Assist-Module-LAM/ros2/src/build/pointcloud_publisher/build/lib/pointcloud_publisher
[1.073s] copying pointcloud_publisher/prosac_plane_detection.py -> /home/athul/Landing-Assist-Module-LAM/ros2/src/build/pointcloud_publisher/build/lib/pointcloud_publisher
[1.073s] copying pointcloud_publisher/prosac_v2_plane_detection.py -> /home/athul/Landing-Assist-Module-LAM/ros2/src/build/pointcloud_publisher/build/lib/pointcloud_publisher
[1.073s] copying pointcloud_publisher/pointcloud_subscriber.py -> /home/athul/Landing-Assist-Module-LAM/ros2/src/build/pointcloud_publisher/build/lib/pointcloud_publisher
[1.074s] running install
[1.075s] running install_lib
[1.076s] creating /home/athul/Landing-Assist-Module-LAM/ros2/src/install/pointcloud_publisher/lib/python3.8/site-packages/pointcloud_publisher
[1.076s] copying /home/athul/Landing-Assist-Module-LAM/ros2/src/build/pointcloud_publisher/build/lib/pointcloud_publisher/ransac_plane_detection.py -> /home/athul/Landing-Assist-Module-LAM/ros2/src/install/pointcloud_publisher/lib/python3.8/site-packages/pointcloud_publisher
[1.076s] copying /home/athul/Landing-Assist-Module-LAM/ros2/src/build/pointcloud_publisher/build/lib/pointcloud_publisher/save_pointcloud_plane_seg.py -> /home/athul/Landing-Assist-Module-LAM/ros2/src/install/pointcloud_publisher/lib/python3.8/site-packages/pointcloud_publisher
[1.076s] copying /home/athul/Landing-Assist-Module-LAM/ros2/src/build/pointcloud_publisher/build/lib/pointcloud_publisher/save_pointcloud_publisher.py -> /home/athul/Landing-Assist-Module-LAM/ros2/src/install/pointcloud_publisher/lib/python3.8/site-packages/pointcloud_publisher
[1.076s] copying /home/athul/Landing-Assist-Module-LAM/ros2/src/build/pointcloud_publisher/build/lib/pointcloud_publisher/pointcloud_publisher.py -> /home/athul/Landing-Assist-Module-LAM/ros2/src/install/pointcloud_publisher/lib/python3.8/site-packages/pointcloud_publisher
[1.076s] copying /home/athul/Landing-Assist-Module-LAM/ros2/src/build/pointcloud_publisher/build/lib/pointcloud_publisher/planar_patch_plane_detection.py -> /home/athul/Landing-Assist-Module-LAM/ros2/src/install/pointcloud_publisher/lib/python3.8/site-packages/pointcloud_publisher
[1.076s] copying /home/athul/Landing-Assist-Module-LAM/ros2/src/build/pointcloud_publisher/build/lib/pointcloud_publisher/__init__.py -> /home/athul/Landing-Assist-Module-LAM/ros2/src/install/pointcloud_publisher/lib/python3.8/site-packages/pointcloud_publisher
[1.076s] copying /home/athul/Landing-Assist-Module-LAM/ros2/src/build/pointcloud_publisher/build/lib/pointcloud_publisher/save_pointcloud.py -> /home/athul/Landing-Assist-Module-LAM/ros2/src/install/pointcloud_publisher/lib/python3.8/site-packages/pointcloud_publisher
[1.076s] copying /home/athul/Landing-Assist-Module-LAM/ros2/src/build/pointcloud_publisher/build/lib/pointcloud_publisher/setup.py -> /home/athul/Landing-Assist-Module-LAM/ros2/src/install/pointcloud_publisher/lib/python3.8/site-packages/pointcloud_publisher
[1.077s] copying /home/athul/Landing-Assist-Module-LAM/ros2/src/build/pointcloud_publisher/build/lib/pointcloud_publisher/prosac_plane_detection.py -> /home/athul/Landing-Assist-Module-LAM/ros2/src/install/pointcloud_publisher/lib/python3.8/site-packages/pointcloud_publisher
[1.077s] copying /home/athul/Landing-Assist-Module-LAM/ros2/src/build/pointcloud_publisher/build/lib/pointcloud_publisher/prosac_v2_plane_detection.py -> /home/athul/Landing-Assist-Module-LAM/ros2/src/install/pointcloud_publisher/lib/python3.8/site-packages/pointcloud_publisher
[1.077s] copying /home/athul/Landing-Assist-Module-LAM/ros2/src/build/pointcloud_publisher/build/lib/pointcloud_publisher/pointcloud_subscriber.py -> /home/athul/Landing-Assist-Module-LAM/ros2/src/install/pointcloud_publisher/lib/python3.8/site-packages/pointcloud_publisher
[1.077s] byte-compiling /home/athul/Landing-Assist-Module-LAM/ros2/src/install/pointcloud_publisher/lib/python3.8/site-packages/pointcloud_publisher/ransac_plane_detection.py to ransac_plane_detection.cpython-38.pyc
[1.078s] byte-compiling /home/athul/Landing-Assist-Module-LAM/ros2/src/install/pointcloud_publisher/lib/python3.8/site-packages/pointcloud_publisher/save_pointcloud_plane_seg.py to save_pointcloud_plane_seg.cpython-38.pyc
[1.079s] byte-compiling /home/athul/Landing-Assist-Module-LAM/ros2/src/install/pointcloud_publisher/lib/python3.8/site-packages/pointcloud_publisher/save_pointcloud_publisher.py to save_pointcloud_publisher.cpython-38.pyc
[1.079s] byte-compiling /home/athul/Landing-Assist-Module-LAM/ros2/src/install/pointcloud_publisher/lib/python3.8/site-packages/pointcloud_publisher/pointcloud_publisher.py to pointcloud_publisher.cpython-38.pyc
[1.079s] byte-compiling /home/athul/Landing-Assist-Module-LAM/ros2/src/install/pointcloud_publisher/lib/python3.8/site-packages/pointcloud_publisher/planar_patch_plane_detection.py to planar_patch_plane_detection.cpython-38.pyc
[1.080s] byte-compiling /home/athul/Landing-Assist-Module-LAM/ros2/src/install/pointcloud_publisher/lib/python3.8/site-packages/pointcloud_publisher/__init__.py to __init__.cpython-38.pyc
[1.080s] byte-compiling /home/athul/Landing-Assist-Module-LAM/ros2/src/install/pointcloud_publisher/lib/python3.8/site-packages/pointcloud_publisher/save_pointcloud.py to save_pointcloud.cpython-38.pyc
[1.081s] byte-compiling /home/athul/Landing-Assist-Module-LAM/ros2/src/install/pointcloud_publisher/lib/python3.8/site-packages/pointcloud_publisher/setup.py to setup.cpython-38.pyc
[1.081s] byte-compiling /home/athul/Landing-Assist-Module-LAM/ros2/src/install/pointcloud_publisher/lib/python3.8/site-packages/pointcloud_publisher/prosac_plane_detection.py to prosac_plane_detection.cpython-38.pyc
[1.083s] byte-compiling /home/athul/Landing-Assist-Module-LAM/ros2/src/install/pointcloud_publisher/lib/python3.8/site-packages/pointcloud_publisher/prosac_v2_plane_detection.py to prosac_v2_plane_detection.cpython-38.pyc
[1.083s] byte-compiling /home/athul/Landing-Assist-Module-LAM/ros2/src/install/pointcloud_publisher/lib/python3.8/site-packages/pointcloud_publisher/pointcloud_subscriber.py to pointcloud_subscriber.cpython-38.pyc
[1.083s] running install_data
[1.083s] creating /home/athul/Landing-Assist-Module-LAM/ros2/src/install/pointcloud_publisher/share/ament_index
[1.083s] creating /home/athul/Landing-Assist-Module-LAM/ros2/src/install/pointcloud_publisher/share/ament_index/resource_index
[1.084s] creating /home/athul/Landing-Assist-Module-LAM/ros2/src/install/pointcloud_publisher/share/ament_index/resource_index/packages
[1.084s] copying resource/pointcloud_publisher -> /home/athul/Landing-Assist-Module-LAM/ros2/src/install/pointcloud_publisher/share/ament_index/resource_index/packages
[1.084s] copying package.xml -> /home/athul/Landing-Assist-Module-LAM/ros2/src/install/pointcloud_publisher/share/pointcloud_publisher
[1.084s] running install_egg_info
[1.085s] Copying ../build/pointcloud_publisher/pointcloud_publisher.egg-info to /home/athul/Landing-Assist-Module-LAM/ros2/src/install/pointcloud_publisher/lib/python3.8/site-packages/pointcloud_publisher-0.0.0-py3.8.egg-info
[1.086s] running install_scripts
[1.099s] Installing combined_plane_detection script to /home/athul/Landing-Assist-Module-LAM/ros2/src/install/pointcloud_publisher/lib/pointcloud_publisher
[1.099s] Installing live_lidar_segmentation script to /home/athul/Landing-Assist-Module-LAM/ros2/src/install/pointcloud_publisher/lib/pointcloud_publisher
[1.099s] Installing planar_patch_plane_detection script to /home/athul/Landing-Assist-Module-LAM/ros2/src/install/pointcloud_publisher/lib/pointcloud_publisher
[1.099s] Installing pointcloud_publisher script to /home/athul/Landing-Assist-Module-LAM/ros2/src/install/pointcloud_publisher/lib/pointcloud_publisher
[1.099s] Installing pointcloud_subscriber script to /home/athul/Landing-Assist-Module-LAM/ros2/src/install/pointcloud_publisher/lib/pointcloud_publisher
[1.099s] Installing prosac_plane_detection script to /home/athul/Landing-Assist-Module-LAM/ros2/src/install/pointcloud_publisher/lib/pointcloud_publisher
[1.099s] Installing prosac_v2_plane_detection script to /home/athul/Landing-Assist-Module-LAM/ros2/src/install/pointcloud_publisher/lib/pointcloud_publisher
[1.099s] Installing ransac_plane_detection script to /home/athul/Landing-Assist-Module-LAM/ros2/src/install/pointcloud_publisher/lib/pointcloud_publisher
[1.099s] Installing save_pointcloud script to /home/athul/Landing-Assist-Module-LAM/ros2/src/install/pointcloud_publisher/lib/pointcloud_publisher
[1.100s] Installing save_pointcloud_plane_seg script to /home/athul/Landing-Assist-Module-LAM/ros2/src/install/pointcloud_publisher/lib/pointcloud_publisher
[1.100s] Installing save_pointcloud_publisher script to /home/athul/Landing-Assist-Module-LAM/ros2/src/install/pointcloud_publisher/lib/pointcloud_publisher
[1.100s] writing list of installed files to '/home/athul/Landing-Assist-Module-LAM/ros2/src/build/pointcloud_publisher/install.log'
[1.118s] Invoked command in '/home/athul/Landing-Assist-Module-LAM/ros2/src/pointcloud_publisher' returned '0': PYTHONPATH=/home/athul/Landing-Assist-Module-LAM/ros2/src/build/pointcloud_publisher/prefix_override:/usr/lib/python3/dist-packages/colcon_core/task/python/colcon_distutils_commands:/home/athul/Landing-Assist-Module-LAM/ros2/src/install/pointcloud_publisher/lib/python3.8/site-packages:${PYTHONPATH} /usr/bin/python3 -W ignore:setup.py install is deprecated setup.py egg_info --egg-base ../build/pointcloud_publisher build --build-base /home/athul/Landing-Assist-Module-LAM/ros2/src/build/pointcloud_publisher/build install --record /home/athul/Landing-Assist-Module-LAM/ros2/src/build/pointcloud_publisher/install.log --single-version-externally-managed install_data
