[0.495s] Invoking command in '/home/athul/Landing-Assist-Module-LAM/ros2/src/pointcloud_publisher': PYTHONPATH=/home/athul/Landing-Assist-Module-LAM/ros2/build/pointcloud_publisher/prefix_override:/home/athul/Landing-Assist-Module-LAM/ros2/install/pointcloud_publisher/lib/python3.8/site-packages:${PYTHONPATH} /usr/bin/python3 -W ignore:setup.py install is deprecated setup.py egg_info --egg-base ../../build/pointcloud_publisher build --build-base /home/athul/Landing-Assist-Module-LAM/ros2/build/pointcloud_publisher/build install --record /home/athul/Landing-Assist-Module-LAM/ros2/build/pointcloud_publisher/install.log --single-version-externally-managed install_data
[0.637s] running egg_info
[0.637s] writing ../../build/pointcloud_publisher/pointcloud_publisher.egg-info/PKG-INFO
[0.637s] writing dependency_links to ../../build/pointcloud_publisher/pointcloud_publisher.egg-info/dependency_links.txt
[0.637s] writing entry points to ../../build/pointcloud_publisher/pointcloud_publisher.egg-info/entry_points.txt
[0.637s] writing requirements to ../../build/pointcloud_publisher/pointcloud_publisher.egg-info/requires.txt
[0.637s] writing top-level names to ../../build/pointcloud_publisher/pointcloud_publisher.egg-info/top_level.txt
[0.658s] reading manifest file '../../build/pointcloud_publisher/pointcloud_publisher.egg-info/SOURCES.txt'
[0.659s] writing manifest file '../../build/pointcloud_publisher/pointcloud_publisher.egg-info/SOURCES.txt'
[0.659s] running build
[0.659s] running build_py
[0.659s] running install
[0.659s] running install_lib
[0.660s] running install_data
[0.660s] running install_egg_info
[0.662s] removing '/home/athul/Landing-Assist-Module-LAM/ros2/install/pointcloud_publisher/lib/python3.8/site-packages/pointcloud_publisher-0.0.0-py3.8.egg-info' (and everything under it)
[0.662s] Copying ../../build/pointcloud_publisher/pointcloud_publisher.egg-info to /home/athul/Landing-Assist-Module-LAM/ros2/install/pointcloud_publisher/lib/python3.8/site-packages/pointcloud_publisher-0.0.0-py3.8.egg-info
[0.662s] running install_scripts
[0.673s] Installing combined_plane_detection script to /home/athul/Landing-Assist-Module-LAM/ros2/install/pointcloud_publisher/lib/pointcloud_publisher
[0.673s] Installing planar_patch_plane_detection script to /home/athul/Landing-Assist-Module-LAM/ros2/install/pointcloud_publisher/lib/pointcloud_publisher
[0.673s] Installing pointcloud_publisher script to /home/athul/Landing-Assist-Module-LAM/ros2/install/pointcloud_publisher/lib/pointcloud_publisher
[0.673s] Installing pointcloud_subscriber script to /home/athul/Landing-Assist-Module-LAM/ros2/install/pointcloud_publisher/lib/pointcloud_publisher
[0.673s] Installing prosac_plane_detection script to /home/athul/Landing-Assist-Module-LAM/ros2/install/pointcloud_publisher/lib/pointcloud_publisher
[0.673s] Installing prosac_v2_plane_detection script to /home/athul/Landing-Assist-Module-LAM/ros2/install/pointcloud_publisher/lib/pointcloud_publisher
[0.673s] Installing ransac_plane_detection script to /home/athul/Landing-Assist-Module-LAM/ros2/install/pointcloud_publisher/lib/pointcloud_publisher
[0.673s] writing list of installed files to '/home/athul/Landing-Assist-Module-LAM/ros2/build/pointcloud_publisher/install.log'
[0.689s] Invoked command in '/home/athul/Landing-Assist-Module-LAM/ros2/src/pointcloud_publisher' returned '0': PYTHONPATH=/home/athul/Landing-Assist-Module-LAM/ros2/build/pointcloud_publisher/prefix_override:/home/athul/Landing-Assist-Module-LAM/ros2/install/pointcloud_publisher/lib/python3.8/site-packages:${PYTHONPATH} /usr/bin/python3 -W ignore:setup.py install is deprecated setup.py egg_info --egg-base ../../build/pointcloud_publisher build --build-base /home/athul/Landing-Assist-Module-LAM/ros2/build/pointcloud_publisher/build install --record /home/athul/Landing-Assist-Module-LAM/ros2/build/pointcloud_publisher/install.log --single-version-externally-managed install_data
