running develop
/home/airsim_user/.local/lib/python3.8/site-packages/setuptools/command/develop.py:42: EasyInstallDeprecationWarning: easy_install command is deprecated.
!!

        ********************************************************************************
        Please avoid running ``setup.py`` and ``easy_install``.
        Instead, use pypa/build, pypa/installer or other
        standards-based tools.

        See https://github.com/pypa/setuptools/issues/917 for details.
        ********************************************************************************

!!
  easy_install.initialize_options(self)
running egg_info
writing pointcloud_publisher.egg-info/PKG-INFO
writing dependency_links to pointcloud_publisher.egg-info/dependency_links.txt
writing entry points to pointcloud_publisher.egg-info/entry_points.txt
writing requirements to pointcloud_publisher.egg-info/requires.txt
writing top-level names to pointcloud_publisher.egg-info/top_level.txt
reading manifest file 'pointcloud_publisher.egg-info/SOURCES.txt'
writing manifest file 'pointcloud_publisher.egg-info/SOURCES.txt'
running build_ext
Creating /home/airsim_user/Downloads/Landing-Assist-Module-LAM/ros2/install/pointcloud_publisher/lib/python3.8/site-packages/pointcloud-publisher.egg-link (link to .)
Installing planar_patch_plane_detection script to /home/airsim_user/Downloads/Landing-Assist-Module-LAM/ros2/install/pointcloud_publisher/lib/pointcloud_publisher
Installing pointcloud_publisher script to /home/airsim_user/Downloads/Landing-Assist-Module-LAM/ros2/install/pointcloud_publisher/lib/pointcloud_publisher
Installing pointcloud_subscriber script to /home/airsim_user/Downloads/Landing-Assist-Module-LAM/ros2/install/pointcloud_publisher/lib/pointcloud_publisher

Installed /home/airsim_user/Downloads/Landing-Assist-Module-LAM/ros2/build/pointcloud_publisher
running symlink_data
symbolically linking /home/airsim_user/Downloads/Landing-Assist-Module-LAM/ros2/build/pointcloud_publisher/resource/pointcloud_publisher -> /home/airsim_user/Downloads/Landing-Assist-Module-LAM/ros2/install/pointcloud_publisher/share/ament_index/resource_index/packages
symbolically linking /home/airsim_user/Downloads/Landing-Assist-Module-LAM/ros2/build/pointcloud_publisher/package.xml -> /home/airsim_user/Downloads/Landing-Assist-Module-LAM/ros2/install/pointcloud_publisher/share/pointcloud_publisher
