[0.895s] Invoking command in '/home/airsim_user/Downloads/Landing-Assist-Module-LAM/ros2/build/pointcloud_publisher': PYTHONPATH=/home/airsim_user/Downloads/Landing-Assist-Module-LAM/ros2/build/pointcloud_publisher/prefix_override:/usr/lib/python3/dist-packages/colcon_core/task/python/colcon_distutils_commands:/home/airsim_user/Downloads/Landing-Assist-Module-LAM/ros2/install/pointcloud_publisher/lib/python3.8/site-packages:${PYTHONPATH} /usr/bin/python3 -W ignore:setup.py install is deprecated setup.py develop --editable --build-directory /home/airsim_user/Downloads/Landing-Assist-Module-LAM/ros2/build/pointcloud_publisher/build --no-deps symlink_data --force
[1.145s] running develop
[1.145s] /home/airsim_user/.local/lib/python3.8/site-packages/setuptools/command/develop.py:42: EasyInstallDeprecationWarning: easy_install command is deprecated.
[1.145s] !!
[1.145s] 
[1.145s]         ********************************************************************************
[1.145s]         Please avoid running ``setup.py`` and ``easy_install``.
[1.146s]         Instead, use pypa/build, pypa/installer or other
[1.146s]         standards-based tools.
[1.146s] 
[1.146s]         See https://github.com/pypa/setuptools/issues/917 for details.
[1.146s]         ********************************************************************************
[1.146s] 
[1.146s] !!
[1.146s]   easy_install.initialize_options(self)
[1.315s] running egg_info
[1.329s] writing pointcloud_publisher.egg-info/PKG-INFO
[1.330s] writing dependency_links to pointcloud_publisher.egg-info/dependency_links.txt
[1.330s] writing entry points to pointcloud_publisher.egg-info/entry_points.txt
[1.330s] writing requirements to pointcloud_publisher.egg-info/requires.txt
[1.330s] writing top-level names to pointcloud_publisher.egg-info/top_level.txt
[1.365s] reading manifest file 'pointcloud_publisher.egg-info/SOURCES.txt'
[1.366s] writing manifest file 'pointcloud_publisher.egg-info/SOURCES.txt'
[1.426s] running build_ext
[1.426s] Creating /home/airsim_user/Downloads/Landing-Assist-Module-LAM/ros2/install/pointcloud_publisher/lib/python3.8/site-packages/pointcloud-publisher.egg-link (link to .)
[1.426s] Installing planar_patch_plane_detection script to /home/airsim_user/Downloads/Landing-Assist-Module-LAM/ros2/install/pointcloud_publisher/lib/pointcloud_publisher
[1.426s] Installing pointcloud_publisher script to /home/airsim_user/Downloads/Landing-Assist-Module-LAM/ros2/install/pointcloud_publisher/lib/pointcloud_publisher
[1.426s] Installing pointcloud_subscriber script to /home/airsim_user/Downloads/Landing-Assist-Module-LAM/ros2/install/pointcloud_publisher/lib/pointcloud_publisher
[1.427s] 
[1.427s] Installed /home/airsim_user/Downloads/Landing-Assist-Module-LAM/ros2/build/pointcloud_publisher
[1.427s] running symlink_data
[1.427s] symbolically linking /home/airsim_user/Downloads/Landing-Assist-Module-LAM/ros2/build/pointcloud_publisher/resource/pointcloud_publisher -> /home/airsim_user/Downloads/Landing-Assist-Module-LAM/ros2/install/pointcloud_publisher/share/ament_index/resource_index/packages
[1.427s] symbolically linking /home/airsim_user/Downloads/Landing-Assist-Module-LAM/ros2/build/pointcloud_publisher/package.xml -> /home/airsim_user/Downloads/Landing-Assist-Module-LAM/ros2/install/pointcloud_publisher/share/pointcloud_publisher
[1.460s] Invoked command in '/home/airsim_user/Downloads/Landing-Assist-Module-LAM/ros2/build/pointcloud_publisher' returned '0': PYTHONPATH=/home/airsim_user/Downloads/Landing-Assist-Module-LAM/ros2/build/pointcloud_publisher/prefix_override:/usr/lib/python3/dist-packages/colcon_core/task/python/colcon_distutils_commands:/home/airsim_user/Downloads/Landing-Assist-Module-LAM/ros2/install/pointcloud_publisher/lib/python3.8/site-packages:${PYTHONPATH} /usr/bin/python3 -W ignore:setup.py install is deprecated setup.py develop --editable --build-directory /home/airsim_user/Downloads/Landing-Assist-Module-LAM/ros2/build/pointcloud_publisher/build --no-deps symlink_data --force
