running egg_info
creating ../../build/pointcloud_plane_segmentation/pointcloud_plane_segmentation.egg-info
writing ../../build/pointcloud_plane_segmentation/pointcloud_plane_segmentation.egg-info/PKG-INFO
writing dependency_links to ../../build/pointcloud_plane_segmentation/pointcloud_plane_segmentation.egg-info/dependency_links.txt
writing entry points to ../../build/pointcloud_plane_segmentation/pointcloud_plane_segmentation.egg-info/entry_points.txt
writing requirements to ../../build/pointcloud_plane_segmentation/pointcloud_plane_segmentation.egg-info/requires.txt
writing top-level names to ../../build/pointcloud_plane_segmentation/pointcloud_plane_segmentation.egg-info/top_level.txt
writing manifest file '../../build/pointcloud_plane_segmentation/pointcloud_plane_segmentation.egg-info/SOURCES.txt'
reading manifest file '../../build/pointcloud_plane_segmentation/pointcloud_plane_segmentation.egg-info/SOURCES.txt'
writing manifest file '../../build/pointcloud_plane_segmentation/pointcloud_plane_segmentation.egg-info/SOURCES.txt'
running build
running build_py
creating /home/athul/Landing-Assist-Module-LAM/ros2/build/pointcloud_plane_segmentation/build
creating /home/athul/Landing-Assist-Module-LAM/ros2/build/pointcloud_plane_segmentation/build/lib
creating /home/athul/Landing-Assist-Module-LAM/ros2/build/pointcloud_plane_segmentation/build/lib/pointcloud_plane_segmentation
copying pointcloud_plane_segmentation/plane_segmentation.py -> /home/athul/Landing-Assist-Module-LAM/ros2/build/pointcloud_plane_segmentation/build/lib/pointcloud_plane_segmentation
copying pointcloud_plane_segmentation/__init__.py -> /home/athul/Landing-Assist-Module-LAM/ros2/build/pointcloud_plane_segmentation/build/lib/pointcloud_plane_segmentation
running install
running install_lib
creating /home/athul/Landing-Assist-Module-LAM/ros2/install/pointcloud_plane_segmentation/lib/python3.8/site-packages/pointcloud_plane_segmentation
copying /home/athul/Landing-Assist-Module-LAM/ros2/build/pointcloud_plane_segmentation/build/lib/pointcloud_plane_segmentation/plane_segmentation.py -> /home/athul/Landing-Assist-Module-LAM/ros2/install/pointcloud_plane_segmentation/lib/python3.8/site-packages/pointcloud_plane_segmentation
copying /home/athul/Landing-Assist-Module-LAM/ros2/build/pointcloud_plane_segmentation/build/lib/pointcloud_plane_segmentation/__init__.py -> /home/athul/Landing-Assist-Module-LAM/ros2/install/pointcloud_plane_segmentation/lib/python3.8/site-packages/pointcloud_plane_segmentation
byte-compiling /home/athul/Landing-Assist-Module-LAM/ros2/install/pointcloud_plane_segmentation/lib/python3.8/site-packages/pointcloud_plane_segmentation/plane_segmentation.py to plane_segmentation.cpython-38.pyc
byte-compiling /home/athul/Landing-Assist-Module-LAM/ros2/install/pointcloud_plane_segmentation/lib/python3.8/site-packages/pointcloud_plane_segmentation/__init__.py to __init__.cpython-38.pyc
running install_data
creating /home/athul/Landing-Assist-Module-LAM/ros2/install/pointcloud_plane_segmentation/share/ament_index
creating /home/athul/Landing-Assist-Module-LAM/ros2/install/pointcloud_plane_segmentation/share/ament_index/resource_index
creating /home/athul/Landing-Assist-Module-LAM/ros2/install/pointcloud_plane_segmentation/share/ament_index/resource_index/packages
copying resource/pointcloud_plane_segmentation -> /home/athul/Landing-Assist-Module-LAM/ros2/install/pointcloud_plane_segmentation/share/ament_index/resource_index/packages
copying package.xml -> /home/athul/Landing-Assist-Module-LAM/ros2/install/pointcloud_plane_segmentation/share/pointcloud_plane_segmentation
running install_egg_info
Copying ../../build/pointcloud_plane_segmentation/pointcloud_plane_segmentation.egg-info to /home/athul/Landing-Assist-Module-LAM/ros2/install/pointcloud_plane_segmentation/lib/python3.8/site-packages/pointcloud_plane_segmentation-0.0.0-py3.8.egg-info
running install_scripts
writing list of installed files to '/home/athul/Landing-Assist-Module-LAM/ros2/build/pointcloud_plane_segmentation/install.log'
