[1.206s] DEBUG:colcon:Command line arguments: ['/usr/bin/colcon', 'build', '--symlink-install']
[1.206s] DEBUG:colcon:Parsed command line arguments: Namespace(log_base=None, log_level=None, verb_name='build', build_base='build', install_base='install', merge_install=False, symlink_install=True, test_result_base=None, continue_on_error=False, executor='parallel', parallel_workers=6, event_handlers=None, ignore_user_meta=False, metas=['./colcon.meta'], base_paths=['.'], packages_ignore=None, packages_ignore_regex=None, paths=None, packages_up_to=None, packages_up_to_regex=None, packages_above=None, packages_above_and_dependencies=None, packages_above_depth=None, packages_select_by_dep=None, packages_skip_by_dep=None, packages_skip_up_to=None, packages_select_build_failed=False, packages_skip_build_finished=False, packages_select_test_failures=False, packages_skip_test_passed=False, packages_select=None, packages_skip=None, packages_select_regex=None, packages_skip_regex=None, packages_start=None, packages_end=None, allow_overriding=[], cmake_args=None, cmake_target=None, cmake_target_skip_unavailable=False, cmake_clean_cache=False, cmake_clean_first=False, cmake_force_configure=False, ament_cmake_args=None, catkin_cmake_args=None, catkin_skip_building_tests=False, verb_parser=<colcon_defaults.argument_parser.defaults.DefaultArgumentsDecorator object at 0x7b4b37db2680>, verb_extension=<colcon_core.verb.build.BuildVerb object at 0x7b4b37c294e0>, main=<bound method BuildVerb.main of <colcon_core.verb.build.BuildVerb object at 0x7b4b37c294e0>>)
[1.253s] Level 1:colcon.colcon_core.package_discovery:discover_packages(colcon_meta) check parameters
[1.253s] Level 1:colcon.colcon_core.package_discovery:discover_packages(recursive) check parameters
[1.253s] Level 1:colcon.colcon_core.package_discovery:discover_packages(ignore) check parameters
[1.253s] Level 1:colcon.colcon_core.package_discovery:discover_packages(path) check parameters
[1.253s] Level 1:colcon.colcon_core.package_discovery:discover_packages(colcon_meta) discover
[1.253s] Level 1:colcon.colcon_core.package_discovery:discover_packages(recursive) discover
[1.253s] INFO:colcon.colcon_core.package_discovery:Crawling recursively for packages in '/home/athul/uav/Landing-Assist-Module-LAM/ros2'
[1.253s] Level 1:colcon.colcon_core.package_identification:_identify(.) by extensions ['ignore', 'ignore_ament_install']
[1.253s] Level 1:colcon.colcon_core.package_identification:_identify(.) by extension 'ignore'
[1.253s] Level 1:colcon.colcon_core.package_identification:_identify(.) by extension 'ignore_ament_install'
[1.253s] Level 1:colcon.colcon_core.package_identification:_identify(.) by extensions ['colcon_pkg']
[1.253s] Level 1:colcon.colcon_core.package_identification:_identify(.) by extension 'colcon_pkg'
[1.253s] Level 1:colcon.colcon_core.package_identification:_identify(.) by extensions ['colcon_meta']
[1.253s] Level 1:colcon.colcon_core.package_identification:_identify(.) by extension 'colcon_meta'
[1.253s] Level 1:colcon.colcon_core.package_identification:_identify(.) by extensions ['ros']
[1.253s] Level 1:colcon.colcon_core.package_identification:_identify(.) by extension 'ros'
[1.263s] Level 1:colcon.colcon_core.package_identification:_identify(.) by extensions ['cmake', 'python']
[1.263s] Level 1:colcon.colcon_core.package_identification:_identify(.) by extension 'cmake'
[1.263s] Level 1:colcon.colcon_core.package_identification:_identify(.) by extension 'python'
[1.263s] Level 1:colcon.colcon_core.package_identification:_identify(.) by extensions ['python_setup_py']
[1.263s] Level 1:colcon.colcon_core.package_identification:_identify(.) by extension 'python_setup_py'
[1.264s] Level 1:colcon.colcon_core.package_identification:_identify(build) by extensions ['ignore', 'ignore_ament_install']
[1.264s] Level 1:colcon.colcon_core.package_identification:_identify(build) by extension 'ignore'
[1.264s] Level 1:colcon.colcon_core.package_identification:_identify(build) ignored
[1.264s] Level 1:colcon.colcon_core.package_identification:_identify(install) by extensions ['ignore', 'ignore_ament_install']
[1.264s] Level 1:colcon.colcon_core.package_identification:_identify(install) by extension 'ignore'
[1.264s] Level 1:colcon.colcon_core.package_identification:_identify(install) ignored
[1.264s] Level 1:colcon.colcon_core.package_identification:_identify(log) by extensions ['ignore', 'ignore_ament_install']
[1.264s] Level 1:colcon.colcon_core.package_identification:_identify(log) by extension 'ignore'
[1.264s] Level 1:colcon.colcon_core.package_identification:_identify(log) ignored
[1.265s] Level 1:colcon.colcon_core.package_identification:_identify(src) by extensions ['ignore', 'ignore_ament_install']
[1.265s] Level 1:colcon.colcon_core.package_identification:_identify(src) by extension 'ignore'
[1.265s] Level 1:colcon.colcon_core.package_identification:_identify(src) by extension 'ignore_ament_install'
[1.265s] Level 1:colcon.colcon_core.package_identification:_identify(src) by extensions ['colcon_pkg']
[1.265s] Level 1:colcon.colcon_core.package_identification:_identify(src) by extension 'colcon_pkg'
[1.265s] Level 1:colcon.colcon_core.package_identification:_identify(src) by extensions ['colcon_meta']
[1.265s] Level 1:colcon.colcon_core.package_identification:_identify(src) by extension 'colcon_meta'
[1.265s] Level 1:colcon.colcon_core.package_identification:_identify(src) by extensions ['ros']
[1.265s] Level 1:colcon.colcon_core.package_identification:_identify(src) by extension 'ros'
[1.265s] Level 1:colcon.colcon_core.package_identification:_identify(src) by extensions ['cmake', 'python']
[1.265s] Level 1:colcon.colcon_core.package_identification:_identify(src) by extension 'cmake'
[1.265s] Level 1:colcon.colcon_core.package_identification:_identify(src) by extension 'python'
[1.265s] Level 1:colcon.colcon_core.package_identification:_identify(src) by extensions ['python_setup_py']
[1.265s] Level 1:colcon.colcon_core.package_identification:_identify(src) by extension 'python_setup_py'
[1.265s] Level 1:colcon.colcon_core.package_identification:_identify(src/cpp) by extensions ['ignore', 'ignore_ament_install']
[1.265s] Level 1:colcon.colcon_core.package_identification:_identify(src/cpp) by extension 'ignore'
[1.265s] Level 1:colcon.colcon_core.package_identification:_identify(src/cpp) by extension 'ignore_ament_install'
[1.265s] Level 1:colcon.colcon_core.package_identification:_identify(src/cpp) by extensions ['colcon_pkg']
[1.265s] Level 1:colcon.colcon_core.package_identification:_identify(src/cpp) by extension 'colcon_pkg'
[1.265s] Level 1:colcon.colcon_core.package_identification:_identify(src/cpp) by extensions ['colcon_meta']
[1.265s] Level 1:colcon.colcon_core.package_identification:_identify(src/cpp) by extension 'colcon_meta'
[1.265s] Level 1:colcon.colcon_core.package_identification:_identify(src/cpp) by extensions ['ros']
[1.266s] Level 1:colcon.colcon_core.package_identification:_identify(src/cpp) by extension 'ros'
[1.266s] Level 1:colcon.colcon_core.package_identification:_identify(src/cpp) by extensions ['cmake', 'python']
[1.266s] Level 1:colcon.colcon_core.package_identification:_identify(src/cpp) by extension 'cmake'
[1.267s] Level 1:colcon.colcon_core.package_identification:_identify(src/cpp) by extension 'python'
[1.267s] DEBUG:colcon.colcon_core.package_identification:Package 'src/cpp' with type 'cmake' and name 'cpp'
[1.267s] Level 1:colcon.colcon_core.package_identification:_identify(src/pointcloud_publisher) by extensions ['ignore', 'ignore_ament_install']
[1.267s] Level 1:colcon.colcon_core.package_identification:_identify(src/pointcloud_publisher) by extension 'ignore'
[1.267s] Level 1:colcon.colcon_core.package_identification:_identify(src/pointcloud_publisher) by extension 'ignore_ament_install'
[1.267s] Level 1:colcon.colcon_core.package_identification:_identify(src/pointcloud_publisher) by extensions ['colcon_pkg']
[1.267s] Level 1:colcon.colcon_core.package_identification:_identify(src/pointcloud_publisher) by extension 'colcon_pkg'
[1.267s] Level 1:colcon.colcon_core.package_identification:_identify(src/pointcloud_publisher) by extensions ['colcon_meta']
[1.267s] Level 1:colcon.colcon_core.package_identification:_identify(src/pointcloud_publisher) by extension 'colcon_meta'
[1.267s] Level 1:colcon.colcon_core.package_identification:_identify(src/pointcloud_publisher) by extensions ['ros']
[1.267s] Level 1:colcon.colcon_core.package_identification:_identify(src/pointcloud_publisher) by extension 'ros'
[1.269s] DEBUG:colcon.colcon_core.package_identification:Package 'src/pointcloud_publisher' with type 'ros.ament_python' and name 'pointcloud_publisher'
[1.270s] Level 1:colcon.colcon_core.package_identification:_identify(src/py) by extensions ['ignore', 'ignore_ament_install']
[1.270s] Level 1:colcon.colcon_core.package_identification:_identify(src/py) by extension 'ignore'
[1.270s] Level 1:colcon.colcon_core.package_identification:_identify(src/py) by extension 'ignore_ament_install'
[1.270s] Level 1:colcon.colcon_core.package_identification:_identify(src/py) by extensions ['colcon_pkg']
[1.270s] Level 1:colcon.colcon_core.package_identification:_identify(src/py) by extension 'colcon_pkg'
[1.270s] Level 1:colcon.colcon_core.package_identification:_identify(src/py) by extensions ['colcon_meta']
[1.270s] Level 1:colcon.colcon_core.package_identification:_identify(src/py) by extension 'colcon_meta'
[1.270s] Level 1:colcon.colcon_core.package_identification:_identify(src/py) by extensions ['ros']
[1.270s] Level 1:colcon.colcon_core.package_identification:_identify(src/py) by extension 'ros'
[1.270s] Level 1:colcon.colcon_core.package_identification:_identify(src/py) by extensions ['cmake', 'python']
[1.270s] Level 1:colcon.colcon_core.package_identification:_identify(src/py) by extension 'cmake'
[1.270s] Level 1:colcon.colcon_core.package_identification:_identify(src/py) by extension 'python'
[1.270s] Level 1:colcon.colcon_core.package_identification:_identify(src/py) by extensions ['python_setup_py']
[1.270s] Level 1:colcon.colcon_core.package_identification:_identify(src/py) by extension 'python_setup_py'
[1.558s] ERROR:colcon.colcon_core.package_identification:Exception in package identification extension 'python_setup_py' in 'src/py': Command '['/usr/bin/python3', '-c', 'import sys;from contextlib import suppress;exec("with suppress(ImportError):    from setuptools.extern.packaging.specifiers    import SpecifierSet");exec("with suppress(ImportError):    from packaging.specifiers import SpecifierSet");from distutils.core import run_setup;dist = run_setup(    \'setup.py\', script_args=(\'--dry-run\',), stop_after=\'config\');skip_keys = (\'cmdclass\', \'distclass\', \'ext_modules\', \'metadata\');data = {    key: value for key, value in dist.__dict__.items()     if (        not key.startswith(\'_\') and         not callable(value) and         key not in skip_keys and         key not in dist.display_option_names    )};data[\'metadata\'] = {    k: v for k, v in dist.metadata.__dict__.items()     if k not in (\'license_files\', \'provides_extras\')};sys.stdout.buffer.write(repr(data).encode(\'utf-8\'))']' returned non-zero exit status 1.
Traceback (most recent call last):
  File "/usr/lib/python3/dist-packages/colcon_core/package_identification/__init__.py", line 142, in _identify
    retval = extension.identify(_reused_descriptor_instance)
  File "/usr/lib/python3/dist-packages/colcon_python_setup_py/package_identification/python_setup_py.py", line 48, in identify
    config = get_setup_information(setup_py)
  File "/usr/lib/python3/dist-packages/colcon_python_setup_py/package_identification/python_setup_py.py", line 241, in get_setup_information
    _setup_information_cache[hashable_env] = _get_setup_information(
  File "/usr/lib/python3/dist-packages/colcon_python_setup_py/package_identification/python_setup_py.py", line 288, in _get_setup_information
    result = subprocess.run(
  File "/usr/lib/python3.10/subprocess.py", line 526, in run
    raise CalledProcessError(retcode, process.args,
subprocess.CalledProcessError: Command '['/usr/bin/python3', '-c', 'import sys;from contextlib import suppress;exec("with suppress(ImportError):    from setuptools.extern.packaging.specifiers    import SpecifierSet");exec("with suppress(ImportError):    from packaging.specifiers import SpecifierSet");from distutils.core import run_setup;dist = run_setup(    \'setup.py\', script_args=(\'--dry-run\',), stop_after=\'config\');skip_keys = (\'cmdclass\', \'distclass\', \'ext_modules\', \'metadata\');data = {    key: value for key, value in dist.__dict__.items()     if (        not key.startswith(\'_\') and         not callable(value) and         key not in skip_keys and         key not in dist.display_option_names    )};data[\'metadata\'] = {    k: v for k, v in dist.metadata.__dict__.items()     if k not in (\'license_files\', \'provides_extras\')};sys.stdout.buffer.write(repr(data).encode(\'utf-8\'))']' returned non-zero exit status 1.

[1.559s] Level 1:colcon.colcon_core.package_discovery:discover_packages(recursive) using defaults
[1.559s] Level 1:colcon.colcon_core.package_discovery:discover_packages(ignore) discover
[1.559s] Level 1:colcon.colcon_core.package_discovery:discover_packages(ignore) using defaults
[1.559s] Level 1:colcon.colcon_core.package_discovery:discover_packages(path) discover
[1.559s] Level 1:colcon.colcon_core.package_discovery:discover_packages(path) using defaults
[1.668s] Level 1:colcon.colcon_core.package_discovery:discover_packages(prefix_path) check parameters
[1.668s] Level 1:colcon.colcon_core.package_discovery:discover_packages(prefix_path) discover
[1.701s] DEBUG:colcon.colcon_installed_package_information.package_discovery:Found 3 installed packages in /home/athul/uav/Landing-Assist-Module-LAM/ros2/install
[1.719s] DEBUG:colcon.colcon_installed_package_information.package_discovery:Found 424 installed packages in /opt/ros/humble
[1.721s] Level 1:colcon.colcon_core.package_discovery:discover_packages(prefix_path) using defaults
[1.850s] Level 5:colcon.colcon_core.verb:set package 'cpp' build argument 'cmake_args' from command line to 'None'
[1.850s] Level 5:colcon.colcon_core.verb:set package 'cpp' build argument 'cmake_target' from command line to 'None'
[1.850s] Level 5:colcon.colcon_core.verb:set package 'cpp' build argument 'cmake_target_skip_unavailable' from command line to 'False'
[1.850s] Level 5:colcon.colcon_core.verb:set package 'cpp' build argument 'cmake_clean_cache' from command line to 'False'
[1.850s] Level 5:colcon.colcon_core.verb:set package 'cpp' build argument 'cmake_clean_first' from command line to 'False'
[1.850s] Level 5:colcon.colcon_core.verb:set package 'cpp' build argument 'cmake_force_configure' from command line to 'False'
[1.850s] Level 5:colcon.colcon_core.verb:set package 'cpp' build argument 'ament_cmake_args' from command line to 'None'
[1.850s] Level 5:colcon.colcon_core.verb:set package 'cpp' build argument 'catkin_cmake_args' from command line to 'None'
[1.850s] Level 5:colcon.colcon_core.verb:set package 'cpp' build argument 'catkin_skip_building_tests' from command line to 'False'
[1.851s] DEBUG:colcon.colcon_core.verb:Building package 'cpp' with the following arguments: {'ament_cmake_args': None, 'build_base': '/home/athul/uav/Landing-Assist-Module-LAM/ros2/build/cpp', 'catkin_cmake_args': None, 'catkin_skip_building_tests': False, 'cmake_args': None, 'cmake_clean_cache': False, 'cmake_clean_first': False, 'cmake_force_configure': False, 'cmake_target': None, 'cmake_target_skip_unavailable': False, 'install_base': '/home/athul/uav/Landing-Assist-Module-LAM/ros2/install/cpp', 'merge_install': False, 'path': '/home/athul/uav/Landing-Assist-Module-LAM/ros2/src/cpp', 'symlink_install': True, 'test_result_base': None}
[1.867s] Level 5:colcon.colcon_core.verb:set package 'pointcloud_publisher' build argument 'cmake_args' from command line to 'None'
[1.867s] Level 5:colcon.colcon_core.verb:set package 'pointcloud_publisher' build argument 'cmake_target' from command line to 'None'
[1.867s] Level 5:colcon.colcon_core.verb:set package 'pointcloud_publisher' build argument 'cmake_target_skip_unavailable' from command line to 'False'
[1.867s] Level 5:colcon.colcon_core.verb:set package 'pointcloud_publisher' build argument 'cmake_clean_cache' from command line to 'False'
[1.867s] Level 5:colcon.colcon_core.verb:set package 'pointcloud_publisher' build argument 'cmake_clean_first' from command line to 'False'
[1.867s] Level 5:colcon.colcon_core.verb:set package 'pointcloud_publisher' build argument 'cmake_force_configure' from command line to 'False'
[1.867s] Level 5:colcon.colcon_core.verb:set package 'pointcloud_publisher' build argument 'ament_cmake_args' from command line to 'None'
[1.867s] Level 5:colcon.colcon_core.verb:set package 'pointcloud_publisher' build argument 'catkin_cmake_args' from command line to 'None'
[1.867s] Level 5:colcon.colcon_core.verb:set package 'pointcloud_publisher' build argument 'catkin_skip_building_tests' from command line to 'False'
[1.867s] DEBUG:colcon.colcon_core.verb:Building package 'pointcloud_publisher' with the following arguments: {'ament_cmake_args': None, 'build_base': '/home/athul/uav/Landing-Assist-Module-LAM/ros2/build/pointcloud_publisher', 'catkin_cmake_args': None, 'catkin_skip_building_tests': False, 'cmake_args': None, 'cmake_clean_cache': False, 'cmake_clean_first': False, 'cmake_force_configure': False, 'cmake_target': None, 'cmake_target_skip_unavailable': False, 'install_base': '/home/athul/uav/Landing-Assist-Module-LAM/ros2/install/pointcloud_publisher', 'merge_install': False, 'path': '/home/athul/uav/Landing-Assist-Module-LAM/ros2/src/pointcloud_publisher', 'symlink_install': True, 'test_result_base': None}
[1.883s] INFO:colcon.colcon_core.executor:Executing jobs using 'parallel' executor
[1.899s] DEBUG:colcon.colcon_parallel_executor.executor.parallel:run_until_complete
[1.900s] INFO:colcon.colcon_cmake.task.cmake.build:Building CMake package in '/home/athul/uav/Landing-Assist-Module-LAM/ros2/src/cpp'
[1.918s] INFO:colcon.colcon_core.plugin_system:Skipping extension 'colcon_core.shell.bat': Not used on non-Windows systems
[1.918s] INFO:colcon.colcon_core.shell:Skip shell extension 'powershell' for command environment: Not usable outside of PowerShell
[1.918s] DEBUG:colcon.colcon_core.shell:Skip shell extension 'dsv' for command environment
[1.968s] INFO:colcon.colcon_ros.task.ament_python.build:Building ROS package in '/home/athul/uav/Landing-Assist-Module-LAM/ros2/src/pointcloud_publisher' with build type 'ament_python'
[1.968s] Level 1:colcon.colcon_core.shell:create_environment_hook('pointcloud_publisher', 'ament_prefix_path')
[1.985s] INFO:colcon.colcon_core.shell:Creating environment hook '/home/athul/uav/Landing-Assist-Module-LAM/ros2/install/pointcloud_publisher/share/pointcloud_publisher/hook/ament_prefix_path.ps1'
[1.985s] INFO:colcon.colcon_core.shell:Creating environment descriptor '/home/athul/uav/Landing-Assist-Module-LAM/ros2/install/pointcloud_publisher/share/pointcloud_publisher/hook/ament_prefix_path.dsv'
[1.986s] INFO:colcon.colcon_core.shell:Creating environment hook '/home/athul/uav/Landing-Assist-Module-LAM/ros2/install/pointcloud_publisher/share/pointcloud_publisher/hook/ament_prefix_path.sh'
[2.002s] INFO:colcon.colcon_core.shell:Skip shell extension 'powershell' for command environment: Not usable outside of PowerShell
[2.003s] DEBUG:colcon.colcon_core.shell:Skip shell extension 'dsv' for command environment
[2.059s] DEBUG:colcon.colcon_core.event_handler.log_command:Invoking command in '/home/athul/uav/Landing-Assist-Module-LAM/ros2/build/cpp': /usr/bin/cmake --build /home/athul/uav/Landing-Assist-Module-LAM/ros2/build/cpp -- -j6 -l6
[2.319s] INFO:colcon.colcon_core.task.python.build:Building Python package in '/home/athul/uav/Landing-Assist-Module-LAM/ros2/src/pointcloud_publisher'
[2.337s] INFO:colcon.colcon_core.shell:Skip shell extension 'powershell' for command environment: Not usable outside of PowerShell
[2.337s] DEBUG:colcon.colcon_core.shell:Skip shell extension 'dsv' for command environment
[2.388s] DEBUG:colcon.colcon_core.event_handler.log_command:Invoked command in '/home/athul/uav/Landing-Assist-Module-LAM/ros2/build/cpp' returned '0': /usr/bin/cmake --build /home/athul/uav/Landing-Assist-Module-LAM/ros2/build/cpp -- -j6 -l6
[2.409s] WARNING:colcon.colcon_cmake.task.cmake.build:Could not run installation step for package 'cpp' because it has no 'install' target
[2.409s] Level 1:colcon.colcon_core.environment:create_environment_scripts_only(cpp)
[2.427s] Level 1:colcon.colcon_core.environment:checking '/home/athul/uav/Landing-Assist-Module-LAM/ros2/install/cpp' for CMake module files
[2.427s] Level 1:colcon.colcon_core.environment:checking '/home/athul/uav/Landing-Assist-Module-LAM/ros2/install/cpp' for CMake config files
[2.428s] Level 1:colcon.colcon_core.environment:checking '/home/athul/uav/Landing-Assist-Module-LAM/ros2/install/cpp/bin'
[2.428s] Level 1:colcon.colcon_core.environment:checking '/home/athul/uav/Landing-Assist-Module-LAM/ros2/install/cpp/lib/pkgconfig/cpp.pc'
[2.428s] Level 1:colcon.colcon_core.environment:checking '/home/athul/uav/Landing-Assist-Module-LAM/ros2/install/cpp/lib/python3.10/site-packages'
[2.429s] Level 1:colcon.colcon_core.environment:checking '/home/athul/uav/Landing-Assist-Module-LAM/ros2/install/cpp/bin'
[2.445s] INFO:colcon.colcon_core.shell:Creating package script '/home/athul/uav/Landing-Assist-Module-LAM/ros2/install/cpp/share/cpp/package.ps1'
[2.446s] INFO:colcon.colcon_core.shell:Creating package descriptor '/home/athul/uav/Landing-Assist-Module-LAM/ros2/install/cpp/share/cpp/package.dsv'
[2.446s] INFO:colcon.colcon_core.shell:Creating package script '/home/athul/uav/Landing-Assist-Module-LAM/ros2/install/cpp/share/cpp/package.sh'
[2.446s] INFO:colcon.colcon_core.shell:Creating package script '/home/athul/uav/Landing-Assist-Module-LAM/ros2/install/cpp/share/cpp/package.bash'
[2.447s] INFO:colcon.colcon_core.shell:Creating package script '/home/athul/uav/Landing-Assist-Module-LAM/ros2/install/cpp/share/cpp/package.zsh'
[2.447s] Level 1:colcon.colcon_core.environment:create_file_with_runtime_dependencies(/home/athul/uav/Landing-Assist-Module-LAM/ros2/install/cpp/share/colcon-core/packages/cpp)
[2.797s] DEBUG:colcon.colcon_core.task.python.build:While undoing a previous installation files outside the Python library path are being ignored: /home/athul/uav/Landing-Assist-Module-LAM/ros2/install/pointcloud_publisher/share/ament_index/resource_index/packages/pointcloud_publisher
[2.797s] DEBUG:colcon.colcon_core.task.python.build:While undoing a previous installation files outside the Python library path are being ignored: /home/athul/uav/Landing-Assist-Module-LAM/ros2/install/pointcloud_publisher/share/pointcloud_publisher/package.xml
[2.797s] DEBUG:colcon.colcon_core.task.python.build:While undoing a previous installation files outside the Python library path are being ignored: /home/athul/uav/Landing-Assist-Module-LAM/ros2/install/pointcloud_publisher/lib/pointcloud_publisher/combined_plane_detection
[2.797s] DEBUG:colcon.colcon_core.task.python.build:While undoing a previous installation files outside the Python library path are being ignored: /home/athul/uav/Landing-Assist-Module-LAM/ros2/install/pointcloud_publisher/lib/pointcloud_publisher/planar_patch_plane_detection
[2.797s] DEBUG:colcon.colcon_core.task.python.build:While undoing a previous installation files outside the Python library path are being ignored: /home/athul/uav/Landing-Assist-Module-LAM/ros2/install/pointcloud_publisher/lib/pointcloud_publisher/pointcloud_publisher
[2.797s] DEBUG:colcon.colcon_core.task.python.build:While undoing a previous installation files outside the Python library path are being ignored: /home/athul/uav/Landing-Assist-Module-LAM/ros2/install/pointcloud_publisher/lib/pointcloud_publisher/pointcloud_subscriber
[2.797s] DEBUG:colcon.colcon_core.task.python.build:While undoing a previous installation files outside the Python library path are being ignored: /home/athul/uav/Landing-Assist-Module-LAM/ros2/install/pointcloud_publisher/lib/pointcloud_publisher/prosac_plane_detection
[2.798s] DEBUG:colcon.colcon_core.task.python.build:While undoing a previous installation files outside the Python library path are being ignored: /home/athul/uav/Landing-Assist-Module-LAM/ros2/install/pointcloud_publisher/lib/pointcloud_publisher/ransac_plane_detection
[2.802s] DEBUG:colcon.colcon_core.event_handler.log_command:Invoking command in '/home/athul/uav/Landing-Assist-Module-LAM/ros2/build/pointcloud_publisher': PYTHONPATH=/home/athul/uav/Landing-Assist-Module-LAM/ros2/build/pointcloud_publisher/prefix_override:/home/athul/uav/Landing-Assist-Module-LAM/ros2/install/pointcloud_publisher/lib/python3.10/site-packages:${PYTHONPATH} /usr/bin/python3 setup.py develop --editable --build-directory /home/athul/uav/Landing-Assist-Module-LAM/ros2/build/pointcloud_publisher/build --no-deps install_data
[3.309s] Level 1:colcon.colcon_core.shell:create_environment_hook('pointcloud_publisher', 'pythonpath_develop')
[3.310s] DEBUG:colcon.colcon_core.event_handler.log_command:Invoked command in '/home/athul/uav/Landing-Assist-Module-LAM/ros2/build/pointcloud_publisher' returned '0': PYTHONPATH=/home/athul/uav/Landing-Assist-Module-LAM/ros2/build/pointcloud_publisher/prefix_override:/home/athul/uav/Landing-Assist-Module-LAM/ros2/install/pointcloud_publisher/lib/python3.10/site-packages:${PYTHONPATH} /usr/bin/python3 setup.py develop --editable --build-directory /home/athul/uav/Landing-Assist-Module-LAM/ros2/build/pointcloud_publisher/build --no-deps install_data
[3.350s] INFO:colcon.colcon_core.shell:Creating environment hook '/home/athul/uav/Landing-Assist-Module-LAM/ros2/build/pointcloud_publisher/share/pointcloud_publisher/hook/pythonpath_develop.ps1'
[3.351s] INFO:colcon.colcon_core.shell:Creating environment descriptor '/home/athul/uav/Landing-Assist-Module-LAM/ros2/build/pointcloud_publisher/share/pointcloud_publisher/hook/pythonpath_develop.dsv'
[3.351s] INFO:colcon.colcon_core.shell:Creating environment hook '/home/athul/uav/Landing-Assist-Module-LAM/ros2/build/pointcloud_publisher/share/pointcloud_publisher/hook/pythonpath_develop.sh'
[3.394s] Level 1:colcon.colcon_core.environment:checking '/home/athul/uav/Landing-Assist-Module-LAM/ros2/install/pointcloud_publisher' for CMake module files
[3.400s] Level 1:colcon.colcon_core.environment:checking '/home/athul/uav/Landing-Assist-Module-LAM/ros2/install/pointcloud_publisher' for CMake config files
[3.402s] Level 1:colcon.colcon_core.environment:checking '/home/athul/uav/Landing-Assist-Module-LAM/ros2/install/pointcloud_publisher/lib'
[3.403s] Level 1:colcon.colcon_core.environment:checking '/home/athul/uav/Landing-Assist-Module-LAM/ros2/install/pointcloud_publisher/bin'
[3.403s] Level 1:colcon.colcon_core.environment:checking '/home/athul/uav/Landing-Assist-Module-LAM/ros2/install/pointcloud_publisher/lib/pkgconfig/pointcloud_publisher.pc'
[3.403s] Level 1:colcon.colcon_core.environment:checking '/home/athul/uav/Landing-Assist-Module-LAM/ros2/install/pointcloud_publisher/lib/python3.10/site-packages'
[3.403s] Level 1:colcon.colcon_core.shell:create_environment_hook('pointcloud_publisher', 'pythonpath')
[3.421s] INFO:colcon.colcon_core.shell:Creating environment hook '/home/athul/uav/Landing-Assist-Module-LAM/ros2/install/pointcloud_publisher/share/pointcloud_publisher/hook/pythonpath.ps1'
[3.421s] INFO:colcon.colcon_core.shell:Creating environment descriptor '/home/athul/uav/Landing-Assist-Module-LAM/ros2/install/pointcloud_publisher/share/pointcloud_publisher/hook/pythonpath.dsv'
[3.421s] INFO:colcon.colcon_core.shell:Creating environment hook '/home/athul/uav/Landing-Assist-Module-LAM/ros2/install/pointcloud_publisher/share/pointcloud_publisher/hook/pythonpath.sh'
[3.422s] Level 1:colcon.colcon_core.environment:checking '/home/athul/uav/Landing-Assist-Module-LAM/ros2/install/pointcloud_publisher/bin'
[3.422s] Level 1:colcon.colcon_core.environment:create_environment_scripts_only(pointcloud_publisher)
[3.438s] INFO:colcon.colcon_core.shell:Creating package script '/home/athul/uav/Landing-Assist-Module-LAM/ros2/install/pointcloud_publisher/share/pointcloud_publisher/package.ps1'
[3.438s] INFO:colcon.colcon_core.shell:Creating package descriptor '/home/athul/uav/Landing-Assist-Module-LAM/ros2/install/pointcloud_publisher/share/pointcloud_publisher/package.dsv'
[3.439s] INFO:colcon.colcon_core.shell:Creating package script '/home/athul/uav/Landing-Assist-Module-LAM/ros2/install/pointcloud_publisher/share/pointcloud_publisher/package.sh'
[3.439s] INFO:colcon.colcon_core.shell:Creating package script '/home/athul/uav/Landing-Assist-Module-LAM/ros2/install/pointcloud_publisher/share/pointcloud_publisher/package.bash'
[3.439s] INFO:colcon.colcon_core.shell:Creating package script '/home/athul/uav/Landing-Assist-Module-LAM/ros2/install/pointcloud_publisher/share/pointcloud_publisher/package.zsh'
[3.440s] Level 1:colcon.colcon_core.environment:create_file_with_runtime_dependencies(/home/athul/uav/Landing-Assist-Module-LAM/ros2/install/pointcloud_publisher/share/colcon-core/packages/pointcloud_publisher)
[3.440s] DEBUG:colcon.colcon_parallel_executor.executor.parallel:closing loop
[3.440s] DEBUG:colcon.colcon_parallel_executor.executor.parallel:loop closed
[3.440s] DEBUG:colcon.colcon_parallel_executor.executor.parallel:run_until_complete finished with '0'
[3.441s] DEBUG:colcon.colcon_core.event_reactor:joining thread
[3.475s] INFO:colcon.colcon_core.plugin_system:Skipping extension 'colcon_notification.desktop_notification.terminal_notifier': Not used on non-Darwin systems
[3.475s] INFO:colcon.colcon_core.plugin_system:Skipping extension 'colcon_notification.desktop_notification.win32': Not used on non-Windows systems
[3.475s] INFO:colcon.colcon_notification.desktop_notification:Sending desktop notification using 'notify2'
[3.508s] DEBUG:colcon.colcon_core.event_reactor:joined thread
[3.525s] INFO:colcon.colcon_core.shell:Creating prefix script '/home/athul/uav/Landing-Assist-Module-LAM/ros2/install/local_setup.ps1'
[3.526s] INFO:colcon.colcon_core.shell:Creating prefix util module '/home/athul/uav/Landing-Assist-Module-LAM/ros2/install/_local_setup_util_ps1.py'
[3.528s] INFO:colcon.colcon_core.shell:Creating prefix chain script '/home/athul/uav/Landing-Assist-Module-LAM/ros2/install/setup.ps1'
[3.544s] INFO:colcon.colcon_core.shell:Creating prefix script '/home/athul/uav/Landing-Assist-Module-LAM/ros2/install/local_setup.sh'
[3.545s] INFO:colcon.colcon_core.shell:Creating prefix util module '/home/athul/uav/Landing-Assist-Module-LAM/ros2/install/_local_setup_util_sh.py'
[3.545s] INFO:colcon.colcon_core.shell:Creating prefix chain script '/home/athul/uav/Landing-Assist-Module-LAM/ros2/install/setup.sh'
[3.562s] INFO:colcon.colcon_core.shell:Creating prefix script '/home/athul/uav/Landing-Assist-Module-LAM/ros2/install/local_setup.bash'
[3.562s] INFO:colcon.colcon_core.shell:Creating prefix chain script '/home/athul/uav/Landing-Assist-Module-LAM/ros2/install/setup.bash'
[3.579s] INFO:colcon.colcon_core.shell:Creating prefix script '/home/athul/uav/Landing-Assist-Module-LAM/ros2/install/local_setup.zsh'
[3.580s] INFO:colcon.colcon_core.shell:Creating prefix chain script '/home/athul/uav/Landing-Assist-Module-LAM/ros2/install/setup.zsh'
