[0.549s] Invoking command in '/home/athul/Landing-Assist-Module-LAM/ros2/src/pointcloud_publisher': PYTHONPATH=/home/athul/Landing-Assist-Module-LAM/ros2/build/pointcloud_publisher/prefix_override:/home/athul/Landing-Assist-Module-LAM/ros2/install/pointcloud_publisher/lib/python3.8/site-packages: /usr/bin/python3 -W ignore:setup.py install is deprecated setup.py egg_info --egg-base ../../build/pointcloud_publisher build --build-base /home/athul/Landing-Assist-Module-LAM/ros2/build/pointcloud_publisher/build install --record /home/athul/Landing-Assist-Module-LAM/ros2/build/pointcloud_publisher/install.log --single-version-externally-managed install_data
[0.674s] running egg_info
[0.674s] creating ../../build/pointcloud_publisher/pointcloud_publisher.egg-info
[0.674s] writing ../../build/pointcloud_publisher/pointcloud_publisher.egg-info/PKG-INFO
[0.674s] writing dependency_links to ../../build/pointcloud_publisher/pointcloud_publisher.egg-info/dependency_links.txt
[0.674s] writing entry points to ../../build/pointcloud_publisher/pointcloud_publisher.egg-info/entry_points.txt
[0.674s] writing requirements to ../../build/pointcloud_publisher/pointcloud_publisher.egg-info/requires.txt
[0.674s] writing top-level names to ../../build/pointcloud_publisher/pointcloud_publisher.egg-info/top_level.txt
[0.679s] writing manifest file '../../build/pointcloud_publisher/pointcloud_publisher.egg-info/SOURCES.txt'
[0.699s] reading manifest file '../../build/pointcloud_publisher/pointcloud_publisher.egg-info/SOURCES.txt'
[0.699s] writing manifest file '../../build/pointcloud_publisher/pointcloud_publisher.egg-info/SOURCES.txt'
[0.699s] running build
[0.699s] running build_py
[0.700s] creating /home/athul/Landing-Assist-Module-LAM/ros2/build/pointcloud_publisher/build
[0.700s] creating /home/athul/Landing-Assist-Module-LAM/ros2/build/pointcloud_publisher/build/lib
[0.700s] creating /home/athul/Landing-Assist-Module-LAM/ros2/build/pointcloud_publisher/build/lib/pointcloud_publisher
[0.700s] copying pointcloud_publisher/ransac_plane_detection.py -> /home/athul/Landing-Assist-Module-LAM/ros2/build/pointcloud_publisher/build/lib/pointcloud_publisher
[0.700s] copying pointcloud_publisher/pointcloud_publisher.py -> /home/athul/Landing-Assist-Module-LAM/ros2/build/pointcloud_publisher/build/lib/pointcloud_publisher
[0.700s] copying pointcloud_publisher/combined_plane_detection.py -> /home/athul/Landing-Assist-Module-LAM/ros2/build/pointcloud_publisher/build/lib/pointcloud_publisher
[0.700s] copying pointcloud_publisher/ransac_prosac.py -> /home/athul/Landing-Assist-Module-LAM/ros2/build/pointcloud_publisher/build/lib/pointcloud_publisher
[0.700s] copying pointcloud_publisher/planar_patch_plane_detection.py -> /home/athul/Landing-Assist-Module-LAM/ros2/build/pointcloud_publisher/build/lib/pointcloud_publisher
[0.700s] copying pointcloud_publisher/__init__.py -> /home/athul/Landing-Assist-Module-LAM/ros2/build/pointcloud_publisher/build/lib/pointcloud_publisher
[0.700s] copying pointcloud_publisher/setup.py -> /home/athul/Landing-Assist-Module-LAM/ros2/build/pointcloud_publisher/build/lib/pointcloud_publisher
[0.700s] copying pointcloud_publisher/prosac_plane_detection.py -> /home/athul/Landing-Assist-Module-LAM/ros2/build/pointcloud_publisher/build/lib/pointcloud_publisher
[0.701s] copying pointcloud_publisher/prosac_v2_plane_detection.py -> /home/athul/Landing-Assist-Module-LAM/ros2/build/pointcloud_publisher/build/lib/pointcloud_publisher
[0.701s] copying pointcloud_publisher/pointcloud_subscriber.py -> /home/athul/Landing-Assist-Module-LAM/ros2/build/pointcloud_publisher/build/lib/pointcloud_publisher
[0.701s] running install
[0.701s] running install_lib
[0.701s] creating /home/athul/Landing-Assist-Module-LAM/ros2/install/pointcloud_publisher/lib/python3.8/site-packages/pointcloud_publisher
[0.701s] copying /home/athul/Landing-Assist-Module-LAM/ros2/build/pointcloud_publisher/build/lib/pointcloud_publisher/ransac_plane_detection.py -> /home/athul/Landing-Assist-Module-LAM/ros2/install/pointcloud_publisher/lib/python3.8/site-packages/pointcloud_publisher
[0.701s] copying /home/athul/Landing-Assist-Module-LAM/ros2/build/pointcloud_publisher/build/lib/pointcloud_publisher/pointcloud_publisher.py -> /home/athul/Landing-Assist-Module-LAM/ros2/install/pointcloud_publisher/lib/python3.8/site-packages/pointcloud_publisher
[0.701s] copying /home/athul/Landing-Assist-Module-LAM/ros2/build/pointcloud_publisher/build/lib/pointcloud_publisher/combined_plane_detection.py -> /home/athul/Landing-Assist-Module-LAM/ros2/install/pointcloud_publisher/lib/python3.8/site-packages/pointcloud_publisher
[0.702s] copying /home/athul/Landing-Assist-Module-LAM/ros2/build/pointcloud_publisher/build/lib/pointcloud_publisher/ransac_prosac.py -> /home/athul/Landing-Assist-Module-LAM/ros2/install/pointcloud_publisher/lib/python3.8/site-packages/pointcloud_publisher
[0.702s] copying /home/athul/Landing-Assist-Module-LAM/ros2/build/pointcloud_publisher/build/lib/pointcloud_publisher/planar_patch_plane_detection.py -> /home/athul/Landing-Assist-Module-LAM/ros2/install/pointcloud_publisher/lib/python3.8/site-packages/pointcloud_publisher
[0.702s] copying /home/athul/Landing-Assist-Module-LAM/ros2/build/pointcloud_publisher/build/lib/pointcloud_publisher/__init__.py -> /home/athul/Landing-Assist-Module-LAM/ros2/install/pointcloud_publisher/lib/python3.8/site-packages/pointcloud_publisher
[0.702s] copying /home/athul/Landing-Assist-Module-LAM/ros2/build/pointcloud_publisher/build/lib/pointcloud_publisher/setup.py -> /home/athul/Landing-Assist-Module-LAM/ros2/install/pointcloud_publisher/lib/python3.8/site-packages/pointcloud_publisher
[0.702s] copying /home/athul/Landing-Assist-Module-LAM/ros2/build/pointcloud_publisher/build/lib/pointcloud_publisher/prosac_plane_detection.py -> /home/athul/Landing-Assist-Module-LAM/ros2/install/pointcloud_publisher/lib/python3.8/site-packages/pointcloud_publisher
[0.702s] copying /home/athul/Landing-Assist-Module-LAM/ros2/build/pointcloud_publisher/build/lib/pointcloud_publisher/prosac_v2_plane_detection.py -> /home/athul/Landing-Assist-Module-LAM/ros2/install/pointcloud_publisher/lib/python3.8/site-packages/pointcloud_publisher
[0.702s] copying /home/athul/Landing-Assist-Module-LAM/ros2/build/pointcloud_publisher/build/lib/pointcloud_publisher/pointcloud_subscriber.py -> /home/athul/Landing-Assist-Module-LAM/ros2/install/pointcloud_publisher/lib/python3.8/site-packages/pointcloud_publisher
[0.702s] byte-compiling /home/athul/Landing-Assist-Module-LAM/ros2/install/pointcloud_publisher/lib/python3.8/site-packages/pointcloud_publisher/ransac_plane_detection.py to ransac_plane_detection.cpython-38.pyc
[0.703s] byte-compiling /home/athul/Landing-Assist-Module-LAM/ros2/install/pointcloud_publisher/lib/python3.8/site-packages/pointcloud_publisher/pointcloud_publisher.py to pointcloud_publisher.cpython-38.pyc
[0.703s] byte-compiling /home/athul/Landing-Assist-Module-LAM/ros2/install/pointcloud_publisher/lib/python3.8/site-packages/pointcloud_publisher/combined_plane_detection.py to combined_plane_detection.cpython-38.pyc
[0.704s] byte-compiling /home/athul/Landing-Assist-Module-LAM/ros2/install/pointcloud_publisher/lib/python3.8/site-packages/pointcloud_publisher/ransac_prosac.py to ransac_prosac.cpython-38.pyc
[0.705s] byte-compiling /home/athul/Landing-Assist-Module-LAM/ros2/install/pointcloud_publisher/lib/python3.8/site-packages/pointcloud_publisher/planar_patch_plane_detection.py to planar_patch_plane_detection.cpython-38.pyc
[0.705s] byte-compiling /home/athul/Landing-Assist-Module-LAM/ros2/install/pointcloud_publisher/lib/python3.8/site-packages/pointcloud_publisher/__init__.py to __init__.cpython-38.pyc
[0.705s] byte-compiling /home/athul/Landing-Assist-Module-LAM/ros2/install/pointcloud_publisher/lib/python3.8/site-packages/pointcloud_publisher/setup.py to setup.cpython-38.pyc
[0.705s] byte-compiling /home/athul/Landing-Assist-Module-LAM/ros2/install/pointcloud_publisher/lib/python3.8/site-packages/pointcloud_publisher/prosac_plane_detection.py to prosac_plane_detection.cpython-38.pyc
[0.706s] byte-compiling /home/athul/Landing-Assist-Module-LAM/ros2/install/pointcloud_publisher/lib/python3.8/site-packages/pointcloud_publisher/prosac_v2_plane_detection.py to prosac_v2_plane_detection.cpython-38.pyc
[0.707s] byte-compiling /home/athul/Landing-Assist-Module-LAM/ros2/install/pointcloud_publisher/lib/python3.8/site-packages/pointcloud_publisher/pointcloud_subscriber.py to pointcloud_subscriber.cpython-38.pyc
[0.707s] running install_data
[0.708s] running install_egg_info
[0.708s] Copying ../../build/pointcloud_publisher/pointcloud_publisher.egg-info to /home/athul/Landing-Assist-Module-LAM/ros2/install/pointcloud_publisher/lib/python3.8/site-packages/pointcloud_publisher-0.0.0-py3.8.egg-info
[0.709s] running install_scripts
[0.719s] Installing combined_plane_detection script to /home/athul/Landing-Assist-Module-LAM/ros2/install/pointcloud_publisher/lib/pointcloud_publisher
[0.720s] Installing planar_patch_plane_detection script to /home/athul/Landing-Assist-Module-LAM/ros2/install/pointcloud_publisher/lib/pointcloud_publisher
[0.720s] Installing pointcloud_publisher script to /home/athul/Landing-Assist-Module-LAM/ros2/install/pointcloud_publisher/lib/pointcloud_publisher
[0.720s] Installing pointcloud_subscriber script to /home/athul/Landing-Assist-Module-LAM/ros2/install/pointcloud_publisher/lib/pointcloud_publisher
[0.720s] Installing prosac_plane_detection script to /home/athul/Landing-Assist-Module-LAM/ros2/install/pointcloud_publisher/lib/pointcloud_publisher
[0.720s] Installing prosac_v2_plane_detection script to /home/athul/Landing-Assist-Module-LAM/ros2/install/pointcloud_publisher/lib/pointcloud_publisher
[0.720s] Installing ransac_plane_detection script to /home/athul/Landing-Assist-Module-LAM/ros2/install/pointcloud_publisher/lib/pointcloud_publisher
[0.720s] writing list of installed files to '/home/athul/Landing-Assist-Module-LAM/ros2/build/pointcloud_publisher/install.log'
[0.738s] Invoked command in '/home/athul/Landing-Assist-Module-LAM/ros2/src/pointcloud_publisher' returned '0': PYTHONPATH=/home/athul/Landing-Assist-Module-LAM/ros2/build/pointcloud_publisher/prefix_override:/home/athul/Landing-Assist-Module-LAM/ros2/install/pointcloud_publisher/lib/python3.8/site-packages: /usr/bin/python3 -W ignore:setup.py install is deprecated setup.py egg_info --egg-base ../../build/pointcloud_publisher build --build-base /home/athul/Landing-Assist-Module-LAM/ros2/build/pointcloud_publisher/build install --record /home/athul/Landing-Assist-Module-LAM/ros2/build/pointcloud_publisher/install.log --single-version-externally-managed install_data
