[0.809s] Invoking command in '/home/athul/Landing-Assist-Module-LAM/ros2/src/pointcloud_publisher': PYTHONPATH=/home/athul/Landing-Assist-Module-LAM/ros2/src/build/pointcloud_publisher/prefix_override:/usr/lib/python3/dist-packages/colcon_core/task/python/colcon_distutils_commands:/home/athul/Landing-Assist-Module-LAM/ros2/src/install/pointcloud_publisher/lib/python3.8/site-packages:${PYTHONPATH} /usr/bin/python3 -W ignore:setup.py install is deprecated setup.py egg_info --egg-base ../build/pointcloud_publisher build --build-base /home/athul/Landing-Assist-Module-LAM/ros2/src/build/pointcloud_publisher/build install --record /home/athul/Landing-Assist-Module-LAM/ros2/src/build/pointcloud_publisher/install.log --single-version-externally-managed install_data
[0.979s] running egg_info
[0.980s] writing ../build/pointcloud_publisher/pointcloud_publisher.egg-info/PKG-INFO
[0.980s] writing dependency_links to ../build/pointcloud_publisher/pointcloud_publisher.egg-info/dependency_links.txt
[0.980s] writing entry points to ../build/pointcloud_publisher/pointcloud_publisher.egg-info/entry_points.txt
[0.980s] writing requirements to ../build/pointcloud_publisher/pointcloud_publisher.egg-info/requires.txt
[0.980s] writing top-level names to ../build/pointcloud_publisher/pointcloud_publisher.egg-info/top_level.txt
[1.006s] reading manifest file '../build/pointcloud_publisher/pointcloud_publisher.egg-info/SOURCES.txt'
[1.007s] writing manifest file '../build/pointcloud_publisher/pointcloud_publisher.egg-info/SOURCES.txt'
[1.007s] running build
[1.007s] running build_py
[1.008s] running install
[1.008s] running install_lib
[1.009s] running install_data
[1.009s] running install_egg_info
[1.011s] removing '/home/athul/Landing-Assist-Module-LAM/ros2/src/install/pointcloud_publisher/lib/python3.8/site-packages/pointcloud_publisher-0.0.0-py3.8.egg-info' (and everything under it)
[1.011s] Copying ../build/pointcloud_publisher/pointcloud_publisher.egg-info to /home/athul/Landing-Assist-Module-LAM/ros2/src/install/pointcloud_publisher/lib/python3.8/site-packages/pointcloud_publisher-0.0.0-py3.8.egg-info
[1.012s] running install_scripts
[1.023s] Installing combined_plane_detection script to /home/athul/Landing-Assist-Module-LAM/ros2/src/install/pointcloud_publisher/lib/pointcloud_publisher
[1.024s] Installing live_lidar_segmentation script to /home/athul/Landing-Assist-Module-LAM/ros2/src/install/pointcloud_publisher/lib/pointcloud_publisher
[1.024s] Installing planar_patch_plane_detection script to /home/athul/Landing-Assist-Module-LAM/ros2/src/install/pointcloud_publisher/lib/pointcloud_publisher
[1.024s] Installing pointcloud_publisher script to /home/athul/Landing-Assist-Module-LAM/ros2/src/install/pointcloud_publisher/lib/pointcloud_publisher
[1.024s] Installing pointcloud_subscriber script to /home/athul/Landing-Assist-Module-LAM/ros2/src/install/pointcloud_publisher/lib/pointcloud_publisher
[1.025s] Installing prosac_plane_detection script to /home/athul/Landing-Assist-Module-LAM/ros2/src/install/pointcloud_publisher/lib/pointcloud_publisher
[1.025s] Installing prosac_v2_plane_detection script to /home/athul/Landing-Assist-Module-LAM/ros2/src/install/pointcloud_publisher/lib/pointcloud_publisher
[1.025s] Installing ransac_plane_detection script to /home/athul/Landing-Assist-Module-LAM/ros2/src/install/pointcloud_publisher/lib/pointcloud_publisher
[1.025s] Installing save_pointcloud script to /home/athul/Landing-Assist-Module-LAM/ros2/src/install/pointcloud_publisher/lib/pointcloud_publisher
[1.025s] Installing save_pointcloud_plane_seg script to /home/athul/Landing-Assist-Module-LAM/ros2/src/install/pointcloud_publisher/lib/pointcloud_publisher
[1.025s] Installing save_pointcloud_publisher script to /home/athul/Landing-Assist-Module-LAM/ros2/src/install/pointcloud_publisher/lib/pointcloud_publisher
[1.025s] writing list of installed files to '/home/athul/Landing-Assist-Module-LAM/ros2/src/build/pointcloud_publisher/install.log'
[1.047s] Invoked command in '/home/athul/Landing-Assist-Module-LAM/ros2/src/pointcloud_publisher' returned '0': PYTHONPATH=/home/athul/Landing-Assist-Module-LAM/ros2/src/build/pointcloud_publisher/prefix_override:/usr/lib/python3/dist-packages/colcon_core/task/python/colcon_distutils_commands:/home/athul/Landing-Assist-Module-LAM/ros2/src/install/pointcloud_publisher/lib/python3.8/site-packages:${PYTHONPATH} /usr/bin/python3 -W ignore:setup.py install is deprecated setup.py egg_info --egg-base ../build/pointcloud_publisher build --build-base /home/athul/Landing-Assist-Module-LAM/ros2/src/build/pointcloud_publisher/build install --record /home/athul/Landing-Assist-Module-LAM/ros2/src/build/pointcloud_publisher/install.log --single-version-externally-managed install_data
