[0.854s] Invoking command in '/home/athul/Landing-Assist-Module-LAM/ros2/src/pointcloud_plane_segmentation': PYTHONPATH=/home/athul/Landing-Assist-Module-LAM/ros2/src/build/pointcloud_plane_segmentation/prefix_override:/usr/lib/python3/dist-packages/colcon_core/task/python/colcon_distutils_commands:/home/athul/Landing-Assist-Module-LAM/ros2/src/install/pointcloud_plane_segmentation/lib/python3.8/site-packages:${PYTHONPATH} /usr/bin/python3 -W ignore:setup.py install is deprecated setup.py egg_info --egg-base ../build/pointcloud_plane_segmentation build --build-base /home/athul/Landing-Assist-Module-LAM/ros2/src/build/pointcloud_plane_segmentation/build install --record /home/athul/Landing-Assist-Module-LAM/ros2/src/build/pointcloud_plane_segmentation/install.log --install-scripts $base/lib/pointcloud_plane_segmentation --single-version-externally-managed install_data
[1.025s] running egg_info
[1.026s] creating ../build/pointcloud_plane_segmentation/pointcloud_plane_segmentation.egg-info
[1.026s] writing ../build/pointcloud_plane_segmentation/pointcloud_plane_segmentation.egg-info/PKG-INFO
[1.026s] writing dependency_links to ../build/pointcloud_plane_segmentation/pointcloud_plane_segmentation.egg-info/dependency_links.txt
[1.026s] writing entry points to ../build/pointcloud_plane_segmentation/pointcloud_plane_segmentation.egg-info/entry_points.txt
[1.026s] writing requirements to ../build/pointcloud_plane_segmentation/pointcloud_plane_segmentation.egg-info/requires.txt
[1.026s] writing top-level names to ../build/pointcloud_plane_segmentation/pointcloud_plane_segmentation.egg-info/top_level.txt
[1.027s] writing manifest file '../build/pointcloud_plane_segmentation/pointcloud_plane_segmentation.egg-info/SOURCES.txt'
[1.050s] reading manifest file '../build/pointcloud_plane_segmentation/pointcloud_plane_segmentation.egg-info/SOURCES.txt'
[1.050s] writing manifest file '../build/pointcloud_plane_segmentation/pointcloud_plane_segmentation.egg-info/SOURCES.txt'
[1.050s] running build
[1.050s] running build_py
[1.051s] creating /home/athul/Landing-Assist-Module-LAM/ros2/src/build/pointcloud_plane_segmentation/build
[1.051s] creating /home/athul/Landing-Assist-Module-LAM/ros2/src/build/pointcloud_plane_segmentation/build/lib
[1.051s] creating /home/athul/Landing-Assist-Module-LAM/ros2/src/build/pointcloud_plane_segmentation/build/lib/pointcloud_plane_segmentation
[1.051s] copying pointcloud_plane_segmentation/plane_segmentation.py -> /home/athul/Landing-Assist-Module-LAM/ros2/src/build/pointcloud_plane_segmentation/build/lib/pointcloud_plane_segmentation
[1.051s] copying pointcloud_plane_segmentation/__init__.py -> /home/athul/Landing-Assist-Module-LAM/ros2/src/build/pointcloud_plane_segmentation/build/lib/pointcloud_plane_segmentation
[1.051s] running install
[1.051s] running install_lib
[1.052s] creating /home/athul/Landing-Assist-Module-LAM/ros2/src/install/pointcloud_plane_segmentation/lib/python3.8/site-packages/pointcloud_plane_segmentation
[1.052s] copying /home/athul/Landing-Assist-Module-LAM/ros2/src/build/pointcloud_plane_segmentation/build/lib/pointcloud_plane_segmentation/plane_segmentation.py -> /home/athul/Landing-Assist-Module-LAM/ros2/src/install/pointcloud_plane_segmentation/lib/python3.8/site-packages/pointcloud_plane_segmentation
[1.052s] copying /home/athul/Landing-Assist-Module-LAM/ros2/src/build/pointcloud_plane_segmentation/build/lib/pointcloud_plane_segmentation/__init__.py -> /home/athul/Landing-Assist-Module-LAM/ros2/src/install/pointcloud_plane_segmentation/lib/python3.8/site-packages/pointcloud_plane_segmentation
[1.053s] byte-compiling /home/athul/Landing-Assist-Module-LAM/ros2/src/install/pointcloud_plane_segmentation/lib/python3.8/site-packages/pointcloud_plane_segmentation/plane_segmentation.py to plane_segmentation.cpython-38.pyc
[1.054s]   File "/home/athul/Landing-Assist-Module-LAM/ros2/src/install/pointcloud_plane_segmentation/lib/python3.8/site-packages/pointcloud_plane_segmentation/plane_segmentation.py", line 209
[1.054s]     inlier_cloud = ransac_plane_segmentation(self,o3d_cloud):
[1.055s]                                                             ^
[1.055s] SyntaxError: invalid syntax
[1.055s] 
[1.055s] byte-compiling /home/athul/Landing-Assist-Module-LAM/ros2/src/install/pointcloud_plane_segmentation/lib/python3.8/site-packages/pointcloud_plane_segmentation/__init__.py to __init__.cpython-38.pyc
[1.055s] running install_data
[1.055s] creating /home/athul/Landing-Assist-Module-LAM/ros2/src/install/pointcloud_plane_segmentation/share/ament_index
[1.055s] creating /home/athul/Landing-Assist-Module-LAM/ros2/src/install/pointcloud_plane_segmentation/share/ament_index/resource_index
[1.055s] creating /home/athul/Landing-Assist-Module-LAM/ros2/src/install/pointcloud_plane_segmentation/share/ament_index/resource_index/packages
[1.055s] copying resource/pointcloud_plane_segmentation -> /home/athul/Landing-Assist-Module-LAM/ros2/src/install/pointcloud_plane_segmentation/share/ament_index/resource_index/packages
[1.055s] copying package.xml -> /home/athul/Landing-Assist-Module-LAM/ros2/src/install/pointcloud_plane_segmentation/share/pointcloud_plane_segmentation
[1.055s] running install_egg_info
[1.056s] Copying ../build/pointcloud_plane_segmentation/pointcloud_plane_segmentation.egg-info to /home/athul/Landing-Assist-Module-LAM/ros2/src/install/pointcloud_plane_segmentation/lib/python3.8/site-packages/pointcloud_plane_segmentation-0.0.0-py3.8.egg-info
[1.056s] running install_scripts
[1.068s] writing list of installed files to '/home/athul/Landing-Assist-Module-LAM/ros2/src/build/pointcloud_plane_segmentation/install.log'
[1.091s] Invoked command in '/home/athul/Landing-Assist-Module-LAM/ros2/src/pointcloud_plane_segmentation' returned '0': PYTHONPATH=/home/athul/Landing-Assist-Module-LAM/ros2/src/build/pointcloud_plane_segmentation/prefix_override:/usr/lib/python3/dist-packages/colcon_core/task/python/colcon_distutils_commands:/home/athul/Landing-Assist-Module-LAM/ros2/src/install/pointcloud_plane_segmentation/lib/python3.8/site-packages:${PYTHONPATH} /usr/bin/python3 -W ignore:setup.py install is deprecated setup.py egg_info --egg-base ../build/pointcloud_plane_segmentation build --build-base /home/athul/Landing-Assist-Module-LAM/ros2/src/build/pointcloud_plane_segmentation/build install --record /home/athul/Landing-Assist-Module-LAM/ros2/src/build/pointcloud_plane_segmentation/install.log --install-scripts $base/lib/pointcloud_plane_segmentation --single-version-externally-managed install_data
