[1.239s] Invoking command in '/home/athul/uav/Landing-Assist-Module-LAM/ros2/src/pointcloud_publisher': PYTHONPATH=/home/athul/uav/Landing-Assist-Module-LAM/ros2/build/pointcloud_publisher/prefix_override:/home/athul/uav/Landing-Assist-Module-LAM/ros2/install/pointcloud_publisher/lib/python3.10/site-packages:${PYTHONPATH} /usr/bin/python3 setup.py egg_info --egg-base ../../build/pointcloud_publisher build --build-base /home/athul/uav/Landing-Assist-Module-LAM/ros2/build/pointcloud_publisher/build install --record /home/athul/uav/Landing-Assist-Module-LAM/ros2/build/pointcloud_publisher/install.log --single-version-externally-managed
[1.603s] running egg_info
[1.604s] writing ../../build/pointcloud_publisher/pointcloud_publisher.egg-info/PKG-INFO
[1.604s] writing dependency_links to ../../build/pointcloud_publisher/pointcloud_publisher.egg-info/dependency_links.txt
[1.604s] writing entry points to ../../build/pointcloud_publisher/pointcloud_publisher.egg-info/entry_points.txt
[1.604s] writing requirements to ../../build/pointcloud_publisher/pointcloud_publisher.egg-info/requires.txt
[1.605s] writing top-level names to ../../build/pointcloud_publisher/pointcloud_publisher.egg-info/top_level.txt
[1.609s] reading manifest file '../../build/pointcloud_publisher/pointcloud_publisher.egg-info/SOURCES.txt'
[1.610s] writing manifest file '../../build/pointcloud_publisher/pointcloud_publisher.egg-info/SOURCES.txt'
[1.610s] running build
[1.610s] running build_py
[1.610s] running install
[1.611s] /usr/lib/python3/dist-packages/setuptools/command/install.py:34: SetuptoolsDeprecationWarning: setup.py install is deprecated. Use build and pip and other standards-based tools.
[1.611s]   warnings.warn(
[1.611s] running install_lib
[1.612s] running install_data
[1.613s] running install_egg_info
[1.615s] removing '/home/athul/uav/Landing-Assist-Module-LAM/ros2/install/pointcloud_publisher/lib/python3.10/site-packages/pointcloud_publisher-0.0.0-py3.10.egg-info' (and everything under it)
[1.615s] Copying ../../build/pointcloud_publisher/pointcloud_publisher.egg-info to /home/athul/uav/Landing-Assist-Module-LAM/ros2/install/pointcloud_publisher/lib/python3.10/site-packages/pointcloud_publisher-0.0.0-py3.10.egg-info
[1.616s] running install_scripts
[1.643s] Installing planar_patch_plane_detection script to /home/athul/uav/Landing-Assist-Module-LAM/ros2/install/pointcloud_publisher/lib/pointcloud_publisher
[1.644s] Installing plane_detection script to /home/athul/uav/Landing-Assist-Module-LAM/ros2/install/pointcloud_publisher/lib/pointcloud_publisher
[1.644s] Installing pointcloud_publisher script to /home/athul/uav/Landing-Assist-Module-LAM/ros2/install/pointcloud_publisher/lib/pointcloud_publisher
[1.644s] Installing pointcloud_subscriber script to /home/athul/uav/Landing-Assist-Module-LAM/ros2/install/pointcloud_publisher/lib/pointcloud_publisher
[1.644s] writing list of installed files to '/home/athul/uav/Landing-Assist-Module-LAM/ros2/build/pointcloud_publisher/install.log'
[1.679s] Invoked command in '/home/athul/uav/Landing-Assist-Module-LAM/ros2/src/pointcloud_publisher' returned '0': PYTHONPATH=/home/athul/uav/Landing-Assist-Module-LAM/ros2/build/pointcloud_publisher/prefix_override:/home/athul/uav/Landing-Assist-Module-LAM/ros2/install/pointcloud_publisher/lib/python3.10/site-packages:${PYTHONPATH} /usr/bin/python3 setup.py egg_info --egg-base ../../build/pointcloud_publisher build --build-base /home/athul/uav/Landing-Assist-Module-LAM/ros2/build/pointcloud_publisher/build install --record /home/athul/uav/Landing-Assist-Module-LAM/ros2/build/pointcloud_publisher/install.log --single-version-externally-managed
