[0.832s] Invoking command in '/home/athul/Landing-Assist-Module-LAM/ros2/src/pointcloud_plane_segmentation': PYTHONPATH=/home/athul/Landing-Assist-Module-LAM/ros2/src/build/pointcloud_plane_segmentation/prefix_override:/usr/lib/python3/dist-packages/colcon_core/task/python/colcon_distutils_commands:/home/athul/Landing-Assist-Module-LAM/ros2/src/install/pointcloud_plane_segmentation/lib/python3.8/site-packages:${PYTHONPATH} /usr/bin/python3 -W ignore:setup.py install is deprecated setup.py egg_info --egg-base ../build/pointcloud_plane_segmentation build --build-base /home/athul/Landing-Assist-Module-LAM/ros2/src/build/pointcloud_plane_segmentation/build install --record /home/athul/Landing-Assist-Module-LAM/ros2/src/build/pointcloud_plane_segmentation/install.log --install-scripts $base/lib/pointcloud_plane_segmentation --single-version-externally-managed install_data
[1.010s] running egg_info
[1.010s] writing ../build/pointcloud_plane_segmentation/pointcloud_plane_segmentation.egg-info/PKG-INFO
[1.010s] writing dependency_links to ../build/pointcloud_plane_segmentation/pointcloud_plane_segmentation.egg-info/dependency_links.txt
[1.010s] writing entry points to ../build/pointcloud_plane_segmentation/pointcloud_plane_segmentation.egg-info/entry_points.txt
[1.010s] writing requirements to ../build/pointcloud_plane_segmentation/pointcloud_plane_segmentation.egg-info/requires.txt
[1.011s] writing top-level names to ../build/pointcloud_plane_segmentation/pointcloud_plane_segmentation.egg-info/top_level.txt
[1.034s] reading manifest file '../build/pointcloud_plane_segmentation/pointcloud_plane_segmentation.egg-info/SOURCES.txt'
[1.035s] writing manifest file '../build/pointcloud_plane_segmentation/pointcloud_plane_segmentation.egg-info/SOURCES.txt'
[1.035s] running build
[1.035s] running build_py
[1.035s] running install
[1.035s] running install_lib
[1.036s] byte-compiling /home/athul/Landing-Assist-Module-LAM/ros2/src/install/pointcloud_plane_segmentation/lib/python3.8/site-packages/pointcloud_plane_segmentation/plane_segmentation.py to plane_segmentation.cpython-38.pyc
[1.038s]   File "/home/athul/Landing-Assist-Module-LAM/ros2/src/install/pointcloud_plane_segmentation/lib/python3.8/site-packages/pointcloud_plane_segmentation/plane_segmentation.py", line 209
[1.038s]     inlier_cloud = ransac_plane_segmentation(self,o3d_cloud):
[1.038s]                                                             ^
[1.038s] SyntaxError: invalid syntax
[1.039s] 
[1.039s] running install_data
[1.039s] running install_egg_info
[1.039s] removing '/home/athul/Landing-Assist-Module-LAM/ros2/src/install/pointcloud_plane_segmentation/lib/python3.8/site-packages/pointcloud_plane_segmentation-0.0.0-py3.8.egg-info' (and everything under it)
[1.040s] Copying ../build/pointcloud_plane_segmentation/pointcloud_plane_segmentation.egg-info to /home/athul/Landing-Assist-Module-LAM/ros2/src/install/pointcloud_plane_segmentation/lib/python3.8/site-packages/pointcloud_plane_segmentation-0.0.0-py3.8.egg-info
[1.040s] running install_scripts
[1.053s] writing list of installed files to '/home/athul/Landing-Assist-Module-LAM/ros2/src/build/pointcloud_plane_segmentation/install.log'
[1.075s] Invoked command in '/home/athul/Landing-Assist-Module-LAM/ros2/src/pointcloud_plane_segmentation' returned '0': PYTHONPATH=/home/athul/Landing-Assist-Module-LAM/ros2/src/build/pointcloud_plane_segmentation/prefix_override:/usr/lib/python3/dist-packages/colcon_core/task/python/colcon_distutils_commands:/home/athul/Landing-Assist-Module-LAM/ros2/src/install/pointcloud_plane_segmentation/lib/python3.8/site-packages:${PYTHONPATH} /usr/bin/python3 -W ignore:setup.py install is deprecated setup.py egg_info --egg-base ../build/pointcloud_plane_segmentation build --build-base /home/athul/Landing-Assist-Module-LAM/ros2/src/build/pointcloud_plane_segmentation/build install --record /home/athul/Landing-Assist-Module-LAM/ros2/src/build/pointcloud_plane_segmentation/install.log --install-scripts $base/lib/pointcloud_plane_segmentation --single-version-externally-managed install_data
