[0.821s] Invoking command in '/home/athul/Landing-Assist-Module-LAM/ros2/src/pointcloud_plane_segmentation': PYTHONPATH=/home/athul/Landing-Assist-Module-LAM/ros2/build/pointcloud_plane_segmentation/prefix_override:/usr/lib/python3/dist-packages/colcon_core/task/python/colcon_distutils_commands:/home/athul/Landing-Assist-Module-LAM/ros2/install/pointcloud_plane_segmentation/lib/python3.8/site-packages:${PYTHONPATH} /usr/bin/python3 -W ignore:setup.py install is deprecated setup.py egg_info --egg-base ../../build/pointcloud_plane_segmentation build --build-base /home/athul/Landing-Assist-Module-LAM/ros2/build/pointcloud_plane_segmentation/build install --record /home/athul/Landing-Assist-Module-LAM/ros2/build/pointcloud_plane_segmentation/install.log --install-scripts $base/lib/pointcloud_plane_segmentation --single-version-externally-managed install_data
[0.998s] running egg_info
[0.998s] writing ../../build/pointcloud_plane_segmentation/pointcloud_plane_segmentation.egg-info/PKG-INFO
[0.998s] writing dependency_links to ../../build/pointcloud_plane_segmentation/pointcloud_plane_segmentation.egg-info/dependency_links.txt
[0.998s] writing entry points to ../../build/pointcloud_plane_segmentation/pointcloud_plane_segmentation.egg-info/entry_points.txt
[0.999s] writing requirements to ../../build/pointcloud_plane_segmentation/pointcloud_plane_segmentation.egg-info/requires.txt
[0.999s] writing top-level names to ../../build/pointcloud_plane_segmentation/pointcloud_plane_segmentation.egg-info/top_level.txt
[1.022s] reading manifest file '../../build/pointcloud_plane_segmentation/pointcloud_plane_segmentation.egg-info/SOURCES.txt'
[1.022s] writing manifest file '../../build/pointcloud_plane_segmentation/pointcloud_plane_segmentation.egg-info/SOURCES.txt'
[1.022s] running build
[1.023s] running build_py
[1.023s] copying pointcloud_plane_segmentation/plane_segmentation.py -> /home/athul/Landing-Assist-Module-LAM/ros2/build/pointcloud_plane_segmentation/build/lib/pointcloud_plane_segmentation
[1.023s] running install
[1.023s] running install_lib
[1.024s] copying /home/athul/Landing-Assist-Module-LAM/ros2/build/pointcloud_plane_segmentation/build/lib/pointcloud_plane_segmentation/plane_segmentation.py -> /home/athul/Landing-Assist-Module-LAM/ros2/install/pointcloud_plane_segmentation/lib/python3.8/site-packages/pointcloud_plane_segmentation
[1.024s] byte-compiling /home/athul/Landing-Assist-Module-LAM/ros2/install/pointcloud_plane_segmentation/lib/python3.8/site-packages/pointcloud_plane_segmentation/plane_segmentation.py to plane_segmentation.cpython-38.pyc
[1.027s] running install_data
[1.027s] creating /home/athul/Landing-Assist-Module-LAM/ros2/install/pointcloud_plane_segmentation/share/pointcloud_plane_segmentation/launch
[1.027s] copying launch/plane_segmentation.launch.py -> /home/athul/Landing-Assist-Module-LAM/ros2/install/pointcloud_plane_segmentation/share/pointcloud_plane_segmentation/launch
[1.027s] running install_egg_info
[1.028s] removing '/home/athul/Landing-Assist-Module-LAM/ros2/install/pointcloud_plane_segmentation/lib/python3.8/site-packages/pointcloud_plane_segmentation-0.0.0-py3.8.egg-info' (and everything under it)
[1.028s] Copying ../../build/pointcloud_plane_segmentation/pointcloud_plane_segmentation.egg-info to /home/athul/Landing-Assist-Module-LAM/ros2/install/pointcloud_plane_segmentation/lib/python3.8/site-packages/pointcloud_plane_segmentation-0.0.0-py3.8.egg-info
[1.029s] running install_scripts
[1.040s] Installing plane_segmentation script to /home/athul/Landing-Assist-Module-LAM/ros2/install/pointcloud_plane_segmentation/lib/pointcloud_plane_segmentation
[1.041s] writing list of installed files to '/home/athul/Landing-Assist-Module-LAM/ros2/build/pointcloud_plane_segmentation/install.log'
[1.062s] Invoked command in '/home/athul/Landing-Assist-Module-LAM/ros2/src/pointcloud_plane_segmentation' returned '0': PYTHONPATH=/home/athul/Landing-Assist-Module-LAM/ros2/build/pointcloud_plane_segmentation/prefix_override:/usr/lib/python3/dist-packages/colcon_core/task/python/colcon_distutils_commands:/home/athul/Landing-Assist-Module-LAM/ros2/install/pointcloud_plane_segmentation/lib/python3.8/site-packages:${PYTHONPATH} /usr/bin/python3 -W ignore:setup.py install is deprecated setup.py egg_info --egg-base ../../build/pointcloud_plane_segmentation build --build-base /home/athul/Landing-Assist-Module-LAM/ros2/build/pointcloud_plane_segmentation/build install --record /home/athul/Landing-Assist-Module-LAM/ros2/build/pointcloud_plane_segmentation/install.log --install-scripts $base/lib/pointcloud_plane_segmentation --single-version-externally-managed install_data
