[0.565s] Invoking command in '/home/athul/Landing-Assist-Module-LAM/ros2/src/pointcloud_publisher': PYTHONPATH=/home/athul/Landing-Assist-Module-LAM/ros2/build/pointcloud_publisher/prefix_override:/usr/lib/python3/dist-packages/colcon_core/task/python/colcon_distutils_commands:/home/athul/Landing-Assist-Module-LAM/ros2/install/pointcloud_publisher/lib/python3.8/site-packages:${PYTHONPATH} /usr/bin/python3 -W ignore:setup.py install is deprecated setup.py egg_info --egg-base ../../build/pointcloud_publisher build --build-base /home/athul/Landing-Assist-Module-LAM/ros2/build/pointcloud_publisher/build install --record /home/athul/Landing-Assist-Module-LAM/ros2/build/pointcloud_publisher/install.log --single-version-externally-managed install_data
[0.728s] running egg_info
[0.729s] writing ../../build/pointcloud_publisher/pointcloud_publisher.egg-info/PKG-INFO
[0.729s] writing dependency_links to ../../build/pointcloud_publisher/pointcloud_publisher.egg-info/dependency_links.txt
[0.729s] writing entry points to ../../build/pointcloud_publisher/pointcloud_publisher.egg-info/entry_points.txt
[0.729s] writing requirements to ../../build/pointcloud_publisher/pointcloud_publisher.egg-info/requires.txt
[0.729s] writing top-level names to ../../build/pointcloud_publisher/pointcloud_publisher.egg-info/top_level.txt
[0.755s] reading manifest file '../../build/pointcloud_publisher/pointcloud_publisher.egg-info/SOURCES.txt'
[0.755s] writing manifest file '../../build/pointcloud_publisher/pointcloud_publisher.egg-info/SOURCES.txt'
[0.756s] running build
[0.756s] running build_py
[0.756s] copying pointcloud_publisher/ransac_plane_detection.py -> /home/athul/Landing-Assist-Module-LAM/ros2/build/pointcloud_publisher/build/lib/pointcloud_publisher
[0.756s] copying pointcloud_publisher/save_pointcloud_publisher.py -> /home/athul/Landing-Assist-Module-LAM/ros2/build/pointcloud_publisher/build/lib/pointcloud_publisher
[0.756s] running install
[0.757s] running install_lib
[0.757s] copying /home/athul/Landing-Assist-Module-LAM/ros2/build/pointcloud_publisher/build/lib/pointcloud_publisher/ransac_plane_detection.py -> /home/athul/Landing-Assist-Module-LAM/ros2/install/pointcloud_publisher/lib/python3.8/site-packages/pointcloud_publisher
[0.758s] copying /home/athul/Landing-Assist-Module-LAM/ros2/build/pointcloud_publisher/build/lib/pointcloud_publisher/save_pointcloud_publisher.py -> /home/athul/Landing-Assist-Module-LAM/ros2/install/pointcloud_publisher/lib/python3.8/site-packages/pointcloud_publisher
[0.758s] byte-compiling /home/athul/Landing-Assist-Module-LAM/ros2/install/pointcloud_publisher/lib/python3.8/site-packages/pointcloud_publisher/ransac_plane_detection.py to ransac_plane_detection.cpython-38.pyc
[0.760s] byte-compiling /home/athul/Landing-Assist-Module-LAM/ros2/install/pointcloud_publisher/lib/python3.8/site-packages/pointcloud_publisher/save_pointcloud_publisher.py to save_pointcloud_publisher.cpython-38.pyc
[0.760s] running install_data
[0.760s] running install_egg_info
[0.761s] removing '/home/athul/Landing-Assist-Module-LAM/ros2/install/pointcloud_publisher/lib/python3.8/site-packages/pointcloud_publisher-0.0.0-py3.8.egg-info' (and everything under it)
[0.761s] Copying ../../build/pointcloud_publisher/pointcloud_publisher.egg-info to /home/athul/Landing-Assist-Module-LAM/ros2/install/pointcloud_publisher/lib/python3.8/site-packages/pointcloud_publisher-0.0.0-py3.8.egg-info
[0.762s] running install_scripts
[0.773s] Installing combined_plane_detection script to /home/athul/Landing-Assist-Module-LAM/ros2/install/pointcloud_publisher/lib/pointcloud_publisher
[0.774s] Installing live_lidar_segmentation script to /home/athul/Landing-Assist-Module-LAM/ros2/install/pointcloud_publisher/lib/pointcloud_publisher
[0.774s] Installing planar_patch_plane_detection script to /home/athul/Landing-Assist-Module-LAM/ros2/install/pointcloud_publisher/lib/pointcloud_publisher
[0.774s] Installing pointcloud_publisher script to /home/athul/Landing-Assist-Module-LAM/ros2/install/pointcloud_publisher/lib/pointcloud_publisher
[0.774s] Installing pointcloud_subscriber script to /home/athul/Landing-Assist-Module-LAM/ros2/install/pointcloud_publisher/lib/pointcloud_publisher
[0.774s] Installing prosac_plane_detection script to /home/athul/Landing-Assist-Module-LAM/ros2/install/pointcloud_publisher/lib/pointcloud_publisher
[0.774s] Installing prosac_v2_plane_detection script to /home/athul/Landing-Assist-Module-LAM/ros2/install/pointcloud_publisher/lib/pointcloud_publisher
[0.774s] Installing ransac_plane_detection script to /home/athul/Landing-Assist-Module-LAM/ros2/install/pointcloud_publisher/lib/pointcloud_publisher
[0.774s] Installing save_pointcloud script to /home/athul/Landing-Assist-Module-LAM/ros2/install/pointcloud_publisher/lib/pointcloud_publisher
[0.775s] Installing save_pointcloud_plane_seg script to /home/athul/Landing-Assist-Module-LAM/ros2/install/pointcloud_publisher/lib/pointcloud_publisher
[0.775s] Installing save_pointcloud_publisher script to /home/athul/Landing-Assist-Module-LAM/ros2/install/pointcloud_publisher/lib/pointcloud_publisher
[0.775s] writing list of installed files to '/home/athul/Landing-Assist-Module-LAM/ros2/build/pointcloud_publisher/install.log'
[0.794s] Invoked command in '/home/athul/Landing-Assist-Module-LAM/ros2/src/pointcloud_publisher' returned '0': PYTHONPATH=/home/athul/Landing-Assist-Module-LAM/ros2/build/pointcloud_publisher/prefix_override:/usr/lib/python3/dist-packages/colcon_core/task/python/colcon_distutils_commands:/home/athul/Landing-Assist-Module-LAM/ros2/install/pointcloud_publisher/lib/python3.8/site-packages:${PYTHONPATH} /usr/bin/python3 -W ignore:setup.py install is deprecated setup.py egg_info --egg-base ../../build/pointcloud_publisher build --build-base /home/athul/Landing-Assist-Module-LAM/ros2/build/pointcloud_publisher/build install --record /home/athul/Landing-Assist-Module-LAM/ros2/build/pointcloud_publisher/install.log --single-version-externally-managed install_data
