[0.137s] Invoking command in '/home/athul/uav/Landing-Assist-Module-LAM/build/cpp': /usr/bin/cmake /home/athul/uav/Landing-Assist-Module-LAM/ros2/src/cpp -DCMAKE_INSTALL_PREFIX=/home/athul/uav/Landing-Assist-Module-LAM/install/cpp
[0.153s] [33mCMake Warning (dev) in CMakeLists.txt:
[0.153s]   No project() command is present.  The top-level CMakeLists.txt file must
[0.153s]   contain a literal, direct call to the project() command.  Add a line of
[0.153s]   code such as
[0.153s] 
[0.153s]     project(ProjectName)
[0.153s] 
[0.153s]   near the top of the file, but after cmake_minimum_required().
[0.153s] 
[0.153s]   CMake is pretending there is a "project(Project)" command on the first
[0.153s]   line.
[0.153s] This warning is for project developers.  Use -Wno-dev to suppress it.
[0.153s] [0m
[0.259s] -- The C compiler identification is GNU 11.4.0
[0.335s] -- The CXX compiler identification is GNU 11.4.0
[0.345s] -- Detecting C compiler ABI info
[0.409s] -- Detecting C compiler ABI info - done
[0.417s] -- Check for working C compiler: /usr/bin/cc - skipped
[0.417s] -- Detecting C compile features
[0.417s] -- Detecting C compile features - done
[0.420s] -- Detecting CXX compiler ABI info
[0.504s] -- Detecting CXX compiler ABI info - done
[0.512s] -- Check for working CXX compiler: /usr/bin/c++ - skipped
[0.512s] -- Detecting CXX compile features
[0.513s] -- Detecting CXX compile features - done
[0.514s] -- Configuring done
[0.514s] -- Generating done
[0.515s] -- Build files have been written to: /home/athul/uav/Landing-Assist-Module-LAM/build/cpp
[0.519s] Invoked command in '/home/athul/uav/Landing-Assist-Module-LAM/build/cpp' returned '0': /usr/bin/cmake /home/athul/uav/Landing-Assist-Module-LAM/ros2/src/cpp -DCMAKE_INSTALL_PREFIX=/home/athul/uav/Landing-Assist-Module-LAM/install/cpp
[0.527s] Invoking command in '/home/athul/uav/Landing-Assist-Module-LAM/build/cpp': /usr/bin/cmake --build /home/athul/uav/Landing-Assist-Module-LAM/build/cpp -- -j6 -l6
[0.583s] Invoked command in '/home/athul/uav/Landing-Assist-Module-LAM/build/cpp' returned '0': /usr/bin/cmake --build /home/athul/uav/Landing-Assist-Module-LAM/build/cpp -- -j6 -l6
