[0.034s] Invoking command in '/home/airsim_user/Downloads/Landing-Assist-Module-LAM/build/octomap_ros': CMAKE_PREFIX_PATH=/opt/ros/foxy /usr/bin/cmake --build /home/airsim_user/Downloads/Landing-Assist-Module-LAM/build/octomap_ros -- -j16 -l16
[0.208s] [ 25%] Built target gtest_main
[0.210s] [ 75%] Built target gtest
[0.210s] [ 75%] Built target octomap_ros
[0.210s] [100%] Built target test_octomap_ros
[0.379s] Invoked command in '/home/airsim_user/Downloads/Landing-Assist-Module-LAM/build/octomap_ros' returned '0': CMAKE_PREFIX_PATH=/opt/ros/foxy /usr/bin/cmake --build /home/airsim_user/Downloads/Landing-Assist-Module-LAM/build/octomap_ros -- -j16 -l16
[0.423s] Invoking command in '/home/airsim_user/Downloads/Landing-Assist-Module-LAM/build/octomap_ros': CMAKE_PREFIX_PATH=/opt/ros/foxy /usr/bin/cmake --install /home/airsim_user/Downloads/Landing-Assist-Module-LAM/build/octomap_ros
[0.432s] -- Install configuration: ""
[0.432s] -- Installing: /home/airsim_user/Downloads/Landing-Assist-Module-LAM/install/octomap_ros/include
[0.433s] -- Installing: /home/airsim_user/Downloads/Landing-Assist-Module-LAM/install/octomap_ros/include/octomap_ros
[0.433s] -- Installing: /home/airsim_user/Downloads/Landing-Assist-Module-LAM/install/octomap_ros/include/octomap_ros/conversions.hpp
[0.433s] -- Installing: /home/airsim_user/Downloads/Landing-Assist-Module-LAM/install/octomap_ros/share/octomap_ros/environment/library_path.sh
[0.433s] -- Installing: /home/airsim_user/Downloads/Landing-Assist-Module-LAM/install/octomap_ros/share/octomap_ros/environment/library_path.dsv
[0.433s] -- Installing: /home/airsim_user/Downloads/Landing-Assist-Module-LAM/install/octomap_ros/lib/liboctomap_ros.so
[0.433s] -- Set runtime path of "/home/airsim_user/Downloads/Landing-Assist-Module-LAM/install/octomap_ros/lib/liboctomap_ros.so" to ""
[0.433s] -- Installing: /home/airsim_user/Downloads/Landing-Assist-Module-LAM/install/octomap_ros/share/ament_index/resource_index/package_run_dependencies/octomap_ros
[0.434s] -- Installing: /home/airsim_user/Downloads/Landing-Assist-Module-LAM/install/octomap_ros/share/ament_index/resource_index/parent_prefix_path/octomap_ros
[0.434s] -- Installing: /home/airsim_user/Downloads/Landing-Assist-Module-LAM/install/octomap_ros/share/octomap_ros/environment/ament_prefix_path.sh
[0.434s] -- Installing: /home/airsim_user/Downloads/Landing-Assist-Module-LAM/install/octomap_ros/share/octomap_ros/environment/ament_prefix_path.dsv
[0.434s] -- Installing: /home/airsim_user/Downloads/Landing-Assist-Module-LAM/install/octomap_ros/share/octomap_ros/environment/path.sh
[0.434s] -- Installing: /home/airsim_user/Downloads/Landing-Assist-Module-LAM/install/octomap_ros/share/octomap_ros/environment/path.dsv
[0.434s] -- Installing: /home/airsim_user/Downloads/Landing-Assist-Module-LAM/install/octomap_ros/share/octomap_ros/local_setup.bash
[0.434s] -- Installing: /home/airsim_user/Downloads/Landing-Assist-Module-LAM/install/octomap_ros/share/octomap_ros/local_setup.sh
[0.435s] -- Installing: /home/airsim_user/Downloads/Landing-Assist-Module-LAM/install/octomap_ros/share/octomap_ros/local_setup.zsh
[0.435s] -- Installing: /home/airsim_user/Downloads/Landing-Assist-Module-LAM/install/octomap_ros/share/octomap_ros/local_setup.dsv
[0.435s] -- Installing: /home/airsim_user/Downloads/Landing-Assist-Module-LAM/install/octomap_ros/share/octomap_ros/package.dsv
[0.435s] -- Installing: /home/airsim_user/Downloads/Landing-Assist-Module-LAM/install/octomap_ros/share/ament_index/resource_index/packages/octomap_ros
[0.435s] -- Installing: /home/airsim_user/Downloads/Landing-Assist-Module-LAM/install/octomap_ros/share/octomap_ros/cmake/ament_cmake_export_dependencies-extras.cmake
[0.435s] -- Installing: /home/airsim_user/Downloads/Landing-Assist-Module-LAM/install/octomap_ros/share/octomap_ros/cmake/ament_cmake_export_include_directories-extras.cmake
[0.435s] -- Installing: /home/airsim_user/Downloads/Landing-Assist-Module-LAM/install/octomap_ros/share/octomap_ros/cmake/ament_cmake_export_libraries-extras.cmake
[0.436s] -- Installing: /home/airsim_user/Downloads/Landing-Assist-Module-LAM/install/octomap_ros/share/octomap_ros/cmake/octomap_rosConfig.cmake
[0.436s] -- Installing: /home/airsim_user/Downloads/Landing-Assist-Module-LAM/install/octomap_ros/share/octomap_ros/cmake/octomap_rosConfig-version.cmake
[0.436s] -- Installing: /home/airsim_user/Downloads/Landing-Assist-Module-LAM/install/octomap_ros/share/octomap_ros/package.xml
[0.439s] Invoked command in '/home/airsim_user/Downloads/Landing-Assist-Module-LAM/build/octomap_ros' returned '0': CMAKE_PREFIX_PATH=/opt/ros/foxy /usr/bin/cmake --install /home/airsim_user/Downloads/Landing-Assist-Module-LAM/build/octomap_ros
