[0.949s] Invoking command in '/home/airsim_user/Downloads/Landing-Assist-Module-LAM/ros2/src/py/pointcloud_publisher': PYTHONPATH=/home/airsim_user/Downloads/Landing-Assist-Module-LAM/build/pointcloud_publisher/prefix_override:/usr/lib/python3/dist-packages/colcon_core/task/python/colcon_distutils_commands:/home/airsim_user/Downloads/Landing-Assist-Module-LAM/install/pointcloud_publisher/lib/python3.8/site-packages:${PYTHONPATH} /usr/bin/python3 -W ignore:setup.py install is deprecated setup.py egg_info --egg-base ../../../../build/pointcloud_publisher build --build-base /home/airsim_user/Downloads/Landing-Assist-Module-LAM/build/pointcloud_publisher/build install --record /home/airsim_user/Downloads/Landing-Assist-Module-LAM/build/pointcloud_publisher/install.log --single-version-externally-managed install_data
[1.188s] running egg_info
[1.188s] creating ../../../../build/pointcloud_publisher/pointcloud_publisher.egg-info
[1.201s] writing ../../../../build/pointcloud_publisher/pointcloud_publisher.egg-info/PKG-INFO
[1.201s] writing dependency_links to ../../../../build/pointcloud_publisher/pointcloud_publisher.egg-info/dependency_links.txt
[1.201s] writing entry points to ../../../../build/pointcloud_publisher/pointcloud_publisher.egg-info/entry_points.txt
[1.201s] writing requirements to ../../../../build/pointcloud_publisher/pointcloud_publisher.egg-info/requires.txt
[1.201s] writing top-level names to ../../../../build/pointcloud_publisher/pointcloud_publisher.egg-info/top_level.txt
[1.284s] writing manifest file '../../../../build/pointcloud_publisher/pointcloud_publisher.egg-info/SOURCES.txt'
[1.312s] reading manifest file '../../../../build/pointcloud_publisher/pointcloud_publisher.egg-info/SOURCES.txt'
[1.312s] writing manifest file '../../../../build/pointcloud_publisher/pointcloud_publisher.egg-info/SOURCES.txt'
[1.312s] running build
[1.313s] running build_py
[1.313s] creating /home/airsim_user/Downloads/Landing-Assist-Module-LAM/build/pointcloud_publisher/build
[1.313s] creating /home/airsim_user/Downloads/Landing-Assist-Module-LAM/build/pointcloud_publisher/build/lib
[1.313s] creating /home/airsim_user/Downloads/Landing-Assist-Module-LAM/build/pointcloud_publisher/build/lib/pointcloud_publisher
[1.313s] copying pointcloud_publisher/pointcloud_publisher.py -> /home/airsim_user/Downloads/Landing-Assist-Module-LAM/build/pointcloud_publisher/build/lib/pointcloud_publisher
[1.313s] copying pointcloud_publisher/__init__.py -> /home/airsim_user/Downloads/Landing-Assist-Module-LAM/build/pointcloud_publisher/build/lib/pointcloud_publisher
[1.313s] copying pointcloud_publisher/setup.py -> /home/airsim_user/Downloads/Landing-Assist-Module-LAM/build/pointcloud_publisher/build/lib/pointcloud_publisher
[1.313s] copying pointcloud_publisher/pointcloud_subscriber.py -> /home/airsim_user/Downloads/Landing-Assist-Module-LAM/build/pointcloud_publisher/build/lib/pointcloud_publisher
[1.314s] running install
[1.318s] running install_lib
[1.331s] creating /home/airsim_user/Downloads/Landing-Assist-Module-LAM/install/pointcloud_publisher/lib/python3.8/site-packages/pointcloud_publisher
[1.331s] copying /home/airsim_user/Downloads/Landing-Assist-Module-LAM/build/pointcloud_publisher/build/lib/pointcloud_publisher/pointcloud_publisher.py -> /home/airsim_user/Downloads/Landing-Assist-Module-LAM/install/pointcloud_publisher/lib/python3.8/site-packages/pointcloud_publisher
[1.331s] copying /home/airsim_user/Downloads/Landing-Assist-Module-LAM/build/pointcloud_publisher/build/lib/pointcloud_publisher/__init__.py -> /home/airsim_user/Downloads/Landing-Assist-Module-LAM/install/pointcloud_publisher/lib/python3.8/site-packages/pointcloud_publisher
[1.331s] copying /home/airsim_user/Downloads/Landing-Assist-Module-LAM/build/pointcloud_publisher/build/lib/pointcloud_publisher/setup.py -> /home/airsim_user/Downloads/Landing-Assist-Module-LAM/install/pointcloud_publisher/lib/python3.8/site-packages/pointcloud_publisher
[1.331s] copying /home/airsim_user/Downloads/Landing-Assist-Module-LAM/build/pointcloud_publisher/build/lib/pointcloud_publisher/pointcloud_subscriber.py -> /home/airsim_user/Downloads/Landing-Assist-Module-LAM/install/pointcloud_publisher/lib/python3.8/site-packages/pointcloud_publisher
[1.331s] byte-compiling /home/airsim_user/Downloads/Landing-Assist-Module-LAM/install/pointcloud_publisher/lib/python3.8/site-packages/pointcloud_publisher/pointcloud_publisher.py to pointcloud_publisher.cpython-38.pyc
[1.332s] byte-compiling /home/airsim_user/Downloads/Landing-Assist-Module-LAM/install/pointcloud_publisher/lib/python3.8/site-packages/pointcloud_publisher/__init__.py to __init__.cpython-38.pyc
[1.332s] byte-compiling /home/airsim_user/Downloads/Landing-Assist-Module-LAM/install/pointcloud_publisher/lib/python3.8/site-packages/pointcloud_publisher/setup.py to setup.cpython-38.pyc
[1.332s]   File "/home/airsim_user/Downloads/Landing-Assist-Module-LAM/install/pointcloud_publisher/lib/python3.8/site-packages/pointcloud_publisher/setup.py", line 24
[1.332s]     <<<<<<< HEAD
[1.332s]     ^
[1.333s] SyntaxError: invalid syntax
[1.333s] 
[1.333s] byte-compiling /home/airsim_user/Downloads/Landing-Assist-Module-LAM/install/pointcloud_publisher/lib/python3.8/site-packages/pointcloud_publisher/pointcloud_subscriber.py to pointcloud_subscriber.cpython-38.pyc
[1.333s] running install_data
[1.333s] creating /home/airsim_user/Downloads/Landing-Assist-Module-LAM/install/pointcloud_publisher/share/ament_index
[1.333s] creating /home/airsim_user/Downloads/Landing-Assist-Module-LAM/install/pointcloud_publisher/share/ament_index/resource_index
[1.333s] creating /home/airsim_user/Downloads/Landing-Assist-Module-LAM/install/pointcloud_publisher/share/ament_index/resource_index/packages
[1.334s] copying resource/pointcloud_publisher -> /home/airsim_user/Downloads/Landing-Assist-Module-LAM/install/pointcloud_publisher/share/ament_index/resource_index/packages
[1.334s] copying package.xml -> /home/airsim_user/Downloads/Landing-Assist-Module-LAM/install/pointcloud_publisher/share/pointcloud_publisher
[1.334s] running install_egg_info
[1.348s] Copying ../../../../build/pointcloud_publisher/pointcloud_publisher.egg-info to /home/airsim_user/Downloads/Landing-Assist-Module-LAM/install/pointcloud_publisher/lib/python3.8/site-packages/pointcloud_publisher-0.0.0-py3.8.egg-info
[1.349s] running install_scripts
[1.382s] Installing pointcloud_publisher script to /home/airsim_user/Downloads/Landing-Assist-Module-LAM/install/pointcloud_publisher/lib/pointcloud_publisher
[1.382s] Installing pointcloud_subscriber script to /home/airsim_user/Downloads/Landing-Assist-Module-LAM/install/pointcloud_publisher/lib/pointcloud_publisher
[1.382s] writing list of installed files to '/home/airsim_user/Downloads/Landing-Assist-Module-LAM/build/pointcloud_publisher/install.log'
[1.410s] Invoked command in '/home/airsim_user/Downloads/Landing-Assist-Module-LAM/ros2/src/py/pointcloud_publisher' returned '0': PYTHONPATH=/home/airsim_user/Downloads/Landing-Assist-Module-LAM/build/pointcloud_publisher/prefix_override:/usr/lib/python3/dist-packages/colcon_core/task/python/colcon_distutils_commands:/home/airsim_user/Downloads/Landing-Assist-Module-LAM/install/pointcloud_publisher/lib/python3.8/site-packages:${PYTHONPATH} /usr/bin/python3 -W ignore:setup.py install is deprecated setup.py egg_info --egg-base ../../../../build/pointcloud_publisher build --build-base /home/airsim_user/Downloads/Landing-Assist-Module-LAM/build/pointcloud_publisher/build install --record /home/airsim_user/Downloads/Landing-Assist-Module-LAM/build/pointcloud_publisher/install.log --single-version-externally-managed install_data
