[0.837s] Invoking command in '/home/airsim_user/Downloads/Landing-Assist-Module-LAM/ros2/src/pointcloud_publisher': PYTHONPATH=/home/airsim_user/Downloads/Landing-Assist-Module-LAM/ros2/build/pointcloud_publisher/prefix_override:/usr/lib/python3/dist-packages/colcon_core/task/python/colcon_distutils_commands:/home/airsim_user/Downloads/Landing-Assist-Module-LAM/ros2/install/pointcloud_publisher/lib/python3.8/site-packages:${PYTHONPATH} /usr/bin/python3 -W ignore:setup.py install is deprecated setup.py egg_info --egg-base ../../build/pointcloud_publisher build --build-base /home/airsim_user/Downloads/Landing-Assist-Module-LAM/ros2/build/pointcloud_publisher/build install --record /home/airsim_user/Downloads/Landing-Assist-Module-LAM/ros2/build/pointcloud_publisher/install.log --single-version-externally-managed install_data
[1.033s] running egg_info
[1.034s] creating ../../build/pointcloud_publisher/pointcloud_publisher.egg-info
[1.044s] writing ../../build/pointcloud_publisher/pointcloud_publisher.egg-info/PKG-INFO
[1.044s] writing dependency_links to ../../build/pointcloud_publisher/pointcloud_publisher.egg-info/dependency_links.txt
[1.045s] writing entry points to ../../build/pointcloud_publisher/pointcloud_publisher.egg-info/entry_points.txt
[1.045s] writing requirements to ../../build/pointcloud_publisher/pointcloud_publisher.egg-info/requires.txt
[1.045s] writing top-level names to ../../build/pointcloud_publisher/pointcloud_publisher.egg-info/top_level.txt
[1.116s] writing manifest file '../../build/pointcloud_publisher/pointcloud_publisher.egg-info/SOURCES.txt'
[1.140s] reading manifest file '../../build/pointcloud_publisher/pointcloud_publisher.egg-info/SOURCES.txt'
[1.140s] writing manifest file '../../build/pointcloud_publisher/pointcloud_publisher.egg-info/SOURCES.txt'
[1.140s] running build
[1.141s] running build_py
[1.141s] creating /home/airsim_user/Downloads/Landing-Assist-Module-LAM/ros2/build/pointcloud_publisher/build
[1.141s] creating /home/airsim_user/Downloads/Landing-Assist-Module-LAM/ros2/build/pointcloud_publisher/build/lib
[1.141s] creating /home/airsim_user/Downloads/Landing-Assist-Module-LAM/ros2/build/pointcloud_publisher/build/lib/pointcloud_publisher
[1.141s] copying pointcloud_publisher/pointcloud_publisher.py -> /home/airsim_user/Downloads/Landing-Assist-Module-LAM/ros2/build/pointcloud_publisher/build/lib/pointcloud_publisher
[1.141s] copying pointcloud_publisher/planar_patch_plane_detection.py -> /home/airsim_user/Downloads/Landing-Assist-Module-LAM/ros2/build/pointcloud_publisher/build/lib/pointcloud_publisher
[1.141s] copying pointcloud_publisher/__init__.py -> /home/airsim_user/Downloads/Landing-Assist-Module-LAM/ros2/build/pointcloud_publisher/build/lib/pointcloud_publisher
[1.141s] copying pointcloud_publisher/setup.py -> /home/airsim_user/Downloads/Landing-Assist-Module-LAM/ros2/build/pointcloud_publisher/build/lib/pointcloud_publisher
[1.142s] copying pointcloud_publisher/pointcloud_subscriber.py -> /home/airsim_user/Downloads/Landing-Assist-Module-LAM/ros2/build/pointcloud_publisher/build/lib/pointcloud_publisher
[1.142s] running install
[1.145s] running install_lib
[1.156s] creating /home/airsim_user/Downloads/Landing-Assist-Module-LAM/ros2/install/pointcloud_publisher/lib/python3.8/site-packages/pointcloud_publisher
[1.157s] copying /home/airsim_user/Downloads/Landing-Assist-Module-LAM/ros2/build/pointcloud_publisher/build/lib/pointcloud_publisher/pointcloud_publisher.py -> /home/airsim_user/Downloads/Landing-Assist-Module-LAM/ros2/install/pointcloud_publisher/lib/python3.8/site-packages/pointcloud_publisher
[1.157s] copying /home/airsim_user/Downloads/Landing-Assist-Module-LAM/ros2/build/pointcloud_publisher/build/lib/pointcloud_publisher/planar_patch_plane_detection.py -> /home/airsim_user/Downloads/Landing-Assist-Module-LAM/ros2/install/pointcloud_publisher/lib/python3.8/site-packages/pointcloud_publisher
[1.157s] copying /home/airsim_user/Downloads/Landing-Assist-Module-LAM/ros2/build/pointcloud_publisher/build/lib/pointcloud_publisher/__init__.py -> /home/airsim_user/Downloads/Landing-Assist-Module-LAM/ros2/install/pointcloud_publisher/lib/python3.8/site-packages/pointcloud_publisher
[1.157s] copying /home/airsim_user/Downloads/Landing-Assist-Module-LAM/ros2/build/pointcloud_publisher/build/lib/pointcloud_publisher/setup.py -> /home/airsim_user/Downloads/Landing-Assist-Module-LAM/ros2/install/pointcloud_publisher/lib/python3.8/site-packages/pointcloud_publisher
[1.157s] copying /home/airsim_user/Downloads/Landing-Assist-Module-LAM/ros2/build/pointcloud_publisher/build/lib/pointcloud_publisher/pointcloud_subscriber.py -> /home/airsim_user/Downloads/Landing-Assist-Module-LAM/ros2/install/pointcloud_publisher/lib/python3.8/site-packages/pointcloud_publisher
[1.157s] byte-compiling /home/airsim_user/Downloads/Landing-Assist-Module-LAM/ros2/install/pointcloud_publisher/lib/python3.8/site-packages/pointcloud_publisher/pointcloud_publisher.py to pointcloud_publisher.cpython-38.pyc
[1.158s] byte-compiling /home/airsim_user/Downloads/Landing-Assist-Module-LAM/ros2/install/pointcloud_publisher/lib/python3.8/site-packages/pointcloud_publisher/planar_patch_plane_detection.py to planar_patch_plane_detection.cpython-38.pyc
[1.158s] byte-compiling /home/airsim_user/Downloads/Landing-Assist-Module-LAM/ros2/install/pointcloud_publisher/lib/python3.8/site-packages/pointcloud_publisher/__init__.py to __init__.cpython-38.pyc
[1.158s] byte-compiling /home/airsim_user/Downloads/Landing-Assist-Module-LAM/ros2/install/pointcloud_publisher/lib/python3.8/site-packages/pointcloud_publisher/setup.py to setup.cpython-38.pyc
[1.159s] byte-compiling /home/airsim_user/Downloads/Landing-Assist-Module-LAM/ros2/install/pointcloud_publisher/lib/python3.8/site-packages/pointcloud_publisher/pointcloud_subscriber.py to pointcloud_subscriber.cpython-38.pyc
[1.159s] running install_data
[1.159s] creating /home/airsim_user/Downloads/Landing-Assist-Module-LAM/ros2/install/pointcloud_publisher/share/ament_index
[1.159s] creating /home/airsim_user/Downloads/Landing-Assist-Module-LAM/ros2/install/pointcloud_publisher/share/ament_index/resource_index
[1.159s] creating /home/airsim_user/Downloads/Landing-Assist-Module-LAM/ros2/install/pointcloud_publisher/share/ament_index/resource_index/packages
[1.159s] copying resource/pointcloud_publisher -> /home/airsim_user/Downloads/Landing-Assist-Module-LAM/ros2/install/pointcloud_publisher/share/ament_index/resource_index/packages
[1.159s] copying package.xml -> /home/airsim_user/Downloads/Landing-Assist-Module-LAM/ros2/install/pointcloud_publisher/share/pointcloud_publisher
[1.159s] running install_egg_info
[1.171s] Copying ../../build/pointcloud_publisher/pointcloud_publisher.egg-info to /home/airsim_user/Downloads/Landing-Assist-Module-LAM/ros2/install/pointcloud_publisher/lib/python3.8/site-packages/pointcloud_publisher-0.0.0-py3.8.egg-info
[1.171s] running install_scripts
[1.202s] Installing planar_patch_plane_detection script to /home/airsim_user/Downloads/Landing-Assist-Module-LAM/ros2/install/pointcloud_publisher/lib/pointcloud_publisher
[1.202s] Installing pointcloud_publisher script to /home/airsim_user/Downloads/Landing-Assist-Module-LAM/ros2/install/pointcloud_publisher/lib/pointcloud_publisher
[1.202s] Installing pointcloud_subscriber script to /home/airsim_user/Downloads/Landing-Assist-Module-LAM/ros2/install/pointcloud_publisher/lib/pointcloud_publisher
[1.203s] writing list of installed files to '/home/airsim_user/Downloads/Landing-Assist-Module-LAM/ros2/build/pointcloud_publisher/install.log'
[1.228s] Invoked command in '/home/airsim_user/Downloads/Landing-Assist-Module-LAM/ros2/src/pointcloud_publisher' returned '0': PYTHONPATH=/home/airsim_user/Downloads/Landing-Assist-Module-LAM/ros2/build/pointcloud_publisher/prefix_override:/usr/lib/python3/dist-packages/colcon_core/task/python/colcon_distutils_commands:/home/airsim_user/Downloads/Landing-Assist-Module-LAM/ros2/install/pointcloud_publisher/lib/python3.8/site-packages:${PYTHONPATH} /usr/bin/python3 -W ignore:setup.py install is deprecated setup.py egg_info --egg-base ../../build/pointcloud_publisher build --build-base /home/airsim_user/Downloads/Landing-Assist-Module-LAM/ros2/build/pointcloud_publisher/build install --record /home/airsim_user/Downloads/Landing-Assist-Module-LAM/ros2/build/pointcloud_publisher/install.log --single-version-externally-managed install_data
