[0.954s] Invoking command in '/home/athul/uav/Landing-Assist-Module-LAM/ros2/src/pointcloud_publisher': PYTHONPATH=/home/athul/uav/Landing-Assist-Module-LAM/build/pointcloud_publisher/prefix_override:/home/athul/uav/Landing-Assist-Module-LAM/install/pointcloud_publisher/lib/python3.10/site-packages:${PYTHONPATH} /usr/bin/python3 setup.py egg_info --egg-base ../../../build/pointcloud_publisher build --build-base /home/athul/uav/Landing-Assist-Module-LAM/build/pointcloud_publisher/build install --record /home/athul/uav/Landing-Assist-Module-LAM/build/pointcloud_publisher/install.log --single-version-externally-managed
[1.192s] running egg_info
[1.193s] creating ../../../build/pointcloud_publisher/pointcloud_publisher.egg-info
[1.193s] writing ../../../build/pointcloud_publisher/pointcloud_publisher.egg-info/PKG-INFO
[1.193s] writing dependency_links to ../../../build/pointcloud_publisher/pointcloud_publisher.egg-info/dependency_links.txt
[1.194s] writing entry points to ../../../build/pointcloud_publisher/pointcloud_publisher.egg-info/entry_points.txt
[1.194s] writing requirements to ../../../build/pointcloud_publisher/pointcloud_publisher.egg-info/requires.txt
[1.194s] writing top-level names to ../../../build/pointcloud_publisher/pointcloud_publisher.egg-info/top_level.txt
[1.200s] writing manifest file '../../../build/pointcloud_publisher/pointcloud_publisher.egg-info/SOURCES.txt'
[1.202s] reading manifest file '../../../build/pointcloud_publisher/pointcloud_publisher.egg-info/SOURCES.txt'
[1.203s] writing manifest file '../../../build/pointcloud_publisher/pointcloud_publisher.egg-info/SOURCES.txt'
[1.203s] running build
[1.203s] running build_py
[1.204s] creating /home/athul/uav/Landing-Assist-Module-LAM/build/pointcloud_publisher/build
[1.204s] creating /home/athul/uav/Landing-Assist-Module-LAM/build/pointcloud_publisher/build/lib
[1.204s] creating /home/athul/uav/Landing-Assist-Module-LAM/build/pointcloud_publisher/build/lib/pointcloud_publisher
[1.205s] copying pointcloud_publisher/setup.py -> /home/athul/uav/Landing-Assist-Module-LAM/build/pointcloud_publisher/build/lib/pointcloud_publisher
[1.205s] copying pointcloud_publisher/ransac_plane_detection.py -> /home/athul/uav/Landing-Assist-Module-LAM/build/pointcloud_publisher/build/lib/pointcloud_publisher
[1.205s] copying pointcloud_publisher/__init__.py -> /home/athul/uav/Landing-Assist-Module-LAM/build/pointcloud_publisher/build/lib/pointcloud_publisher
[1.205s] copying pointcloud_publisher/pointcloud_publisher.py -> /home/athul/uav/Landing-Assist-Module-LAM/build/pointcloud_publisher/build/lib/pointcloud_publisher
[1.205s] copying pointcloud_publisher/planar_patch_plane_detection.py -> /home/athul/uav/Landing-Assist-Module-LAM/build/pointcloud_publisher/build/lib/pointcloud_publisher
[1.205s] copying pointcloud_publisher/pointcloud_subscriber.py -> /home/athul/uav/Landing-Assist-Module-LAM/build/pointcloud_publisher/build/lib/pointcloud_publisher
[1.206s] /usr/lib/python3/dist-packages/setuptools/command/install.py:34: SetuptoolsDeprecationWarning: setup.py install is deprecated. Use build and pip and other standards-based tools.
[1.206s]   warnings.warn(
[1.206s] running install
[1.206s] running install_lib
[1.206s] creating /home/athul/uav/Landing-Assist-Module-LAM/install/pointcloud_publisher/lib/python3.10/site-packages/pointcloud_publisher
[1.207s] copying /home/athul/uav/Landing-Assist-Module-LAM/build/pointcloud_publisher/build/lib/pointcloud_publisher/setup.py -> /home/athul/uav/Landing-Assist-Module-LAM/install/pointcloud_publisher/lib/python3.10/site-packages/pointcloud_publisher
[1.207s] copying /home/athul/uav/Landing-Assist-Module-LAM/build/pointcloud_publisher/build/lib/pointcloud_publisher/ransac_plane_detection.py -> /home/athul/uav/Landing-Assist-Module-LAM/install/pointcloud_publisher/lib/python3.10/site-packages/pointcloud_publisher
[1.207s] copying /home/athul/uav/Landing-Assist-Module-LAM/build/pointcloud_publisher/build/lib/pointcloud_publisher/__init__.py -> /home/athul/uav/Landing-Assist-Module-LAM/install/pointcloud_publisher/lib/python3.10/site-packages/pointcloud_publisher
[1.207s] copying /home/athul/uav/Landing-Assist-Module-LAM/build/pointcloud_publisher/build/lib/pointcloud_publisher/pointcloud_publisher.py -> /home/athul/uav/Landing-Assist-Module-LAM/install/pointcloud_publisher/lib/python3.10/site-packages/pointcloud_publisher
[1.207s] copying /home/athul/uav/Landing-Assist-Module-LAM/build/pointcloud_publisher/build/lib/pointcloud_publisher/planar_patch_plane_detection.py -> /home/athul/uav/Landing-Assist-Module-LAM/install/pointcloud_publisher/lib/python3.10/site-packages/pointcloud_publisher
[1.207s] copying /home/athul/uav/Landing-Assist-Module-LAM/build/pointcloud_publisher/build/lib/pointcloud_publisher/pointcloud_subscriber.py -> /home/athul/uav/Landing-Assist-Module-LAM/install/pointcloud_publisher/lib/python3.10/site-packages/pointcloud_publisher
[1.208s] byte-compiling /home/athul/uav/Landing-Assist-Module-LAM/install/pointcloud_publisher/lib/python3.10/site-packages/pointcloud_publisher/setup.py to setup.cpython-310.pyc
[1.208s] byte-compiling /home/athul/uav/Landing-Assist-Module-LAM/install/pointcloud_publisher/lib/python3.10/site-packages/pointcloud_publisher/ransac_plane_detection.py to ransac_plane_detection.cpython-310.pyc
[1.208s] byte-compiling /home/athul/uav/Landing-Assist-Module-LAM/install/pointcloud_publisher/lib/python3.10/site-packages/pointcloud_publisher/__init__.py to __init__.cpython-310.pyc
[1.208s] byte-compiling /home/athul/uav/Landing-Assist-Module-LAM/install/pointcloud_publisher/lib/python3.10/site-packages/pointcloud_publisher/pointcloud_publisher.py to pointcloud_publisher.cpython-310.pyc
[1.208s] byte-compiling /home/athul/uav/Landing-Assist-Module-LAM/install/pointcloud_publisher/lib/python3.10/site-packages/pointcloud_publisher/planar_patch_plane_detection.py to planar_patch_plane_detection.cpython-310.pyc
[1.209s] byte-compiling /home/athul/uav/Landing-Assist-Module-LAM/install/pointcloud_publisher/lib/python3.10/site-packages/pointcloud_publisher/pointcloud_subscriber.py to pointcloud_subscriber.cpython-310.pyc
[1.209s] running install_data
[1.210s] creating /home/athul/uav/Landing-Assist-Module-LAM/install/pointcloud_publisher/share/ament_index
[1.210s] creating /home/athul/uav/Landing-Assist-Module-LAM/install/pointcloud_publisher/share/ament_index/resource_index
[1.210s] creating /home/athul/uav/Landing-Assist-Module-LAM/install/pointcloud_publisher/share/ament_index/resource_index/packages
[1.210s] copying resource/pointcloud_publisher -> /home/athul/uav/Landing-Assist-Module-LAM/install/pointcloud_publisher/share/ament_index/resource_index/packages
[1.211s] copying package.xml -> /home/athul/uav/Landing-Assist-Module-LAM/install/pointcloud_publisher/share/pointcloud_publisher
[1.211s] running install_egg_info
[1.212s] Copying ../../../build/pointcloud_publisher/pointcloud_publisher.egg-info to /home/athul/uav/Landing-Assist-Module-LAM/install/pointcloud_publisher/lib/python3.10/site-packages/pointcloud_publisher-0.0.0-py3.10.egg-info
[1.213s] running install_scripts
[1.229s] Installing planar_patch_plane_detection script to /home/athul/uav/Landing-Assist-Module-LAM/install/pointcloud_publisher/lib/pointcloud_publisher
[1.230s] Installing pointcloud_publisher script to /home/athul/uav/Landing-Assist-Module-LAM/install/pointcloud_publisher/lib/pointcloud_publisher
[1.230s] Installing pointcloud_subscriber script to /home/athul/uav/Landing-Assist-Module-LAM/install/pointcloud_publisher/lib/pointcloud_publisher
[1.230s] Installing ransac_plane_detection script to /home/athul/uav/Landing-Assist-Module-LAM/install/pointcloud_publisher/lib/pointcloud_publisher
[1.230s] writing list of installed files to '/home/athul/uav/Landing-Assist-Module-LAM/build/pointcloud_publisher/install.log'
[1.258s] Invoked command in '/home/athul/uav/Landing-Assist-Module-LAM/ros2/src/pointcloud_publisher' returned '0': PYTHONPATH=/home/athul/uav/Landing-Assist-Module-LAM/build/pointcloud_publisher/prefix_override:/home/athul/uav/Landing-Assist-Module-LAM/install/pointcloud_publisher/lib/python3.10/site-packages:${PYTHONPATH} /usr/bin/python3 setup.py egg_info --egg-base ../../../build/pointcloud_publisher build --build-base /home/athul/uav/Landing-Assist-Module-LAM/build/pointcloud_publisher/build install --record /home/athul/uav/Landing-Assist-Module-LAM/build/pointcloud_publisher/install.log --single-version-externally-managed
