[0.885s] Invoking command in '/home/airsim_user/Downloads/Landing-Assist-Module-LAM/ros2/src/pointcloud_plane_detection': PYTHONPATH=/home/airsim_user/Downloads/Landing-Assist-Module-LAM/ros2/build/pointcloud_plane_detection/prefix_override:/usr/lib/python3/dist-packages/colcon_core/task/python/colcon_distutils_commands:/home/airsim_user/Downloads/Landing-Assist-Module-LAM/ros2/install/pointcloud_plane_detection/lib/python3.8/site-packages:${PYTHONPATH} /usr/bin/python3 -W ignore:setup.py install is deprecated setup.py egg_info --egg-base ../../build/pointcloud_plane_detection build --build-base /home/airsim_user/Downloads/Landing-Assist-Module-LAM/ros2/build/pointcloud_plane_detection/build install --record /home/airsim_user/Downloads/Landing-Assist-Module-LAM/ros2/build/pointcloud_plane_detection/install.log --install-scripts $base/lib/pointcloud_plane_detection --single-version-externally-managed install_data
[0.988s] /home/airsim_user/.local/lib/python3.8/site-packages/setuptools/dist.py:478: SetuptoolsDeprecationWarning: Invalid dash-separated options
[0.988s] !!
[0.988s] 
[0.988s]         ********************************************************************************
[0.988s]         Usage of dash-separated 'script-dir' will not be supported in future
[0.988s]         versions. Please use the underscore name 'script_dir' instead.
[0.988s] 
[0.989s]         By 2024-Sep-26, you need to update your project and remove deprecated calls
[0.989s]         or your builds will no longer be supported.
[0.989s] 
[0.989s]         See https://setuptools.pypa.io/en/latest/userguide/declarative_config.html for details.
[0.989s]         ********************************************************************************
[0.989s] 
[0.989s] !!
[0.989s]   opt = self.warn_dash_deprecation(opt, section)
[1.078s] running egg_info
[1.090s] writing ../../build/pointcloud_plane_detection/pointcloud_plane_detection.egg-info/PKG-INFO
[1.090s] writing dependency_links to ../../build/pointcloud_plane_detection/pointcloud_plane_detection.egg-info/dependency_links.txt
[1.091s] writing entry points to ../../build/pointcloud_plane_detection/pointcloud_plane_detection.egg-info/entry_points.txt
[1.091s] writing requirements to ../../build/pointcloud_plane_detection/pointcloud_plane_detection.egg-info/requires.txt
[1.091s] writing top-level names to ../../build/pointcloud_plane_detection/pointcloud_plane_detection.egg-info/top_level.txt
[1.201s] reading manifest file '../../build/pointcloud_plane_detection/pointcloud_plane_detection.egg-info/SOURCES.txt'
[1.202s] writing manifest file '../../build/pointcloud_plane_detection/pointcloud_plane_detection.egg-info/SOURCES.txt'
[1.202s] running build
[1.203s] running build_py
[1.203s] copying pointcloud_plane_detection/__init__.py -> /home/airsim_user/Downloads/Landing-Assist-Module-LAM/ros2/build/pointcloud_plane_detection/build/lib/pointcloud_plane_detection
[1.203s] copying pointcloud_plane_detection/plane_detection.py -> /home/airsim_user/Downloads/Landing-Assist-Module-LAM/ros2/build/pointcloud_plane_detection/build/lib/pointcloud_plane_detection
[1.203s] copying pointcloud_plane_detection/plane_detection.py -> /home/airsim_user/Downloads/Landing-Assist-Module-LAM/ros2/build/pointcloud_plane_detection/build/lib/pointcloud_plane_detection
[1.203s] copying pointcloud_plane_detection/__init__.py -> /home/airsim_user/Downloads/Landing-Assist-Module-LAM/ros2/build/pointcloud_plane_detection/build/lib/pointcloud_plane_detection
[1.203s] running install
[1.207s] running install_lib
[1.220s] running install_data
[1.220s] copying resource/pointcloud_plane_detection -> /home/airsim_user/Downloads/Landing-Assist-Module-LAM/ros2/install/pointcloud_plane_detection/share/ament_index/resource_index/packages
[1.220s] copying package.xml -> /home/airsim_user/Downloads/Landing-Assist-Module-LAM/ros2/install/pointcloud_plane_detection/share/pointcloud_plane_detection
[1.220s] running install_egg_info
[1.233s] removing '/home/airsim_user/Downloads/Landing-Assist-Module-LAM/ros2/install/pointcloud_plane_detection/lib/python3.8/site-packages/pointcloud_plane_detection-0.0.0-py3.8.egg-info' (and everything under it)
[1.233s] Copying ../../build/pointcloud_plane_detection/pointcloud_plane_detection.egg-info to /home/airsim_user/Downloads/Landing-Assist-Module-LAM/ros2/install/pointcloud_plane_detection/lib/python3.8/site-packages/pointcloud_plane_detection-0.0.0-py3.8.egg-info
[1.234s] running install_scripts
[1.264s] Installing plane_detection script to /home/airsim_user/Downloads/Landing-Assist-Module-LAM/ros2/install/pointcloud_plane_detection/lib/pointcloud_plane_detection
[1.265s] writing list of installed files to '/home/airsim_user/Downloads/Landing-Assist-Module-LAM/ros2/build/pointcloud_plane_detection/install.log'
[1.289s] Invoked command in '/home/airsim_user/Downloads/Landing-Assist-Module-LAM/ros2/src/pointcloud_plane_detection' returned '0': PYTHONPATH=/home/airsim_user/Downloads/Landing-Assist-Module-LAM/ros2/build/pointcloud_plane_detection/prefix_override:/usr/lib/python3/dist-packages/colcon_core/task/python/colcon_distutils_commands:/home/airsim_user/Downloads/Landing-Assist-Module-LAM/ros2/install/pointcloud_plane_detection/lib/python3.8/site-packages:${PYTHONPATH} /usr/bin/python3 -W ignore:setup.py install is deprecated setup.py egg_info --egg-base ../../build/pointcloud_plane_detection build --build-base /home/airsim_user/Downloads/Landing-Assist-Module-LAM/ros2/build/pointcloud_plane_detection/build install --record /home/airsim_user/Downloads/Landing-Assist-Module-LAM/ros2/build/pointcloud_plane_detection/install.log --install-scripts $base/lib/pointcloud_plane_detection --single-version-externally-managed install_data
