[1.799s] DEBUG:colcon:Command line arguments: ['/usr/bin/colcon', 'build']
[1.799s] DEBUG:colcon:Parsed command line arguments: Namespace(log_base=None, log_level=None, verb_name='build', build_base='build', install_base='install', merge_install=False, symlink_install=False, test_result_base=None, continue_on_error=False, executor='parallel', parallel_workers=6, event_handlers=None, ignore_user_meta=False, metas=['./colcon.meta'], base_paths=['.'], packages_ignore=None, packages_ignore_regex=None, paths=None, packages_up_to=None, packages_up_to_regex=None, packages_above=None, packages_above_and_dependencies=None, packages_above_depth=None, packages_select_by_dep=None, packages_skip_by_dep=None, packages_skip_up_to=None, packages_select_build_failed=False, packages_skip_build_finished=False, packages_select_test_failures=False, packages_skip_test_passed=False, packages_select=None, packages_skip=None, packages_select_regex=None, packages_skip_regex=None, packages_start=None, packages_end=None, allow_overriding=[], cmake_args=None, cmake_target=None, cmake_target_skip_unavailable=False, cmake_clean_cache=False, cmake_clean_first=False, cmake_force_configure=False, ament_cmake_args=None, catkin_cmake_args=None, catkin_skip_building_tests=False, verb_parser=<colcon_defaults.argument_parser.defaults.DefaultArgumentsDecorator object at 0x78384f11b460>, verb_extension=<colcon_core.verb.build.BuildVerb object at 0x78384f3b7910>, main=<bound method BuildVerb.main of <colcon_core.verb.build.BuildVerb object at 0x78384f3b7910>>)
[1.871s] Level 1:colcon.colcon_core.package_discovery:discover_packages(colcon_meta) check parameters
[1.871s] Level 1:colcon.colcon_core.package_discovery:discover_packages(recursive) check parameters
[1.872s] Level 1:colcon.colcon_core.package_discovery:discover_packages(ignore) check parameters
[1.872s] Level 1:colcon.colcon_core.package_discovery:discover_packages(path) check parameters
[1.872s] Level 1:colcon.colcon_core.package_discovery:discover_packages(colcon_meta) discover
[1.872s] Level 1:colcon.colcon_core.package_discovery:discover_packages(recursive) discover
[1.872s] INFO:colcon.colcon_core.package_discovery:Crawling recursively for packages in '/home/athul/uav/Landing-Assist-Module-LAM/ros2'
[1.872s] Level 1:colcon.colcon_core.package_identification:_identify(.) by extensions ['ignore', 'ignore_ament_install']
[1.872s] Level 1:colcon.colcon_core.package_identification:_identify(.) by extension 'ignore'
[1.872s] Level 1:colcon.colcon_core.package_identification:_identify(.) by extension 'ignore_ament_install'
[1.872s] Level 1:colcon.colcon_core.package_identification:_identify(.) by extensions ['colcon_pkg']
[1.872s] Level 1:colcon.colcon_core.package_identification:_identify(.) by extension 'colcon_pkg'
[1.872s] Level 1:colcon.colcon_core.package_identification:_identify(.) by extensions ['colcon_meta']
[1.872s] Level 1:colcon.colcon_core.package_identification:_identify(.) by extension 'colcon_meta'
[1.872s] Level 1:colcon.colcon_core.package_identification:_identify(.) by extensions ['ros']
[1.872s] Level 1:colcon.colcon_core.package_identification:_identify(.) by extension 'ros'
[1.887s] Level 1:colcon.colcon_core.package_identification:_identify(.) by extensions ['cmake', 'python']
[1.887s] Level 1:colcon.colcon_core.package_identification:_identify(.) by extension 'cmake'
[1.887s] Level 1:colcon.colcon_core.package_identification:_identify(.) by extension 'python'
[1.887s] Level 1:colcon.colcon_core.package_identification:_identify(.) by extensions ['python_setup_py']
[1.887s] Level 1:colcon.colcon_core.package_identification:_identify(.) by extension 'python_setup_py'
[1.888s] Level 1:colcon.colcon_core.package_identification:_identify(build) by extensions ['ignore', 'ignore_ament_install']
[1.888s] Level 1:colcon.colcon_core.package_identification:_identify(build) by extension 'ignore'
[1.888s] Level 1:colcon.colcon_core.package_identification:_identify(build) ignored
[1.888s] Level 1:colcon.colcon_core.package_identification:_identify(install) by extensions ['ignore', 'ignore_ament_install']
[1.888s] Level 1:colcon.colcon_core.package_identification:_identify(install) by extension 'ignore'
[1.888s] Level 1:colcon.colcon_core.package_identification:_identify(install) ignored
[1.888s] Level 1:colcon.colcon_core.package_identification:_identify(log) by extensions ['ignore', 'ignore_ament_install']
[1.888s] Level 1:colcon.colcon_core.package_identification:_identify(log) by extension 'ignore'
[1.888s] Level 1:colcon.colcon_core.package_identification:_identify(log) ignored
[1.889s] Level 1:colcon.colcon_core.package_identification:_identify(src) by extensions ['ignore', 'ignore_ament_install']
[1.889s] Level 1:colcon.colcon_core.package_identification:_identify(src) by extension 'ignore'
[1.889s] Level 1:colcon.colcon_core.package_identification:_identify(src) by extension 'ignore_ament_install'
[1.889s] Level 1:colcon.colcon_core.package_identification:_identify(src) by extensions ['colcon_pkg']
[1.889s] Level 1:colcon.colcon_core.package_identification:_identify(src) by extension 'colcon_pkg'
[1.889s] Level 1:colcon.colcon_core.package_identification:_identify(src) by extensions ['colcon_meta']
[1.889s] Level 1:colcon.colcon_core.package_identification:_identify(src) by extension 'colcon_meta'
[1.889s] Level 1:colcon.colcon_core.package_identification:_identify(src) by extensions ['ros']
[1.889s] Level 1:colcon.colcon_core.package_identification:_identify(src) by extension 'ros'
[1.889s] Level 1:colcon.colcon_core.package_identification:_identify(src) by extensions ['cmake', 'python']
[1.889s] Level 1:colcon.colcon_core.package_identification:_identify(src) by extension 'cmake'
[1.889s] Level 1:colcon.colcon_core.package_identification:_identify(src) by extension 'python'
[1.889s] Level 1:colcon.colcon_core.package_identification:_identify(src) by extensions ['python_setup_py']
[1.889s] Level 1:colcon.colcon_core.package_identification:_identify(src) by extension 'python_setup_py'
[1.889s] Level 1:colcon.colcon_core.package_identification:_identify(src/cpp) by extensions ['ignore', 'ignore_ament_install']
[1.890s] Level 1:colcon.colcon_core.package_identification:_identify(src/cpp) by extension 'ignore'
[1.890s] Level 1:colcon.colcon_core.package_identification:_identify(src/cpp) by extension 'ignore_ament_install'
[1.890s] Level 1:colcon.colcon_core.package_identification:_identify(src/cpp) by extensions ['colcon_pkg']
[1.890s] Level 1:colcon.colcon_core.package_identification:_identify(src/cpp) by extension 'colcon_pkg'
[1.890s] Level 1:colcon.colcon_core.package_identification:_identify(src/cpp) by extensions ['colcon_meta']
[1.890s] Level 1:colcon.colcon_core.package_identification:_identify(src/cpp) by extension 'colcon_meta'
[1.890s] Level 1:colcon.colcon_core.package_identification:_identify(src/cpp) by extensions ['ros']
[1.890s] Level 1:colcon.colcon_core.package_identification:_identify(src/cpp) by extension 'ros'
[1.890s] Level 1:colcon.colcon_core.package_identification:_identify(src/cpp) by extensions ['cmake', 'python']
[1.890s] Level 1:colcon.colcon_core.package_identification:_identify(src/cpp) by extension 'cmake'
[1.892s] Level 1:colcon.colcon_core.package_identification:_identify(src/cpp) by extension 'python'
[1.892s] DEBUG:colcon.colcon_core.package_identification:Package 'src/cpp' with type 'cmake' and name 'cpp'
[1.892s] Level 1:colcon.colcon_core.package_identification:_identify(src/plane_detection) by extensions ['ignore', 'ignore_ament_install']
[1.892s] Level 1:colcon.colcon_core.package_identification:_identify(src/plane_detection) by extension 'ignore'
[1.892s] Level 1:colcon.colcon_core.package_identification:_identify(src/plane_detection) by extension 'ignore_ament_install'
[1.892s] Level 1:colcon.colcon_core.package_identification:_identify(src/plane_detection) by extensions ['colcon_pkg']
[1.892s] Level 1:colcon.colcon_core.package_identification:_identify(src/plane_detection) by extension 'colcon_pkg'
[1.892s] Level 1:colcon.colcon_core.package_identification:_identify(src/plane_detection) by extensions ['colcon_meta']
[1.892s] Level 1:colcon.colcon_core.package_identification:_identify(src/plane_detection) by extension 'colcon_meta'
[1.892s] Level 1:colcon.colcon_core.package_identification:_identify(src/plane_detection) by extensions ['ros']
[1.892s] Level 1:colcon.colcon_core.package_identification:_identify(src/plane_detection) by extension 'ros'
[1.896s] DEBUG:colcon.colcon_core.package_identification:Package 'src/plane_detection' with type 'ros.ament_cmake' and name 'plane_detection'
[1.896s] Level 1:colcon.colcon_core.package_identification:_identify(src/pointcloud_publisher) by extensions ['ignore', 'ignore_ament_install']
[1.896s] Level 1:colcon.colcon_core.package_identification:_identify(src/pointcloud_publisher) by extension 'ignore'
[1.896s] Level 1:colcon.colcon_core.package_identification:_identify(src/pointcloud_publisher) by extension 'ignore_ament_install'
[1.897s] Level 1:colcon.colcon_core.package_identification:_identify(src/pointcloud_publisher) by extensions ['colcon_pkg']
[1.897s] Level 1:colcon.colcon_core.package_identification:_identify(src/pointcloud_publisher) by extension 'colcon_pkg'
[1.897s] Level 1:colcon.colcon_core.package_identification:_identify(src/pointcloud_publisher) by extensions ['colcon_meta']
[1.897s] Level 1:colcon.colcon_core.package_identification:_identify(src/pointcloud_publisher) by extension 'colcon_meta'
[1.897s] Level 1:colcon.colcon_core.package_identification:_identify(src/pointcloud_publisher) by extensions ['ros']
[1.897s] Level 1:colcon.colcon_core.package_identification:_identify(src/pointcloud_publisher) by extension 'ros'
[1.898s] DEBUG:colcon.colcon_core.package_identification:Package 'src/pointcloud_publisher' with type 'ros.ament_python' and name 'pointcloud_publisher'
[1.898s] Level 1:colcon.colcon_core.package_identification:_identify(src/py) by extensions ['ignore', 'ignore_ament_install']
[1.898s] Level 1:colcon.colcon_core.package_identification:_identify(src/py) by extension 'ignore'
[1.898s] Level 1:colcon.colcon_core.package_identification:_identify(src/py) by extension 'ignore_ament_install'
[1.898s] Level 1:colcon.colcon_core.package_identification:_identify(src/py) by extensions ['colcon_pkg']
[1.898s] Level 1:colcon.colcon_core.package_identification:_identify(src/py) by extension 'colcon_pkg'
[1.898s] Level 1:colcon.colcon_core.package_identification:_identify(src/py) by extensions ['colcon_meta']
[1.899s] Level 1:colcon.colcon_core.package_identification:_identify(src/py) by extension 'colcon_meta'
[1.899s] Level 1:colcon.colcon_core.package_identification:_identify(src/py) by extensions ['ros']
[1.899s] Level 1:colcon.colcon_core.package_identification:_identify(src/py) by extension 'ros'
[1.899s] Level 1:colcon.colcon_core.package_identification:_identify(src/py) by extensions ['cmake', 'python']
[1.899s] Level 1:colcon.colcon_core.package_identification:_identify(src/py) by extension 'cmake'
[1.899s] Level 1:colcon.colcon_core.package_identification:_identify(src/py) by extension 'python'
[1.899s] Level 1:colcon.colcon_core.package_identification:_identify(src/py) by extensions ['python_setup_py']
[1.899s] Level 1:colcon.colcon_core.package_identification:_identify(src/py) by extension 'python_setup_py'
[2.298s] ERROR:colcon.colcon_core.package_identification:Exception in package identification extension 'python_setup_py' in 'src/py': Command '['/usr/bin/python3', '-c', 'import sys;from contextlib import suppress;exec("with suppress(ImportError):    from setuptools.extern.packaging.specifiers    import SpecifierSet");exec("with suppress(ImportError):    from packaging.specifiers import SpecifierSet");from distutils.core import run_setup;dist = run_setup(    \'setup.py\', script_args=(\'--dry-run\',), stop_after=\'config\');skip_keys = (\'cmdclass\', \'distclass\', \'ext_modules\', \'metadata\');data = {    key: value for key, value in dist.__dict__.items()     if (        not key.startswith(\'_\') and         not callable(value) and         key not in skip_keys and         key not in dist.display_option_names    )};data[\'metadata\'] = {    k: v for k, v in dist.metadata.__dict__.items()     if k not in (\'license_files\', \'provides_extras\')};sys.stdout.buffer.write(repr(data).encode(\'utf-8\'))']' returned non-zero exit status 1.
Traceback (most recent call last):
  File "/usr/lib/python3/dist-packages/colcon_core/package_identification/__init__.py", line 142, in _identify
    retval = extension.identify(_reused_descriptor_instance)
  File "/usr/lib/python3/dist-packages/colcon_python_setup_py/package_identification/python_setup_py.py", line 48, in identify
    config = get_setup_information(setup_py)
  File "/usr/lib/python3/dist-packages/colcon_python_setup_py/package_identification/python_setup_py.py", line 241, in get_setup_information
    _setup_information_cache[hashable_env] = _get_setup_information(
  File "/usr/lib/python3/dist-packages/colcon_python_setup_py/package_identification/python_setup_py.py", line 288, in _get_setup_information
    result = subprocess.run(
  File "/usr/lib/python3.10/subprocess.py", line 526, in run
    raise CalledProcessError(retcode, process.args,
subprocess.CalledProcessError: Command '['/usr/bin/python3', '-c', 'import sys;from contextlib import suppress;exec("with suppress(ImportError):    from setuptools.extern.packaging.specifiers    import SpecifierSet");exec("with suppress(ImportError):    from packaging.specifiers import SpecifierSet");from distutils.core import run_setup;dist = run_setup(    \'setup.py\', script_args=(\'--dry-run\',), stop_after=\'config\');skip_keys = (\'cmdclass\', \'distclass\', \'ext_modules\', \'metadata\');data = {    key: value for key, value in dist.__dict__.items()     if (        not key.startswith(\'_\') and         not callable(value) and         key not in skip_keys and         key not in dist.display_option_names    )};data[\'metadata\'] = {    k: v for k, v in dist.metadata.__dict__.items()     if k not in (\'license_files\', \'provides_extras\')};sys.stdout.buffer.write(repr(data).encode(\'utf-8\'))']' returned non-zero exit status 1.

[2.299s] Level 1:colcon.colcon_core.package_discovery:discover_packages(recursive) using defaults
[2.299s] Level 1:colcon.colcon_core.package_discovery:discover_packages(ignore) discover
[2.299s] Level 1:colcon.colcon_core.package_discovery:discover_packages(ignore) using defaults
[2.299s] Level 1:colcon.colcon_core.package_discovery:discover_packages(path) discover
[2.299s] Level 1:colcon.colcon_core.package_discovery:discover_packages(path) using defaults
[2.464s] Level 1:colcon.colcon_core.package_discovery:discover_packages(prefix_path) check parameters
[2.464s] Level 1:colcon.colcon_core.package_discovery:discover_packages(prefix_path) discover
[2.516s] DEBUG:colcon.colcon_installed_package_information.package_discovery:Found 2 installed packages in /home/athul/uav/Landing-Assist-Module-LAM/ros2/install
[2.544s] DEBUG:colcon.colcon_installed_package_information.package_discovery:Found 424 installed packages in /opt/ros/humble
[2.547s] Level 1:colcon.colcon_core.package_discovery:discover_packages(prefix_path) using defaults
[2.696s] Level 5:colcon.colcon_core.verb:set package 'cpp' build argument 'cmake_args' from command line to 'None'
[2.696s] Level 5:colcon.colcon_core.verb:set package 'cpp' build argument 'cmake_target' from command line to 'None'
[2.696s] Level 5:colcon.colcon_core.verb:set package 'cpp' build argument 'cmake_target_skip_unavailable' from command line to 'False'
[2.696s] Level 5:colcon.colcon_core.verb:set package 'cpp' build argument 'cmake_clean_cache' from command line to 'False'
[2.696s] Level 5:colcon.colcon_core.verb:set package 'cpp' build argument 'cmake_clean_first' from command line to 'False'
[2.696s] Level 5:colcon.colcon_core.verb:set package 'cpp' build argument 'cmake_force_configure' from command line to 'False'
[2.696s] Level 5:colcon.colcon_core.verb:set package 'cpp' build argument 'ament_cmake_args' from command line to 'None'
[2.696s] Level 5:colcon.colcon_core.verb:set package 'cpp' build argument 'catkin_cmake_args' from command line to 'None'
[2.696s] Level 5:colcon.colcon_core.verb:set package 'cpp' build argument 'catkin_skip_building_tests' from command line to 'False'
[2.696s] DEBUG:colcon.colcon_core.verb:Building package 'cpp' with the following arguments: {'ament_cmake_args': None, 'build_base': '/home/athul/uav/Landing-Assist-Module-LAM/ros2/build/cpp', 'catkin_cmake_args': None, 'catkin_skip_building_tests': False, 'cmake_args': None, 'cmake_clean_cache': False, 'cmake_clean_first': False, 'cmake_force_configure': False, 'cmake_target': None, 'cmake_target_skip_unavailable': False, 'install_base': '/home/athul/uav/Landing-Assist-Module-LAM/ros2/install/cpp', 'merge_install': False, 'path': '/home/athul/uav/Landing-Assist-Module-LAM/ros2/src/cpp', 'symlink_install': False, 'test_result_base': None}
[2.722s] Level 5:colcon.colcon_core.verb:set package 'plane_detection' build argument 'cmake_args' from command line to 'None'
[2.722s] Level 5:colcon.colcon_core.verb:set package 'plane_detection' build argument 'cmake_target' from command line to 'None'
[2.722s] Level 5:colcon.colcon_core.verb:set package 'plane_detection' build argument 'cmake_target_skip_unavailable' from command line to 'False'
[2.722s] Level 5:colcon.colcon_core.verb:set package 'plane_detection' build argument 'cmake_clean_cache' from command line to 'False'
[2.722s] Level 5:colcon.colcon_core.verb:set package 'plane_detection' build argument 'cmake_clean_first' from command line to 'False'
[2.722s] Level 5:colcon.colcon_core.verb:set package 'plane_detection' build argument 'cmake_force_configure' from command line to 'False'
[2.722s] Level 5:colcon.colcon_core.verb:set package 'plane_detection' build argument 'ament_cmake_args' from command line to 'None'
[2.722s] Level 5:colcon.colcon_core.verb:set package 'plane_detection' build argument 'catkin_cmake_args' from command line to 'None'
[2.722s] Level 5:colcon.colcon_core.verb:set package 'plane_detection' build argument 'catkin_skip_building_tests' from command line to 'False'
[2.722s] DEBUG:colcon.colcon_core.verb:Building package 'plane_detection' with the following arguments: {'ament_cmake_args': None, 'build_base': '/home/athul/uav/Landing-Assist-Module-LAM/ros2/build/plane_detection', 'catkin_cmake_args': None, 'catkin_skip_building_tests': False, 'cmake_args': None, 'cmake_clean_cache': False, 'cmake_clean_first': False, 'cmake_force_configure': False, 'cmake_target': None, 'cmake_target_skip_unavailable': False, 'install_base': '/home/athul/uav/Landing-Assist-Module-LAM/ros2/install/plane_detection', 'merge_install': False, 'path': '/home/athul/uav/Landing-Assist-Module-LAM/ros2/src/plane_detection', 'symlink_install': False, 'test_result_base': None}
[2.747s] Level 5:colcon.colcon_core.verb:set package 'pointcloud_publisher' build argument 'cmake_args' from command line to 'None'
[2.747s] Level 5:colcon.colcon_core.verb:set package 'pointcloud_publisher' build argument 'cmake_target' from command line to 'None'
[2.747s] Level 5:colcon.colcon_core.verb:set package 'pointcloud_publisher' build argument 'cmake_target_skip_unavailable' from command line to 'False'
[2.747s] Level 5:colcon.colcon_core.verb:set package 'pointcloud_publisher' build argument 'cmake_clean_cache' from command line to 'False'
[2.747s] Level 5:colcon.colcon_core.verb:set package 'pointcloud_publisher' build argument 'cmake_clean_first' from command line to 'False'
[2.747s] Level 5:colcon.colcon_core.verb:set package 'pointcloud_publisher' build argument 'cmake_force_configure' from command line to 'False'
[2.747s] Level 5:colcon.colcon_core.verb:set package 'pointcloud_publisher' build argument 'ament_cmake_args' from command line to 'None'
[2.747s] Level 5:colcon.colcon_core.verb:set package 'pointcloud_publisher' build argument 'catkin_cmake_args' from command line to 'None'
[2.747s] Level 5:colcon.colcon_core.verb:set package 'pointcloud_publisher' build argument 'catkin_skip_building_tests' from command line to 'False'
[2.747s] DEBUG:colcon.colcon_core.verb:Building package 'pointcloud_publisher' with the following arguments: {'ament_cmake_args': None, 'build_base': '/home/athul/uav/Landing-Assist-Module-LAM/ros2/build/pointcloud_publisher', 'catkin_cmake_args': None, 'catkin_skip_building_tests': False, 'cmake_args': None, 'cmake_clean_cache': False, 'cmake_clean_first': False, 'cmake_force_configure': False, 'cmake_target': None, 'cmake_target_skip_unavailable': False, 'install_base': '/home/athul/uav/Landing-Assist-Module-LAM/ros2/install/pointcloud_publisher', 'merge_install': False, 'path': '/home/athul/uav/Landing-Assist-Module-LAM/ros2/src/pointcloud_publisher', 'symlink_install': False, 'test_result_base': None}
[2.772s] INFO:colcon.colcon_core.executor:Executing jobs using 'parallel' executor
[2.798s] DEBUG:colcon.colcon_parallel_executor.executor.parallel:run_until_complete
[2.798s] INFO:colcon.colcon_cmake.task.cmake.build:Building CMake package in '/home/athul/uav/Landing-Assist-Module-LAM/ros2/src/cpp'
[2.825s] INFO:colcon.colcon_core.plugin_system:Skipping extension 'colcon_core.shell.bat': Not used on non-Windows systems
[2.826s] INFO:colcon.colcon_core.shell:Skip shell extension 'powershell' for command environment: Not usable outside of PowerShell
[2.826s] DEBUG:colcon.colcon_core.shell:Skip shell extension 'dsv' for command environment
[2.904s] INFO:colcon.colcon_ros.task.ament_cmake.build:Building ROS package in '/home/athul/uav/Landing-Assist-Module-LAM/ros2/src/plane_detection' with build type 'ament_cmake'
[2.905s] INFO:colcon.colcon_cmake.task.cmake.build:Building CMake package in '/home/athul/uav/Landing-Assist-Module-LAM/ros2/src/plane_detection'
[2.930s] INFO:colcon.colcon_core.shell:Skip shell extension 'powershell' for command environment: Not usable outside of PowerShell
[2.930s] DEBUG:colcon.colcon_core.shell:Skip shell extension 'dsv' for command environment
[3.011s] INFO:colcon.colcon_ros.task.ament_python.build:Building ROS package in '/home/athul/uav/Landing-Assist-Module-LAM/ros2/src/pointcloud_publisher' with build type 'ament_python'
[3.011s] Level 1:colcon.colcon_core.shell:create_environment_hook('pointcloud_publisher', 'ament_prefix_path')
[3.037s] INFO:colcon.colcon_core.shell:Creating environment hook '/home/athul/uav/Landing-Assist-Module-LAM/ros2/install/pointcloud_publisher/share/pointcloud_publisher/hook/ament_prefix_path.ps1'
[3.038s] INFO:colcon.colcon_core.shell:Creating environment descriptor '/home/athul/uav/Landing-Assist-Module-LAM/ros2/install/pointcloud_publisher/share/pointcloud_publisher/hook/ament_prefix_path.dsv'
[3.038s] INFO:colcon.colcon_core.shell:Creating environment hook '/home/athul/uav/Landing-Assist-Module-LAM/ros2/install/pointcloud_publisher/share/pointcloud_publisher/hook/ament_prefix_path.sh'
[3.064s] INFO:colcon.colcon_core.shell:Skip shell extension 'powershell' for command environment: Not usable outside of PowerShell
[3.064s] DEBUG:colcon.colcon_core.shell:Skip shell extension 'dsv' for command environment
[3.152s] DEBUG:colcon.colcon_core.event_handler.log_command:Invoking command in '/home/athul/uav/Landing-Assist-Module-LAM/ros2/build/cpp': /usr/bin/cmake --build /home/athul/uav/Landing-Assist-Module-LAM/ros2/build/cpp -- -j6 -l6
[3.160s] DEBUG:colcon.colcon_core.event_handler.log_command:Invoking command in '/home/athul/uav/Landing-Assist-Module-LAM/ros2/build/plane_detection': CMAKE_PREFIX_PATH=/home/athul/uav/Landing-Assist-Module-LAM/ros2/install/pointcloud_publisher:/opt/ros/humble /usr/bin/cmake /home/athul/uav/Landing-Assist-Module-LAM/ros2/src/plane_detection -DCMAKE_INSTALL_PREFIX=/home/athul/uav/Landing-Assist-Module-LAM/ros2/install/plane_detection
[3.546s] INFO:colcon.colcon_core.task.python.build:Building Python package in '/home/athul/uav/Landing-Assist-Module-LAM/ros2/src/pointcloud_publisher'
[3.589s] INFO:colcon.colcon_core.shell:Skip shell extension 'powershell' for command environment: Not usable outside of PowerShell
[3.589s] DEBUG:colcon.colcon_core.shell:Skip shell extension 'dsv' for command environment
[3.686s] DEBUG:colcon.colcon_core.event_handler.log_command:Invoked command in '/home/athul/uav/Landing-Assist-Module-LAM/ros2/build/cpp' returned '0': /usr/bin/cmake --build /home/athul/uav/Landing-Assist-Module-LAM/ros2/build/cpp -- -j6 -l6
[3.711s] WARNING:colcon.colcon_cmake.task.cmake.build:Could not run installation step for package 'cpp' because it has no 'install' target
[3.711s] Level 1:colcon.colcon_core.environment:create_environment_scripts_only(cpp)
[3.740s] Level 1:colcon.colcon_core.environment:checking '/home/athul/uav/Landing-Assist-Module-LAM/ros2/install/cpp' for CMake module files
[3.740s] Level 1:colcon.colcon_core.environment:checking '/home/athul/uav/Landing-Assist-Module-LAM/ros2/install/cpp' for CMake config files
[3.741s] Level 1:colcon.colcon_core.environment:checking '/home/athul/uav/Landing-Assist-Module-LAM/ros2/install/cpp/bin'
[3.741s] Level 1:colcon.colcon_core.environment:checking '/home/athul/uav/Landing-Assist-Module-LAM/ros2/install/cpp/lib/pkgconfig/cpp.pc'
[3.741s] Level 1:colcon.colcon_core.environment:checking '/home/athul/uav/Landing-Assist-Module-LAM/ros2/install/cpp/lib/python3.10/site-packages'
[3.741s] Level 1:colcon.colcon_core.environment:checking '/home/athul/uav/Landing-Assist-Module-LAM/ros2/install/cpp/bin'
[3.767s] INFO:colcon.colcon_core.shell:Creating package script '/home/athul/uav/Landing-Assist-Module-LAM/ros2/install/cpp/share/cpp/package.ps1'
[3.768s] INFO:colcon.colcon_core.shell:Creating package descriptor '/home/athul/uav/Landing-Assist-Module-LAM/ros2/install/cpp/share/cpp/package.dsv'
[3.769s] INFO:colcon.colcon_core.shell:Creating package script '/home/athul/uav/Landing-Assist-Module-LAM/ros2/install/cpp/share/cpp/package.sh'
[3.769s] INFO:colcon.colcon_core.shell:Creating package script '/home/athul/uav/Landing-Assist-Module-LAM/ros2/install/cpp/share/cpp/package.bash'
[3.770s] INFO:colcon.colcon_core.shell:Creating package script '/home/athul/uav/Landing-Assist-Module-LAM/ros2/install/cpp/share/cpp/package.zsh'
[3.771s] Level 1:colcon.colcon_core.environment:create_file_with_runtime_dependencies(/home/athul/uav/Landing-Assist-Module-LAM/ros2/install/cpp/share/colcon-core/packages/cpp)
[4.058s] DEBUG:colcon.colcon_core.event_handler.log_command:Invoked command in '/home/athul/uav/Landing-Assist-Module-LAM/ros2/build/plane_detection' returned '0': CMAKE_PREFIX_PATH=/home/athul/uav/Landing-Assist-Module-LAM/ros2/install/pointcloud_publisher:/opt/ros/humble /usr/bin/cmake /home/athul/uav/Landing-Assist-Module-LAM/ros2/src/plane_detection -DCMAKE_INSTALL_PREFIX=/home/athul/uav/Landing-Assist-Module-LAM/ros2/install/plane_detection
[4.059s] DEBUG:colcon.colcon_core.event_handler.log_command:Invoking command in '/home/athul/uav/Landing-Assist-Module-LAM/ros2/build/plane_detection': CMAKE_PREFIX_PATH=/home/athul/uav/Landing-Assist-Module-LAM/ros2/install/pointcloud_publisher:/opt/ros/humble /usr/bin/cmake --build /home/athul/uav/Landing-Assist-Module-LAM/ros2/build/plane_detection -- -j6 -l6
[4.110s] DEBUG:colcon.colcon_core.event_handler.log_command:Invoked command in '/home/athul/uav/Landing-Assist-Module-LAM/ros2/build/plane_detection' returned '0': CMAKE_PREFIX_PATH=/home/athul/uav/Landing-Assist-Module-LAM/ros2/install/pointcloud_publisher:/opt/ros/humble /usr/bin/cmake --build /home/athul/uav/Landing-Assist-Module-LAM/ros2/build/plane_detection -- -j6 -l6
[4.151s] DEBUG:colcon.colcon_core.event_handler.log_command:Invoking command in '/home/athul/uav/Landing-Assist-Module-LAM/ros2/build/plane_detection': CMAKE_PREFIX_PATH=/home/athul/uav/Landing-Assist-Module-LAM/ros2/install/pointcloud_publisher:/opt/ros/humble /usr/bin/cmake --install /home/athul/uav/Landing-Assist-Module-LAM/ros2/build/plane_detection
[4.163s] Level 1:colcon.colcon_core.environment:create_environment_scripts_only(plane_detection)
[4.164s] DEBUG:colcon.colcon_core.event_handler.log_command:Invoked command in '/home/athul/uav/Landing-Assist-Module-LAM/ros2/build/plane_detection' returned '0': CMAKE_PREFIX_PATH=/home/athul/uav/Landing-Assist-Module-LAM/ros2/install/pointcloud_publisher:/opt/ros/humble /usr/bin/cmake --install /home/athul/uav/Landing-Assist-Module-LAM/ros2/build/plane_detection
[4.189s] Level 1:colcon.colcon_core.environment:checking '/home/athul/uav/Landing-Assist-Module-LAM/ros2/install/plane_detection' for CMake module files
[4.190s] Level 1:colcon.colcon_core.environment:checking '/home/athul/uav/Landing-Assist-Module-LAM/ros2/install/plane_detection' for CMake config files
[4.190s] Level 1:colcon.colcon_core.shell:create_environment_hook('plane_detection', 'cmake_prefix_path')
[4.216s] INFO:colcon.colcon_core.shell:Creating environment hook '/home/athul/uav/Landing-Assist-Module-LAM/ros2/install/plane_detection/share/plane_detection/hook/cmake_prefix_path.ps1'
[4.216s] INFO:colcon.colcon_core.shell:Creating environment descriptor '/home/athul/uav/Landing-Assist-Module-LAM/ros2/install/plane_detection/share/plane_detection/hook/cmake_prefix_path.dsv'
[4.217s] INFO:colcon.colcon_core.shell:Creating environment hook '/home/athul/uav/Landing-Assist-Module-LAM/ros2/install/plane_detection/share/plane_detection/hook/cmake_prefix_path.sh'
[4.217s] Level 1:colcon.colcon_core.environment:checking '/home/athul/uav/Landing-Assist-Module-LAM/ros2/install/plane_detection/bin'
[4.217s] Level 1:colcon.colcon_core.environment:checking '/home/athul/uav/Landing-Assist-Module-LAM/ros2/install/plane_detection/lib/pkgconfig/plane_detection.pc'
[4.218s] Level 1:colcon.colcon_core.environment:checking '/home/athul/uav/Landing-Assist-Module-LAM/ros2/install/plane_detection/lib/python3.10/site-packages'
[4.218s] Level 1:colcon.colcon_core.environment:checking '/home/athul/uav/Landing-Assist-Module-LAM/ros2/install/plane_detection/bin'
[4.244s] INFO:colcon.colcon_core.shell:Creating package script '/home/athul/uav/Landing-Assist-Module-LAM/ros2/install/plane_detection/share/plane_detection/package.ps1'
[4.245s] INFO:colcon.colcon_core.shell:Creating package descriptor '/home/athul/uav/Landing-Assist-Module-LAM/ros2/install/plane_detection/share/plane_detection/package.dsv'
[4.245s] INFO:colcon.colcon_core.shell:Creating package script '/home/athul/uav/Landing-Assist-Module-LAM/ros2/install/plane_detection/share/plane_detection/package.sh'
[4.246s] INFO:colcon.colcon_core.shell:Creating package script '/home/athul/uav/Landing-Assist-Module-LAM/ros2/install/plane_detection/share/plane_detection/package.bash'
[4.246s] INFO:colcon.colcon_core.shell:Creating package script '/home/athul/uav/Landing-Assist-Module-LAM/ros2/install/plane_detection/share/plane_detection/package.zsh'
[4.246s] Level 1:colcon.colcon_core.environment:create_file_with_runtime_dependencies(/home/athul/uav/Landing-Assist-Module-LAM/ros2/install/plane_detection/share/colcon-core/packages/plane_detection)
[4.250s] DEBUG:colcon.colcon_core.event_handler.log_command:Invoking command in '/home/athul/uav/Landing-Assist-Module-LAM/ros2/src/pointcloud_publisher': PYTHONPATH=/home/athul/uav/Landing-Assist-Module-LAM/ros2/build/pointcloud_publisher/prefix_override:/home/athul/uav/Landing-Assist-Module-LAM/ros2/install/pointcloud_publisher/lib/python3.10/site-packages:${PYTHONPATH} /usr/bin/python3 setup.py egg_info --egg-base ../../build/pointcloud_publisher build --build-base /home/athul/uav/Landing-Assist-Module-LAM/ros2/build/pointcloud_publisher/build install --record /home/athul/uav/Landing-Assist-Module-LAM/ros2/build/pointcloud_publisher/install.log --single-version-externally-managed
[4.298s] Level 1:colcon.colcon_core.environment:create_environment_scripts_only(plane_detection)
[4.324s] Level 1:colcon.colcon_core.environment:checking '/home/athul/uav/Landing-Assist-Module-LAM/ros2/install/plane_detection' for CMake module files
[4.325s] Level 1:colcon.colcon_core.environment:checking '/home/athul/uav/Landing-Assist-Module-LAM/ros2/install/plane_detection' for CMake config files
[4.325s] Level 1:colcon.colcon_core.shell:create_environment_hook('plane_detection', 'cmake_prefix_path')
[4.352s] INFO:colcon.colcon_core.shell:Creating environment hook '/home/athul/uav/Landing-Assist-Module-LAM/ros2/install/plane_detection/share/plane_detection/hook/cmake_prefix_path.ps1'
[4.352s] INFO:colcon.colcon_core.shell:Creating environment descriptor '/home/athul/uav/Landing-Assist-Module-LAM/ros2/install/plane_detection/share/plane_detection/hook/cmake_prefix_path.dsv'
[4.353s] INFO:colcon.colcon_core.shell:Creating environment hook '/home/athul/uav/Landing-Assist-Module-LAM/ros2/install/plane_detection/share/plane_detection/hook/cmake_prefix_path.sh'
[4.354s] Level 1:colcon.colcon_core.environment:checking '/home/athul/uav/Landing-Assist-Module-LAM/ros2/install/plane_detection/bin'
[4.354s] Level 1:colcon.colcon_core.environment:checking '/home/athul/uav/Landing-Assist-Module-LAM/ros2/install/plane_detection/lib/pkgconfig/plane_detection.pc'
[4.354s] Level 1:colcon.colcon_core.environment:checking '/home/athul/uav/Landing-Assist-Module-LAM/ros2/install/plane_detection/lib/python3.10/site-packages'
[4.354s] Level 1:colcon.colcon_core.environment:checking '/home/athul/uav/Landing-Assist-Module-LAM/ros2/install/plane_detection/bin'
[4.380s] INFO:colcon.colcon_core.shell:Creating package script '/home/athul/uav/Landing-Assist-Module-LAM/ros2/install/plane_detection/share/plane_detection/package.ps1'
[4.381s] INFO:colcon.colcon_core.shell:Creating package descriptor '/home/athul/uav/Landing-Assist-Module-LAM/ros2/install/plane_detection/share/plane_detection/package.dsv'
[4.382s] INFO:colcon.colcon_core.shell:Creating package script '/home/athul/uav/Landing-Assist-Module-LAM/ros2/install/plane_detection/share/plane_detection/package.sh'
[4.382s] INFO:colcon.colcon_core.shell:Creating package script '/home/athul/uav/Landing-Assist-Module-LAM/ros2/install/plane_detection/share/plane_detection/package.bash'
[4.382s] INFO:colcon.colcon_core.shell:Creating package script '/home/athul/uav/Landing-Assist-Module-LAM/ros2/install/plane_detection/share/plane_detection/package.zsh'
[4.383s] Level 1:colcon.colcon_core.environment:create_file_with_runtime_dependencies(/home/athul/uav/Landing-Assist-Module-LAM/ros2/install/plane_detection/share/colcon-core/packages/plane_detection)
[4.691s] DEBUG:colcon.colcon_core.event_handler.log_command:Invoked command in '/home/athul/uav/Landing-Assist-Module-LAM/ros2/src/pointcloud_publisher' returned '0': PYTHONPATH=/home/athul/uav/Landing-Assist-Module-LAM/ros2/build/pointcloud_publisher/prefix_override:/home/athul/uav/Landing-Assist-Module-LAM/ros2/install/pointcloud_publisher/lib/python3.10/site-packages:${PYTHONPATH} /usr/bin/python3 setup.py egg_info --egg-base ../../build/pointcloud_publisher build --build-base /home/athul/uav/Landing-Assist-Module-LAM/ros2/build/pointcloud_publisher/build install --record /home/athul/uav/Landing-Assist-Module-LAM/ros2/build/pointcloud_publisher/install.log --single-version-externally-managed
[4.735s] Level 1:colcon.colcon_core.environment:checking '/home/athul/uav/Landing-Assist-Module-LAM/ros2/install/pointcloud_publisher' for CMake module files
[4.736s] Level 1:colcon.colcon_core.environment:checking '/home/athul/uav/Landing-Assist-Module-LAM/ros2/install/pointcloud_publisher' for CMake config files
[4.737s] Level 1:colcon.colcon_core.environment:checking '/home/athul/uav/Landing-Assist-Module-LAM/ros2/install/pointcloud_publisher/lib'
[4.738s] Level 1:colcon.colcon_core.environment:checking '/home/athul/uav/Landing-Assist-Module-LAM/ros2/install/pointcloud_publisher/bin'
[4.738s] Level 1:colcon.colcon_core.environment:checking '/home/athul/uav/Landing-Assist-Module-LAM/ros2/install/pointcloud_publisher/lib/pkgconfig/pointcloud_publisher.pc'
[4.738s] Level 1:colcon.colcon_core.environment:checking '/home/athul/uav/Landing-Assist-Module-LAM/ros2/install/pointcloud_publisher/lib/python3.10/site-packages'
[4.738s] Level 1:colcon.colcon_core.shell:create_environment_hook('pointcloud_publisher', 'pythonpath')
[4.767s] INFO:colcon.colcon_core.shell:Creating environment hook '/home/athul/uav/Landing-Assist-Module-LAM/ros2/install/pointcloud_publisher/share/pointcloud_publisher/hook/pythonpath.ps1'
[4.768s] INFO:colcon.colcon_core.shell:Creating environment descriptor '/home/athul/uav/Landing-Assist-Module-LAM/ros2/install/pointcloud_publisher/share/pointcloud_publisher/hook/pythonpath.dsv'
[4.768s] INFO:colcon.colcon_core.shell:Creating environment hook '/home/athul/uav/Landing-Assist-Module-LAM/ros2/install/pointcloud_publisher/share/pointcloud_publisher/hook/pythonpath.sh'
[4.769s] Level 1:colcon.colcon_core.environment:checking '/home/athul/uav/Landing-Assist-Module-LAM/ros2/install/pointcloud_publisher/bin'
[4.769s] Level 1:colcon.colcon_core.environment:create_environment_scripts_only(pointcloud_publisher)
[4.795s] INFO:colcon.colcon_core.shell:Creating package script '/home/athul/uav/Landing-Assist-Module-LAM/ros2/install/pointcloud_publisher/share/pointcloud_publisher/package.ps1'
[4.795s] INFO:colcon.colcon_core.shell:Creating package descriptor '/home/athul/uav/Landing-Assist-Module-LAM/ros2/install/pointcloud_publisher/share/pointcloud_publisher/package.dsv'
[4.796s] INFO:colcon.colcon_core.shell:Creating package script '/home/athul/uav/Landing-Assist-Module-LAM/ros2/install/pointcloud_publisher/share/pointcloud_publisher/package.sh'
[4.796s] INFO:colcon.colcon_core.shell:Creating package script '/home/athul/uav/Landing-Assist-Module-LAM/ros2/install/pointcloud_publisher/share/pointcloud_publisher/package.bash'
[4.797s] INFO:colcon.colcon_core.shell:Creating package script '/home/athul/uav/Landing-Assist-Module-LAM/ros2/install/pointcloud_publisher/share/pointcloud_publisher/package.zsh'
[4.797s] Level 1:colcon.colcon_core.environment:create_file_with_runtime_dependencies(/home/athul/uav/Landing-Assist-Module-LAM/ros2/install/pointcloud_publisher/share/colcon-core/packages/pointcloud_publisher)
[4.798s] DEBUG:colcon.colcon_parallel_executor.executor.parallel:closing loop
[4.798s] DEBUG:colcon.colcon_parallel_executor.executor.parallel:loop closed
[4.798s] DEBUG:colcon.colcon_parallel_executor.executor.parallel:run_until_complete finished with '0'
[4.798s] DEBUG:colcon.colcon_core.event_reactor:joining thread
[4.832s] INFO:colcon.colcon_core.plugin_system:Skipping extension 'colcon_notification.desktop_notification.terminal_notifier': Not used on non-Darwin systems
[4.832s] INFO:colcon.colcon_core.plugin_system:Skipping extension 'colcon_notification.desktop_notification.win32': Not used on non-Windows systems
[4.832s] INFO:colcon.colcon_notification.desktop_notification:Sending desktop notification using 'notify2'
[4.858s] DEBUG:colcon.colcon_core.event_reactor:joined thread
[4.885s] INFO:colcon.colcon_core.shell:Creating prefix script '/home/athul/uav/Landing-Assist-Module-LAM/ros2/install/local_setup.ps1'
[4.887s] INFO:colcon.colcon_core.shell:Creating prefix util module '/home/athul/uav/Landing-Assist-Module-LAM/ros2/install/_local_setup_util_ps1.py'
[4.888s] INFO:colcon.colcon_core.shell:Creating prefix chain script '/home/athul/uav/Landing-Assist-Module-LAM/ros2/install/setup.ps1'
[4.914s] INFO:colcon.colcon_core.shell:Creating prefix script '/home/athul/uav/Landing-Assist-Module-LAM/ros2/install/local_setup.sh'
[4.915s] INFO:colcon.colcon_core.shell:Creating prefix util module '/home/athul/uav/Landing-Assist-Module-LAM/ros2/install/_local_setup_util_sh.py'
[4.915s] INFO:colcon.colcon_core.shell:Creating prefix chain script '/home/athul/uav/Landing-Assist-Module-LAM/ros2/install/setup.sh'
[4.941s] INFO:colcon.colcon_core.shell:Creating prefix script '/home/athul/uav/Landing-Assist-Module-LAM/ros2/install/local_setup.bash'
[4.942s] INFO:colcon.colcon_core.shell:Creating prefix chain script '/home/athul/uav/Landing-Assist-Module-LAM/ros2/install/setup.bash'
[4.967s] INFO:colcon.colcon_core.shell:Creating prefix script '/home/athul/uav/Landing-Assist-Module-LAM/ros2/install/local_setup.zsh'
[4.968s] INFO:colcon.colcon_core.shell:Creating prefix chain script '/home/athul/uav/Landing-Assist-Module-LAM/ros2/install/setup.zsh'
