[0.093s] Invoking command in '/home/athul/uav/Landing-Assist-Module-LAM/ros2/build/cpp': /usr/bin/cmake /home/athul/uav/Landing-Assist-Module-LAM/ros2/src/cpp -DCMAKE_INSTALL_PREFIX=/home/athul/uav/Landing-Assist-Module-LAM/ros2/install/cpp
[0.124s] [33mCMake Warning (dev) in CMakeLists.txt:
[0.125s]   No project() command is present.  The top-level CMakeLists.txt file must
[0.125s]   contain a literal, direct call to the project() command.  Add a line of
[0.125s]   code such as
[0.125s] 
[0.125s]     project(ProjectName)
[0.125s] 
[0.125s]   near the top of the file, but after cmake_minimum_required().
[0.125s] 
[0.125s]   CMake is pretending there is a "project(Project)" command on the first
[0.125s]   line.
[0.125s] This warning is for project developers.  Use -Wno-dev to suppress it.
[0.125s] [0m
[0.271s] -- The C compiler identification is GNU 11.4.0
[0.428s] -- The CXX compiler identification is GNU 11.4.0
[0.447s] -- Detecting C compiler ABI info
[0.556s] -- Detecting C compiler ABI info - done
[0.577s] -- Check for working C compiler: /usr/bin/cc - skipped
[0.578s] -- Detecting C compile features
[0.580s] -- Detecting C compile features - done
[0.588s] -- Detecting CXX compiler ABI info
[0.698s] -- Detecting CXX compiler ABI info - done
[0.710s] -- Check for working CXX compiler: /usr/bin/c++ - skipped
[0.711s] -- Detecting CXX compile features
[0.711s] -- Detecting CXX compile features - done
[0.712s] -- Configuring done
[0.713s] -- Generating done
[0.714s] -- Build files have been written to: /home/athul/uav/Landing-Assist-Module-LAM/ros2/build/cpp
[0.718s] Invoked command in '/home/athul/uav/Landing-Assist-Module-LAM/ros2/build/cpp' returned '0': /usr/bin/cmake /home/athul/uav/Landing-Assist-Module-LAM/ros2/src/cpp -DCMAKE_INSTALL_PREFIX=/home/athul/uav/Landing-Assist-Module-LAM/ros2/install/cpp
[0.722s] Invoking command in '/home/athul/uav/Landing-Assist-Module-LAM/ros2/build/cpp': /usr/bin/cmake --build /home/athul/uav/Landing-Assist-Module-LAM/ros2/build/cpp -- -j6 -l6
[0.771s] Invoked command in '/home/athul/uav/Landing-Assist-Module-LAM/ros2/build/cpp' returned '0': /usr/bin/cmake --build /home/athul/uav/Landing-Assist-Module-LAM/ros2/build/cpp -- -j6 -l6
