[0.255s] Invoking command in '/home/athul/uav/Landing-Assist-Module-LAM/ros2/build/plane_detection': CMAKE_PREFIX_PATH=/home/athul/uav/Landing-Assist-Module-LAM/ros2/install/pointcloud_publisher:/opt/ros/humble /usr/bin/cmake /home/athul/uav/Landing-Assist-Module-LAM/ros2/src/plane_detection -DCMAKE_INSTALL_PREFIX=/home/athul/uav/Landing-Assist-Module-LAM/ros2/install/plane_detection
[0.319s] -- The C compiler identification is GNU 11.4.0
[0.394s] -- The CXX compiler identification is GNU 11.4.0
[0.404s] -- Detecting C compiler ABI info
[0.498s] -- Detecting C compiler ABI info - done
[0.508s] -- Check for working C compiler: /usr/bin/cc - skipped
[0.508s] -- Detecting C compile features
[0.509s] -- Detecting C compile features - done
[0.513s] -- Detecting CXX compiler ABI info
[0.614s] -- Detecting CXX compiler ABI info - done
[0.627s] -- Check for working CXX compiler: /usr/bin/c++ - skipped
[0.627s] -- Detecting CXX compile features
[0.627s] -- Detecting CXX compile features - done
[0.635s] -- Found ament_cmake: 1.3.6 (/opt/ros/humble/share/ament_cmake/cmake)
[0.891s] -- Found Python3: /usr/bin/python3.10 (found version "3.10.12") found components: Interpreter 
[1.025s] -- Found ament_lint_auto: 0.12.9 (/opt/ros/humble/share/ament_lint_auto/cmake)
[1.136s] -- Added test 'flake8' to check Python code syntax and style conventions
[1.137s] -- Added test 'lint_cmake' to check CMake code style
[1.138s] -- Added test 'pep257' to check Python code against some of the docstring style conventions in PEP 257
[1.139s] -- Added test 'xmllint' to check XML markup files
[1.141s] -- Configuring done
[1.145s] -- Generating done
[1.146s] -- Build files have been written to: /home/athul/uav/Landing-Assist-Module-LAM/ros2/build/plane_detection
[1.153s] Invoked command in '/home/athul/uav/Landing-Assist-Module-LAM/ros2/build/plane_detection' returned '0': CMAKE_PREFIX_PATH=/home/athul/uav/Landing-Assist-Module-LAM/ros2/install/pointcloud_publisher:/opt/ros/humble /usr/bin/cmake /home/athul/uav/Landing-Assist-Module-LAM/ros2/src/plane_detection -DCMAKE_INSTALL_PREFIX=/home/athul/uav/Landing-Assist-Module-LAM/ros2/install/plane_detection
[1.154s] Invoking command in '/home/athul/uav/Landing-Assist-Module-LAM/ros2/build/plane_detection': CMAKE_PREFIX_PATH=/home/athul/uav/Landing-Assist-Module-LAM/ros2/install/pointcloud_publisher:/opt/ros/humble /usr/bin/cmake --build /home/athul/uav/Landing-Assist-Module-LAM/ros2/build/plane_detection -- -j6 -l6
[1.205s] Invoked command in '/home/athul/uav/Landing-Assist-Module-LAM/ros2/build/plane_detection' returned '0': CMAKE_PREFIX_PATH=/home/athul/uav/Landing-Assist-Module-LAM/ros2/install/pointcloud_publisher:/opt/ros/humble /usr/bin/cmake --build /home/athul/uav/Landing-Assist-Module-LAM/ros2/build/plane_detection -- -j6 -l6
[1.246s] Invoking command in '/home/athul/uav/Landing-Assist-Module-LAM/ros2/build/plane_detection': CMAKE_PREFIX_PATH=/home/athul/uav/Landing-Assist-Module-LAM/ros2/install/pointcloud_publisher:/opt/ros/humble /usr/bin/cmake --install /home/athul/uav/Landing-Assist-Module-LAM/ros2/build/plane_detection
[1.254s] -- Install configuration: ""
[1.254s] -- Installing: /home/athul/uav/Landing-Assist-Module-LAM/ros2/install/plane_detection/share/ament_index/resource_index/package_run_dependencies/plane_detection
[1.255s] -- Installing: /home/athul/uav/Landing-Assist-Module-LAM/ros2/install/plane_detection/share/ament_index/resource_index/parent_prefix_path/plane_detection
[1.255s] -- Installing: /home/athul/uav/Landing-Assist-Module-LAM/ros2/install/plane_detection/share/plane_detection/environment/ament_prefix_path.sh
[1.255s] -- Installing: /home/athul/uav/Landing-Assist-Module-LAM/ros2/install/plane_detection/share/plane_detection/environment/ament_prefix_path.dsv
[1.255s] -- Installing: /home/athul/uav/Landing-Assist-Module-LAM/ros2/install/plane_detection/share/plane_detection/environment/path.sh
[1.255s] -- Installing: /home/athul/uav/Landing-Assist-Module-LAM/ros2/install/plane_detection/share/plane_detection/environment/path.dsv
[1.255s] -- Installing: /home/athul/uav/Landing-Assist-Module-LAM/ros2/install/plane_detection/share/plane_detection/local_setup.bash
[1.256s] -- Installing: /home/athul/uav/Landing-Assist-Module-LAM/ros2/install/plane_detection/share/plane_detection/local_setup.sh
[1.256s] -- Installing: /home/athul/uav/Landing-Assist-Module-LAM/ros2/install/plane_detection/share/plane_detection/local_setup.zsh
[1.256s] -- Installing: /home/athul/uav/Landing-Assist-Module-LAM/ros2/install/plane_detection/share/plane_detection/local_setup.dsv
[1.256s] -- Installing: /home/athul/uav/Landing-Assist-Module-LAM/ros2/install/plane_detection/share/plane_detection/package.dsv
[1.257s] -- Installing: /home/athul/uav/Landing-Assist-Module-LAM/ros2/install/plane_detection/share/ament_index/resource_index/packages/plane_detection
[1.257s] -- Installing: /home/athul/uav/Landing-Assist-Module-LAM/ros2/install/plane_detection/share/plane_detection/cmake/plane_detectionConfig.cmake
[1.257s] -- Installing: /home/athul/uav/Landing-Assist-Module-LAM/ros2/install/plane_detection/share/plane_detection/cmake/plane_detectionConfig-version.cmake
[1.257s] -- Installing: /home/athul/uav/Landing-Assist-Module-LAM/ros2/install/plane_detection/share/plane_detection/package.xml
[1.259s] Invoked command in '/home/athul/uav/Landing-Assist-Module-LAM/ros2/build/plane_detection' returned '0': CMAKE_PREFIX_PATH=/home/athul/uav/Landing-Assist-Module-LAM/ros2/install/pointcloud_publisher:/opt/ros/humble /usr/bin/cmake --install /home/athul/uav/Landing-Assist-Module-LAM/ros2/build/plane_detection
