running egg_info
writing ../../build/pointcloud_plane_segmentation/pointcloud_plane_segmentation.egg-info/PKG-INFO
writing dependency_links to ../../build/pointcloud_plane_segmentation/pointcloud_plane_segmentation.egg-info/dependency_links.txt
writing entry points to ../../build/pointcloud_plane_segmentation/pointcloud_plane_segmentation.egg-info/entry_points.txt
writing requirements to ../../build/pointcloud_plane_segmentation/pointcloud_plane_segmentation.egg-info/requires.txt
writing top-level names to ../../build/pointcloud_plane_segmentation/pointcloud_plane_segmentation.egg-info/top_level.txt
file pointcloud_plane_segmentation/plane_segmentation_node.py (for module pointcloud_plane_segmentation.plane_segmentation_node) not found
reading manifest file '../../build/pointcloud_plane_segmentation/pointcloud_plane_segmentation.egg-info/SOURCES.txt'
writing manifest file '../../build/pointcloud_plane_segmentation/pointcloud_plane_segmentation.egg-info/SOURCES.txt'
running build
running build_py
file pointcloud_plane_segmentation/plane_segmentation_node.py (for module pointcloud_plane_segmentation.plane_segmentation_node) not found
copying pointcloud_plane_segmentation/plane_segmentation.py -> /home/athul/Landing-Assist-Module-LAM/ros2/build/pointcloud_plane_segmentation/build/lib/pointcloud_plane_segmentation
running install
file pointcloud_plane_segmentation/plane_segmentation_node.py (for module pointcloud_plane_segmentation.plane_segmentation_node) not found
running install_lib
copying /home/athul/Landing-Assist-Module-LAM/ros2/build/pointcloud_plane_segmentation/build/lib/pointcloud_plane_segmentation/plane_segmentation.py -> /home/athul/Landing-Assist-Module-LAM/ros2/install/pointcloud_plane_segmentation/lib/python3.8/site-packages/pointcloud_plane_segmentation
byte-compiling /home/athul/Landing-Assist-Module-LAM/ros2/install/pointcloud_plane_segmentation/lib/python3.8/site-packages/pointcloud_plane_segmentation/plane_segmentation.py to plane_segmentation.cpython-38.pyc
running install_data
running install_egg_info
removing '/home/athul/Landing-Assist-Module-LAM/ros2/install/pointcloud_plane_segmentation/lib/python3.8/site-packages/pointcloud_plane_segmentation-0.0.0-py3.8.egg-info' (and everything under it)
Copying ../../build/pointcloud_plane_segmentation/pointcloud_plane_segmentation.egg-info to /home/athul/Landing-Assist-Module-LAM/ros2/install/pointcloud_plane_segmentation/lib/python3.8/site-packages/pointcloud_plane_segmentation-0.0.0-py3.8.egg-info
running install_scripts
Installing plane_segmentation script to /home/athul/Landing-Assist-Module-LAM/ros2/install/pointcloud_plane_segmentation/lib/pointcloud_plane_segmentation
file pointcloud_plane_segmentation/plane_segmentation_node.py (for module pointcloud_plane_segmentation.plane_segmentation_node) not found
writing list of installed files to '/home/athul/Landing-Assist-Module-LAM/ros2/build/pointcloud_plane_segmentation/install.log'
