[0.032s] Invoking command in '/home/airsim_user/Downloads/Landing-Assist-Module-LAM/build/octomap_ros': CMAKE_PREFIX_PATH=/opt/ros/foxy /usr/bin/cmake /home/airsim_user/Downloads/Landing-Assist-Module-LAM/ros2/src/OctoMap-ROS2/octomap_ros -DCMAKE_INSTALL_PREFIX=/home/airsim_user/Downloads/Landing-Assist-Module-LAM/install/octomap_ros
[0.231s] -- The C compiler identification is GNU 9.4.0
[0.231s] -- The CXX compiler identification is GNU 9.4.0
[0.231s] -- Check for working C compiler: /usr/bin/cc
[0.231s] -- Check for working C compiler: /usr/bin/cc -- works
[0.231s] -- Detecting C compiler ABI info
[0.299s] -- Detecting C compiler ABI info - done
[0.308s] -- Detecting C compile features
[0.308s] -- Detecting C compile features - done
[0.310s] -- Check for working CXX compiler: /usr/bin/c++
[0.393s] -- Check for working CXX compiler: /usr/bin/c++ -- works
[0.394s] -- Detecting CXX compiler ABI info
[0.469s] -- Detecting CXX compiler ABI info - done
[0.482s] -- Detecting CXX compile features
[0.482s] -- Detecting CXX compile features - done
[0.484s] -- Found ament_cmake_auto: 0.9.12 (/opt/ros/foxy/share/ament_cmake_auto/cmake)
[0.516s] -- Found PythonInterp: /usr/bin/python3 (found suitable version "3.8.10", minimum required is "3") 
[0.516s] -- Using PYTHON_EXECUTABLE: /usr/bin/python3
[0.774s] -- Using all available rosidl_typesupport_c: rosidl_typesupport_fastrtps_c;rosidl_typesupport_introspection_c
[0.779s] -- Found rosidl_adapter: 1.3.1 (/opt/ros/foxy/share/rosidl_adapter/cmake)
[0.893s] -- Found OpenSSL: /usr/lib/x86_64-linux-gnu/libcrypto.so (found version "1.1.1f")  
[0.929s] -- Found FastRTPS: /opt/ros/foxy/include  
[1.021s] -- Using all available rosidl_typesupport_cpp: rosidl_typesupport_fastrtps_cpp;rosidl_typesupport_introspection_cpp
[1.225s] -- Found ament_lint_auto: 0.9.8 (/opt/ros/foxy/share/ament_lint_auto/cmake)
[1.243s] -- Found gtest sources under '/opt/ros/foxy/src/gtest_vendor': C++ tests using 'Google Test' will be built
[1.245s] -- Looking for pthread.h
[1.327s] -- Looking for pthread.h - found
[1.328s] -- Performing Test CMAKE_HAVE_LIBC_PTHREAD
[1.415s] -- Performing Test CMAKE_HAVE_LIBC_PTHREAD - Failed
[1.416s] -- Check if compiler accepts -pthread
[1.507s] -- Check if compiler accepts -pthread - yes
[1.508s] -- Found Threads: TRUE  
[1.511s] -- Added test 'copyright' to check source files copyright and LICENSE
[1.512s] -- Added test 'cppcheck' to perform static code analysis on C / C++ code
[1.513s] -- Configured cppcheck include dirs: /home/airsim_user/Downloads/Landing-Assist-Module-LAM/ros2/src/OctoMap-ROS2/octomap_ros/include
[1.513s] -- Configured cppcheck exclude dirs and/or files: 
[1.514s] -- Added test 'cpplint' to check C / C++ code against the Google style
[1.514s] -- Configured cpplint exclude dirs and/or files: 
[1.514s] -- Added test 'lint_cmake' to check CMake code style
[1.516s] -- Added test 'uncrustify' to check C / C++ code style
[1.516s] -- Configured uncrustify additional arguments: 
[1.516s] -- Added test 'xmllint' to check XML markup files
[1.521s] -- Configuring done
[1.533s] -- Generating done
[1.534s] -- Build files have been written to: /home/airsim_user/Downloads/Landing-Assist-Module-LAM/build/octomap_ros
[1.542s] Invoked command in '/home/airsim_user/Downloads/Landing-Assist-Module-LAM/build/octomap_ros' returned '0': CMAKE_PREFIX_PATH=/opt/ros/foxy /usr/bin/cmake /home/airsim_user/Downloads/Landing-Assist-Module-LAM/ros2/src/OctoMap-ROS2/octomap_ros -DCMAKE_INSTALL_PREFIX=/home/airsim_user/Downloads/Landing-Assist-Module-LAM/install/octomap_ros
[1.543s] Invoking command in '/home/airsim_user/Downloads/Landing-Assist-Module-LAM/build/octomap_ros': CMAKE_PREFIX_PATH=/opt/ros/foxy /usr/bin/cmake --build /home/airsim_user/Downloads/Landing-Assist-Module-LAM/build/octomap_ros -- -j16 -l16
[1.600s] [35m[1mScanning dependencies of target octomap_ros[0m
[1.600s] [35m[1mScanning dependencies of target gtest_main[0m
[1.603s] [35m[1mScanning dependencies of target gtest[0m
[1.614s] [ 25%] [32mBuilding CXX object CMakeFiles/octomap_ros.dir/src/conversions.cpp.o[0m
[1.615s] [ 25%] [32mBuilding CXX object gtest/CMakeFiles/gtest_main.dir/src/gtest_main.cc.o[0m
[1.617s] [ 37%] [32mBuilding CXX object gtest/CMakeFiles/gtest.dir/src/gtest-all.cc.o[0m
[2.135s] [ 50%] [32m[1mLinking CXX static library libgtest_main.a[0m
[2.171s] [ 50%] Built target gtest_main
[2.251s] [ 62%] [32m[1mLinking CXX shared library liboctomap_ros.so[0m
[2.330s] [ 62%] Built target octomap_ros
[3.790s] [ 75%] [32m[1mLinking CXX static library libgtest.a[0m
[3.868s] [ 75%] Built target gtest
[3.884s] [35m[1mScanning dependencies of target test_octomap_ros[0m
[3.906s] [ 87%] [32mBuilding CXX object CMakeFiles/test_octomap_ros.dir/test/test_conversions.cpp.o[0m
[4.872s] [100%] [32m[1mLinking CXX executable test_octomap_ros[0m
[5.005s] [100%] Built target test_octomap_ros
