[0.940s] Invoking command in '/home/airsim_user/Downloads/Landing-Assist-Module-LAM/ros2/build/pointcloud_plane_detection': PYTHONPATH=/home/airsim_user/Downloads/Landing-Assist-Module-LAM/ros2/build/pointcloud_plane_detection/prefix_override:/usr/lib/python3/dist-packages/colcon_core/task/python/colcon_distutils_commands:/home/airsim_user/Downloads/Landing-Assist-Module-LAM/ros2/install/pointcloud_plane_detection/lib/python3.8/site-packages:${PYTHONPATH} /usr/bin/python3 -W ignore:setup.py install is deprecated setup.py develop --uninstall --editable --build-directory /home/airsim_user/Downloads/Landing-Assist-Module-LAM/ros2/build/pointcloud_plane_detection/build
[1.042s] /home/airsim_user/.local/lib/python3.8/site-packages/setuptools/dist.py:478: SetuptoolsDeprecationWarning: Invalid dash-separated options
[1.043s] !!
[1.043s] 
[1.043s]         ********************************************************************************
[1.043s]         Usage of dash-separated 'script-dir' will not be supported in future
[1.043s]         versions. Please use the underscore name 'script_dir' instead.
[1.043s] 
[1.043s]         By 2024-Sep-26, you need to update your project and remove deprecated calls
[1.043s]         or your builds will no longer be supported.
[1.043s] 
[1.043s]         See https://setuptools.pypa.io/en/latest/userguide/declarative_config.html for details.
[1.043s]         ********************************************************************************
[1.044s] 
[1.044s] !!
[1.044s]   opt = self.warn_dash_deprecation(opt, section)
[1.180s] running develop
[1.180s] /home/airsim_user/.local/lib/python3.8/site-packages/setuptools/command/develop.py:42: EasyInstallDeprecationWarning: easy_install command is deprecated.
[1.180s] !!
[1.180s] 
[1.180s]         ********************************************************************************
[1.180s]         Please avoid running ``setup.py`` and ``easy_install``.
[1.180s]         Instead, use pypa/build, pypa/installer or other
[1.181s]         standards-based tools.
[1.181s] 
[1.181s]         See https://github.com/pypa/setuptools/issues/917 for details.
[1.181s]         ********************************************************************************
[1.181s] 
[1.181s] !!
[1.181s]   easy_install.initialize_options(self)
[1.350s] Removing /home/airsim_user/Downloads/Landing-Assist-Module-LAM/ros2/install/pointcloud_plane_detection/lib/python3.8/site-packages/pointcloud-plane-detection.egg-link (link to .)
[1.413s] Invoked command in '/home/airsim_user/Downloads/Landing-Assist-Module-LAM/ros2/build/pointcloud_plane_detection' returned '0': PYTHONPATH=/home/airsim_user/Downloads/Landing-Assist-Module-LAM/ros2/build/pointcloud_plane_detection/prefix_override:/usr/lib/python3/dist-packages/colcon_core/task/python/colcon_distutils_commands:/home/airsim_user/Downloads/Landing-Assist-Module-LAM/ros2/install/pointcloud_plane_detection/lib/python3.8/site-packages:${PYTHONPATH} /usr/bin/python3 -W ignore:setup.py install is deprecated setup.py develop --uninstall --editable --build-directory /home/airsim_user/Downloads/Landing-Assist-Module-LAM/ros2/build/pointcloud_plane_detection/build
[1.417s] Invoking command in '/home/airsim_user/Downloads/Landing-Assist-Module-LAM/ros2/src/pointcloud_plane_detection': PYTHONPATH=/home/airsim_user/Downloads/Landing-Assist-Module-LAM/ros2/build/pointcloud_plane_detection/prefix_override:/usr/lib/python3/dist-packages/colcon_core/task/python/colcon_distutils_commands:/home/airsim_user/Downloads/Landing-Assist-Module-LAM/ros2/install/pointcloud_plane_detection/lib/python3.8/site-packages:${PYTHONPATH} /usr/bin/python3 -W ignore:setup.py install is deprecated setup.py egg_info --egg-base ../../build/pointcloud_plane_detection build --build-base /home/airsim_user/Downloads/Landing-Assist-Module-LAM/ros2/build/pointcloud_plane_detection/build install --record /home/airsim_user/Downloads/Landing-Assist-Module-LAM/ros2/build/pointcloud_plane_detection/install.log --install-scripts $base/lib/pointcloud_plane_detection --single-version-externally-managed install_data --force
[1.520s] /home/airsim_user/.local/lib/python3.8/site-packages/setuptools/dist.py:478: SetuptoolsDeprecationWarning: Invalid dash-separated options
[1.520s] !!
[1.520s] 
[1.520s]         ********************************************************************************
[1.521s]         Usage of dash-separated 'script-dir' will not be supported in future
[1.521s]         versions. Please use the underscore name 'script_dir' instead.
[1.521s] 
[1.521s]         By 2024-Sep-26, you need to update your project and remove deprecated calls
[1.521s]         or your builds will no longer be supported.
[1.521s] 
[1.521s]         See https://setuptools.pypa.io/en/latest/userguide/declarative_config.html for details.
[1.521s]         ********************************************************************************
[1.521s] 
[1.521s] !!
[1.521s]   opt = self.warn_dash_deprecation(opt, section)
[1.612s] running egg_info
[1.624s] writing ../../build/pointcloud_plane_detection/pointcloud_plane_detection.egg-info/PKG-INFO
[1.625s] writing dependency_links to ../../build/pointcloud_plane_detection/pointcloud_plane_detection.egg-info/dependency_links.txt
[1.625s] writing entry points to ../../build/pointcloud_plane_detection/pointcloud_plane_detection.egg-info/entry_points.txt
[1.625s] writing requirements to ../../build/pointcloud_plane_detection/pointcloud_plane_detection.egg-info/requires.txt
[1.625s] writing top-level names to ../../build/pointcloud_plane_detection/pointcloud_plane_detection.egg-info/top_level.txt
[1.730s] reading manifest file '../../build/pointcloud_plane_detection/pointcloud_plane_detection.egg-info/SOURCES.txt'
[1.731s] writing manifest file '../../build/pointcloud_plane_detection/pointcloud_plane_detection.egg-info/SOURCES.txt'
[1.731s] running build
[1.731s] running build_py
[1.731s] copying pointcloud_plane_detection/__init__.py -> /home/airsim_user/Downloads/Landing-Assist-Module-LAM/ros2/build/pointcloud_plane_detection/build/lib/pointcloud_plane_detection
[1.732s] copying pointcloud_plane_detection/plane_detection.py -> /home/airsim_user/Downloads/Landing-Assist-Module-LAM/ros2/build/pointcloud_plane_detection/build/lib/pointcloud_plane_detection
[1.732s] copying pointcloud_plane_detection/plane_detection.py -> /home/airsim_user/Downloads/Landing-Assist-Module-LAM/ros2/build/pointcloud_plane_detection/build/lib/pointcloud_plane_detection
[1.732s] copying pointcloud_plane_detection/__init__.py -> /home/airsim_user/Downloads/Landing-Assist-Module-LAM/ros2/build/pointcloud_plane_detection/build/lib/pointcloud_plane_detection
[1.732s] running install
[1.735s] running install_lib
[1.748s] creating /home/airsim_user/Downloads/Landing-Assist-Module-LAM/ros2/install/pointcloud_plane_detection/lib/python3.8/site-packages/pointcloud_plane_detection
[1.748s] copying /home/airsim_user/Downloads/Landing-Assist-Module-LAM/ros2/build/pointcloud_plane_detection/build/lib/pointcloud_plane_detection/plane_detection.py -> /home/airsim_user/Downloads/Landing-Assist-Module-LAM/ros2/install/pointcloud_plane_detection/lib/python3.8/site-packages/pointcloud_plane_detection
[1.748s] copying /home/airsim_user/Downloads/Landing-Assist-Module-LAM/ros2/build/pointcloud_plane_detection/build/lib/pointcloud_plane_detection/__init__.py -> /home/airsim_user/Downloads/Landing-Assist-Module-LAM/ros2/install/pointcloud_plane_detection/lib/python3.8/site-packages/pointcloud_plane_detection
[1.748s] byte-compiling /home/airsim_user/Downloads/Landing-Assist-Module-LAM/ros2/install/pointcloud_plane_detection/lib/python3.8/site-packages/pointcloud_plane_detection/plane_detection.py to plane_detection.cpython-38.pyc
[1.750s] byte-compiling /home/airsim_user/Downloads/Landing-Assist-Module-LAM/ros2/install/pointcloud_plane_detection/lib/python3.8/site-packages/pointcloud_plane_detection/__init__.py to __init__.cpython-38.pyc
[1.750s] running install_data
[1.750s] copying resource/pointcloud_plane_detection -> /home/airsim_user/Downloads/Landing-Assist-Module-LAM/ros2/install/pointcloud_plane_detection/share/ament_index/resource_index/packages
[1.751s] copying package.xml -> /home/airsim_user/Downloads/Landing-Assist-Module-LAM/ros2/install/pointcloud_plane_detection/share/pointcloud_plane_detection
[1.751s] running install_egg_info
[1.764s] Copying ../../build/pointcloud_plane_detection/pointcloud_plane_detection.egg-info to /home/airsim_user/Downloads/Landing-Assist-Module-LAM/ros2/install/pointcloud_plane_detection/lib/python3.8/site-packages/pointcloud_plane_detection-0.0.0-py3.8.egg-info
[1.764s] running install_scripts
[1.801s] Installing plane_detection script to /home/airsim_user/Downloads/Landing-Assist-Module-LAM/ros2/install/pointcloud_plane_detection/lib/pointcloud_plane_detection
[1.802s] writing list of installed files to '/home/airsim_user/Downloads/Landing-Assist-Module-LAM/ros2/build/pointcloud_plane_detection/install.log'
[1.828s] Invoked command in '/home/airsim_user/Downloads/Landing-Assist-Module-LAM/ros2/src/pointcloud_plane_detection' returned '0': PYTHONPATH=/home/airsim_user/Downloads/Landing-Assist-Module-LAM/ros2/build/pointcloud_plane_detection/prefix_override:/usr/lib/python3/dist-packages/colcon_core/task/python/colcon_distutils_commands:/home/airsim_user/Downloads/Landing-Assist-Module-LAM/ros2/install/pointcloud_plane_detection/lib/python3.8/site-packages:${PYTHONPATH} /usr/bin/python3 -W ignore:setup.py install is deprecated setup.py egg_info --egg-base ../../build/pointcloud_plane_detection build --build-base /home/airsim_user/Downloads/Landing-Assist-Module-LAM/ros2/build/pointcloud_plane_detection/build install --record /home/airsim_user/Downloads/Landing-Assist-Module-LAM/ros2/build/pointcloud_plane_detection/install.log --install-scripts $base/lib/pointcloud_plane_detection --single-version-externally-managed install_data --force
