[0.157s] DEBUG:colcon:Command line arguments: ['/usr/bin/colcon', 'build']
[0.157s] DEBUG:colcon:Parsed command line arguments: Namespace(allow_overriding=[], ament_cmake_args=None, base_paths=['.'], build_base='build', catkin_cmake_args=None, catkin_skip_building_tests=False, cmake_args=None, cmake_clean_cache=False, cmake_clean_first=False, cmake_force_configure=False, cmake_target=None, cmake_target_skip_unavailable=False, continue_on_error=False, event_handlers=None, executor='parallel', ignore_user_meta=False, install_base='install', log_base=None, log_level=None, main=<bound method BuildVerb.main of <colcon_core.verb.build.BuildVerb object at 0x7f42e079f130>>, merge_install=False, metas=['./colcon.meta'], packages_above=None, packages_above_and_dependencies=None, packages_above_depth=None, packages_end=None, packages_ignore=None, packages_ignore_regex=None, packages_select=None, packages_select_build_failed=False, packages_select_by_dep=None, packages_select_regex=None, packages_select_test_failures=False, packages_skip=None, packages_skip_build_finished=False, packages_skip_by_dep=None, packages_skip_regex=None, packages_skip_test_passed=False, packages_skip_up_to=None, packages_start=None, packages_up_to=None, packages_up_to_regex=None, parallel_workers=16, paths=None, symlink_install=False, test_result_base=None, verb_extension=<colcon_core.verb.build.BuildVerb object at 0x7f42e079f130>, verb_name='build', verb_parser=<colcon_defaults.argument_parser.defaults.DefaultArgumentsDecorator object at 0x7f42e079fd60>)
[0.192s] Level 1:colcon.colcon_core.package_discovery:discover_packages(colcon_meta) check parameters
[0.192s] Level 1:colcon.colcon_core.package_discovery:discover_packages(recursive) check parameters
[0.192s] Level 1:colcon.colcon_core.package_discovery:discover_packages(ignore) check parameters
[0.192s] Level 1:colcon.colcon_core.package_discovery:discover_packages(path) check parameters
[0.192s] Level 1:colcon.colcon_core.package_discovery:discover_packages(colcon_meta) discover
[0.192s] Level 1:colcon.colcon_core.package_discovery:discover_packages(recursive) discover
[0.192s] INFO:colcon.colcon_core.package_discovery:Crawling recursively for packages in '/home/airsim_user/Downloads/Landing-Assist-Module-LAM/ros2'
[0.192s] Level 1:colcon.colcon_core.package_identification:_identify(.) by extensions ['ignore', 'ignore_ament_install']
[0.192s] Level 1:colcon.colcon_core.package_identification:_identify(.) by extension 'ignore'
[0.192s] Level 1:colcon.colcon_core.package_identification:_identify(.) by extension 'ignore_ament_install'
[0.192s] Level 1:colcon.colcon_core.package_identification:_identify(.) by extensions ['colcon_pkg']
[0.192s] Level 1:colcon.colcon_core.package_identification:_identify(.) by extension 'colcon_pkg'
[0.192s] Level 1:colcon.colcon_core.package_identification:_identify(.) by extensions ['colcon_meta']
[0.192s] Level 1:colcon.colcon_core.package_identification:_identify(.) by extension 'colcon_meta'
[0.192s] Level 1:colcon.colcon_core.package_identification:_identify(.) by extensions ['ros']
[0.192s] Level 1:colcon.colcon_core.package_identification:_identify(.) by extension 'ros'
[0.202s] Level 1:colcon.colcon_core.package_identification:_identify(.) by extensions ['cmake', 'python']
[0.202s] Level 1:colcon.colcon_core.package_identification:_identify(.) by extension 'cmake'
[0.203s] Level 1:colcon.colcon_core.package_identification:_identify(.) by extension 'python'
[0.203s] Level 1:colcon.colcon_core.package_identification:_identify(.) by extensions ['python_setup_py']
[0.203s] Level 1:colcon.colcon_core.package_identification:_identify(.) by extension 'python_setup_py'
[0.203s] Level 1:colcon.colcon_core.package_identification:_identify(build) by extensions ['ignore', 'ignore_ament_install']
[0.203s] Level 1:colcon.colcon_core.package_identification:_identify(build) by extension 'ignore'
[0.203s] Level 1:colcon.colcon_core.package_identification:_identify(build) ignored
[0.203s] Level 1:colcon.colcon_core.package_identification:_identify(install) by extensions ['ignore', 'ignore_ament_install']
[0.203s] Level 1:colcon.colcon_core.package_identification:_identify(install) by extension 'ignore'
[0.203s] Level 1:colcon.colcon_core.package_identification:_identify(install) ignored
[0.203s] Level 1:colcon.colcon_core.package_identification:_identify(log) by extensions ['ignore', 'ignore_ament_install']
[0.203s] Level 1:colcon.colcon_core.package_identification:_identify(log) by extension 'ignore'
[0.203s] Level 1:colcon.colcon_core.package_identification:_identify(log) ignored
[0.203s] Level 1:colcon.colcon_core.package_identification:_identify(src) by extensions ['ignore', 'ignore_ament_install']
[0.203s] Level 1:colcon.colcon_core.package_identification:_identify(src) by extension 'ignore'
[0.203s] Level 1:colcon.colcon_core.package_identification:_identify(src) by extension 'ignore_ament_install'
[0.203s] Level 1:colcon.colcon_core.package_identification:_identify(src) by extensions ['colcon_pkg']
[0.203s] Level 1:colcon.colcon_core.package_identification:_identify(src) by extension 'colcon_pkg'
[0.203s] Level 1:colcon.colcon_core.package_identification:_identify(src) by extensions ['colcon_meta']
[0.203s] Level 1:colcon.colcon_core.package_identification:_identify(src) by extension 'colcon_meta'
[0.203s] Level 1:colcon.colcon_core.package_identification:_identify(src) by extensions ['ros']
[0.203s] Level 1:colcon.colcon_core.package_identification:_identify(src) by extension 'ros'
[0.204s] Level 1:colcon.colcon_core.package_identification:_identify(src) by extensions ['cmake', 'python']
[0.204s] Level 1:colcon.colcon_core.package_identification:_identify(src) by extension 'cmake'
[0.204s] Level 1:colcon.colcon_core.package_identification:_identify(src) by extension 'python'
[0.204s] Level 1:colcon.colcon_core.package_identification:_identify(src) by extensions ['python_setup_py']
[0.204s] Level 1:colcon.colcon_core.package_identification:_identify(src) by extension 'python_setup_py'
[0.204s] Level 1:colcon.colcon_core.package_identification:_identify(src/cpp) by extensions ['ignore', 'ignore_ament_install']
[0.204s] Level 1:colcon.colcon_core.package_identification:_identify(src/cpp) by extension 'ignore'
[0.204s] Level 1:colcon.colcon_core.package_identification:_identify(src/cpp) by extension 'ignore_ament_install'
[0.204s] Level 1:colcon.colcon_core.package_identification:_identify(src/cpp) by extensions ['colcon_pkg']
[0.204s] Level 1:colcon.colcon_core.package_identification:_identify(src/cpp) by extension 'colcon_pkg'
[0.204s] Level 1:colcon.colcon_core.package_identification:_identify(src/cpp) by extensions ['colcon_meta']
[0.204s] Level 1:colcon.colcon_core.package_identification:_identify(src/cpp) by extension 'colcon_meta'
[0.204s] Level 1:colcon.colcon_core.package_identification:_identify(src/cpp) by extensions ['ros']
[0.204s] Level 1:colcon.colcon_core.package_identification:_identify(src/cpp) by extension 'ros'
[0.204s] Level 1:colcon.colcon_core.package_identification:_identify(src/cpp) by extensions ['cmake', 'python']
[0.204s] Level 1:colcon.colcon_core.package_identification:_identify(src/cpp) by extension 'cmake'
[0.205s] Level 1:colcon.colcon_core.package_identification:_identify(src/cpp) by extension 'python'
[0.205s] DEBUG:colcon.colcon_core.package_identification:Package 'src/cpp' with type 'cmake' and name 'cpp'
[0.205s] Level 1:colcon.colcon_core.package_identification:_identify(src/pointcloud_plane_detection) by extensions ['ignore', 'ignore_ament_install']
[0.205s] Level 1:colcon.colcon_core.package_identification:_identify(src/pointcloud_plane_detection) by extension 'ignore'
[0.205s] Level 1:colcon.colcon_core.package_identification:_identify(src/pointcloud_plane_detection) by extension 'ignore_ament_install'
[0.205s] Level 1:colcon.colcon_core.package_identification:_identify(src/pointcloud_plane_detection) by extensions ['colcon_pkg']
[0.205s] Level 1:colcon.colcon_core.package_identification:_identify(src/pointcloud_plane_detection) by extension 'colcon_pkg'
[0.205s] Level 1:colcon.colcon_core.package_identification:_identify(src/pointcloud_plane_detection) by extensions ['colcon_meta']
[0.205s] Level 1:colcon.colcon_core.package_identification:_identify(src/pointcloud_plane_detection) by extension 'colcon_meta'
[0.205s] Level 1:colcon.colcon_core.package_identification:_identify(src/pointcloud_plane_detection) by extensions ['ros']
[0.205s] Level 1:colcon.colcon_core.package_identification:_identify(src/pointcloud_plane_detection) by extension 'ros'
[0.207s] DEBUG:colcon.colcon_core.package_identification:Package 'src/pointcloud_plane_detection' with type 'ros.ament_python' and name 'pointcloud_plane_detection'
[0.208s] Level 1:colcon.colcon_core.package_identification:_identify(src/pointcloud_publisher) by extensions ['ignore', 'ignore_ament_install']
[0.208s] Level 1:colcon.colcon_core.package_identification:_identify(src/pointcloud_publisher) by extension 'ignore'
[0.208s] Level 1:colcon.colcon_core.package_identification:_identify(src/pointcloud_publisher) by extension 'ignore_ament_install'
[0.208s] Level 1:colcon.colcon_core.package_identification:_identify(src/pointcloud_publisher) by extensions ['colcon_pkg']
[0.208s] Level 1:colcon.colcon_core.package_identification:_identify(src/pointcloud_publisher) by extension 'colcon_pkg'
[0.208s] Level 1:colcon.colcon_core.package_identification:_identify(src/pointcloud_publisher) by extensions ['colcon_meta']
[0.208s] Level 1:colcon.colcon_core.package_identification:_identify(src/pointcloud_publisher) by extension 'colcon_meta'
[0.208s] Level 1:colcon.colcon_core.package_identification:_identify(src/pointcloud_publisher) by extensions ['ros']
[0.208s] Level 1:colcon.colcon_core.package_identification:_identify(src/pointcloud_publisher) by extension 'ros'
[0.208s] DEBUG:colcon.colcon_core.package_identification:Package 'src/pointcloud_publisher' with type 'ros.ament_python' and name 'pointcloud_publisher'
[0.209s] Level 1:colcon.colcon_core.package_identification:_identify(src/py) by extensions ['ignore', 'ignore_ament_install']
[0.209s] Level 1:colcon.colcon_core.package_identification:_identify(src/py) by extension 'ignore'
[0.209s] Level 1:colcon.colcon_core.package_identification:_identify(src/py) by extension 'ignore_ament_install'
[0.209s] Level 1:colcon.colcon_core.package_identification:_identify(src/py) by extensions ['colcon_pkg']
[0.209s] Level 1:colcon.colcon_core.package_identification:_identify(src/py) by extension 'colcon_pkg'
[0.209s] Level 1:colcon.colcon_core.package_identification:_identify(src/py) by extensions ['colcon_meta']
[0.209s] Level 1:colcon.colcon_core.package_identification:_identify(src/py) by extension 'colcon_meta'
[0.209s] Level 1:colcon.colcon_core.package_identification:_identify(src/py) by extensions ['ros']
[0.209s] Level 1:colcon.colcon_core.package_identification:_identify(src/py) by extension 'ros'
[0.209s] Level 1:colcon.colcon_core.package_identification:_identify(src/py) by extensions ['cmake', 'python']
[0.209s] Level 1:colcon.colcon_core.package_identification:_identify(src/py) by extension 'cmake'
[0.209s] Level 1:colcon.colcon_core.package_identification:_identify(src/py) by extension 'python'
[0.209s] Level 1:colcon.colcon_core.package_identification:_identify(src/py) by extensions ['python_setup_py']
[0.209s] Level 1:colcon.colcon_core.package_identification:_identify(src/py) by extension 'python_setup_py'
[0.378s] ERROR:colcon.colcon_core.package_identification:Exception in package identification extension 'python_setup_py' in 'src/py': Command '['/usr/bin/python3', '-c', 'import sys;from contextlib import suppress;exec("with suppress(ImportError):    from setuptools.extern.packaging.specifiers    import SpecifierSet");exec("with suppress(ImportError):    from packaging.specifiers import SpecifierSet");from distutils.core import run_setup;dist = run_setup(    \'setup.py\', script_args=(\'--dry-run\',), stop_after=\'config\');skip_keys = (\'cmdclass\', \'distclass\', \'ext_modules\', \'metadata\');data = {    key: value for key, value in dist.__dict__.items()     if (        not key.startswith(\'_\') and         not callable(value) and         key not in skip_keys and         key not in dist.display_option_names    )};data[\'metadata\'] = {    k: v for k, v in dist.metadata.__dict__.items()     if k not in (\'license_files\', \'provides_extras\')};sys.stdout.buffer.write(repr(data).encode(\'utf-8\'))']' returned non-zero exit status 1.
Traceback (most recent call last):
  File "/usr/lib/python3/dist-packages/colcon_core/package_identification/__init__.py", line 144, in _identify
    retval = extension.identify(_reused_descriptor_instance)
  File "/usr/lib/python3/dist-packages/colcon_python_setup_py/package_identification/python_setup_py.py", line 48, in identify
    config = get_setup_information(setup_py)
  File "/usr/lib/python3/dist-packages/colcon_python_setup_py/package_identification/python_setup_py.py", line 241, in get_setup_information
    _setup_information_cache[hashable_env] = _get_setup_information(
  File "/usr/lib/python3/dist-packages/colcon_python_setup_py/package_identification/python_setup_py.py", line 288, in _get_setup_information
    result = subprocess.run(
  File "/usr/lib/python3.8/subprocess.py", line 516, in run
    raise CalledProcessError(retcode, process.args,
subprocess.CalledProcessError: Command '['/usr/bin/python3', '-c', 'import sys;from contextlib import suppress;exec("with suppress(ImportError):    from setuptools.extern.packaging.specifiers    import SpecifierSet");exec("with suppress(ImportError):    from packaging.specifiers import SpecifierSet");from distutils.core import run_setup;dist = run_setup(    \'setup.py\', script_args=(\'--dry-run\',), stop_after=\'config\');skip_keys = (\'cmdclass\', \'distclass\', \'ext_modules\', \'metadata\');data = {    key: value for key, value in dist.__dict__.items()     if (        not key.startswith(\'_\') and         not callable(value) and         key not in skip_keys and         key not in dist.display_option_names    )};data[\'metadata\'] = {    k: v for k, v in dist.metadata.__dict__.items()     if k not in (\'license_files\', \'provides_extras\')};sys.stdout.buffer.write(repr(data).encode(\'utf-8\'))']' returned non-zero exit status 1.

[0.378s] Level 1:colcon.colcon_core.package_discovery:discover_packages(recursive) using defaults
[0.378s] Level 1:colcon.colcon_core.package_discovery:discover_packages(ignore) discover
[0.378s] Level 1:colcon.colcon_core.package_discovery:discover_packages(ignore) using defaults
[0.378s] Level 1:colcon.colcon_core.package_discovery:discover_packages(path) discover
[0.378s] Level 1:colcon.colcon_core.package_discovery:discover_packages(path) using defaults
[0.395s] Level 1:colcon.colcon_core.package_discovery:discover_packages(prefix_path) check parameters
[0.395s] Level 1:colcon.colcon_core.package_discovery:discover_packages(prefix_path) discover
[0.396s] DEBUG:colcon.colcon_installed_package_information.package_discovery:Found 3 installed packages in /home/airsim_user/Downloads/Landing-Assist-Module-LAM/ros2/install
[0.397s] DEBUG:colcon.colcon_installed_package_information.package_discovery:Found 263 installed packages in /opt/ros/foxy
[0.398s] Level 1:colcon.colcon_core.package_discovery:discover_packages(prefix_path) using defaults
[0.440s] Level 5:colcon.colcon_core.verb:set package 'cpp' build argument 'cmake_args' from command line to 'None'
[0.440s] Level 5:colcon.colcon_core.verb:set package 'cpp' build argument 'cmake_target' from command line to 'None'
[0.440s] Level 5:colcon.colcon_core.verb:set package 'cpp' build argument 'cmake_target_skip_unavailable' from command line to 'False'
[0.440s] Level 5:colcon.colcon_core.verb:set package 'cpp' build argument 'cmake_clean_cache' from command line to 'False'
[0.440s] Level 5:colcon.colcon_core.verb:set package 'cpp' build argument 'cmake_clean_first' from command line to 'False'
[0.440s] Level 5:colcon.colcon_core.verb:set package 'cpp' build argument 'cmake_force_configure' from command line to 'False'
[0.440s] Level 5:colcon.colcon_core.verb:set package 'cpp' build argument 'ament_cmake_args' from command line to 'None'
[0.440s] Level 5:colcon.colcon_core.verb:set package 'cpp' build argument 'catkin_cmake_args' from command line to 'None'
[0.440s] Level 5:colcon.colcon_core.verb:set package 'cpp' build argument 'catkin_skip_building_tests' from command line to 'False'
[0.440s] DEBUG:colcon.colcon_core.verb:Building package 'cpp' with the following arguments: {'ament_cmake_args': None, 'build_base': '/home/airsim_user/Downloads/Landing-Assist-Module-LAM/ros2/build/cpp', 'catkin_cmake_args': None, 'catkin_skip_building_tests': False, 'cmake_args': None, 'cmake_clean_cache': False, 'cmake_clean_first': False, 'cmake_force_configure': False, 'cmake_target': None, 'cmake_target_skip_unavailable': False, 'install_base': '/home/airsim_user/Downloads/Landing-Assist-Module-LAM/ros2/install/cpp', 'merge_install': False, 'path': '/home/airsim_user/Downloads/Landing-Assist-Module-LAM/ros2/src/cpp', 'symlink_install': False, 'test_result_base': None}
[0.441s] Level 5:colcon.colcon_core.verb:set package 'pointcloud_plane_detection' build argument 'cmake_args' from command line to 'None'
[0.441s] Level 5:colcon.colcon_core.verb:set package 'pointcloud_plane_detection' build argument 'cmake_target' from command line to 'None'
[0.441s] Level 5:colcon.colcon_core.verb:set package 'pointcloud_plane_detection' build argument 'cmake_target_skip_unavailable' from command line to 'False'
[0.441s] Level 5:colcon.colcon_core.verb:set package 'pointcloud_plane_detection' build argument 'cmake_clean_cache' from command line to 'False'
[0.441s] Level 5:colcon.colcon_core.verb:set package 'pointcloud_plane_detection' build argument 'cmake_clean_first' from command line to 'False'
[0.441s] Level 5:colcon.colcon_core.verb:set package 'pointcloud_plane_detection' build argument 'cmake_force_configure' from command line to 'False'
[0.441s] Level 5:colcon.colcon_core.verb:set package 'pointcloud_plane_detection' build argument 'ament_cmake_args' from command line to 'None'
[0.441s] Level 5:colcon.colcon_core.verb:set package 'pointcloud_plane_detection' build argument 'catkin_cmake_args' from command line to 'None'
[0.441s] Level 5:colcon.colcon_core.verb:set package 'pointcloud_plane_detection' build argument 'catkin_skip_building_tests' from command line to 'False'
[0.441s] DEBUG:colcon.colcon_core.verb:Building package 'pointcloud_plane_detection' with the following arguments: {'ament_cmake_args': None, 'build_base': '/home/airsim_user/Downloads/Landing-Assist-Module-LAM/ros2/build/pointcloud_plane_detection', 'catkin_cmake_args': None, 'catkin_skip_building_tests': False, 'cmake_args': None, 'cmake_clean_cache': False, 'cmake_clean_first': False, 'cmake_force_configure': False, 'cmake_target': None, 'cmake_target_skip_unavailable': False, 'install_base': '/home/airsim_user/Downloads/Landing-Assist-Module-LAM/ros2/install/pointcloud_plane_detection', 'merge_install': False, 'path': '/home/airsim_user/Downloads/Landing-Assist-Module-LAM/ros2/src/pointcloud_plane_detection', 'symlink_install': False, 'test_result_base': None}
[0.441s] Level 5:colcon.colcon_core.verb:set package 'pointcloud_publisher' build argument 'cmake_args' from command line to 'None'
[0.441s] Level 5:colcon.colcon_core.verb:set package 'pointcloud_publisher' build argument 'cmake_target' from command line to 'None'
[0.441s] Level 5:colcon.colcon_core.verb:set package 'pointcloud_publisher' build argument 'cmake_target_skip_unavailable' from command line to 'False'
[0.441s] Level 5:colcon.colcon_core.verb:set package 'pointcloud_publisher' build argument 'cmake_clean_cache' from command line to 'False'
[0.441s] Level 5:colcon.colcon_core.verb:set package 'pointcloud_publisher' build argument 'cmake_clean_first' from command line to 'False'
[0.441s] Level 5:colcon.colcon_core.verb:set package 'pointcloud_publisher' build argument 'cmake_force_configure' from command line to 'False'
[0.441s] Level 5:colcon.colcon_core.verb:set package 'pointcloud_publisher' build argument 'ament_cmake_args' from command line to 'None'
[0.441s] Level 5:colcon.colcon_core.verb:set package 'pointcloud_publisher' build argument 'catkin_cmake_args' from command line to 'None'
[0.441s] Level 5:colcon.colcon_core.verb:set package 'pointcloud_publisher' build argument 'catkin_skip_building_tests' from command line to 'False'
[0.441s] DEBUG:colcon.colcon_core.verb:Building package 'pointcloud_publisher' with the following arguments: {'ament_cmake_args': None, 'build_base': '/home/airsim_user/Downloads/Landing-Assist-Module-LAM/ros2/build/pointcloud_publisher', 'catkin_cmake_args': None, 'catkin_skip_building_tests': False, 'cmake_args': None, 'cmake_clean_cache': False, 'cmake_clean_first': False, 'cmake_force_configure': False, 'cmake_target': None, 'cmake_target_skip_unavailable': False, 'install_base': '/home/airsim_user/Downloads/Landing-Assist-Module-LAM/ros2/install/pointcloud_publisher', 'merge_install': False, 'path': '/home/airsim_user/Downloads/Landing-Assist-Module-LAM/ros2/src/pointcloud_publisher', 'symlink_install': False, 'test_result_base': None}
[0.442s] INFO:colcon.colcon_core.executor:Executing jobs using 'parallel' executor
[0.443s] DEBUG:colcon.colcon_parallel_executor.executor.parallel:run_until_complete
[0.443s] INFO:colcon.colcon_cmake.task.cmake.build:Building CMake package in '/home/airsim_user/Downloads/Landing-Assist-Module-LAM/ros2/src/cpp'
[0.446s] INFO:colcon.colcon_core.plugin_system:Skipping extension 'colcon_core.shell.bat': Not used on non-Windows systems
[0.446s] INFO:colcon.colcon_core.shell:Skip shell extension 'powershell' for command environment: Not usable outside of PowerShell
[0.446s] DEBUG:colcon.colcon_core.shell:Skip shell extension 'dsv' for command environment
[0.452s] INFO:colcon.colcon_ros.task.ament_python.build:Building ROS package in '/home/airsim_user/Downloads/Landing-Assist-Module-LAM/ros2/src/pointcloud_plane_detection' with build type 'ament_python'
[0.453s] Level 1:colcon.colcon_core.shell:create_environment_hook('pointcloud_plane_detection', 'ament_prefix_path')
[0.453s] INFO:colcon.colcon_core.shell:Creating environment hook '/home/airsim_user/Downloads/Landing-Assist-Module-LAM/ros2/install/pointcloud_plane_detection/share/pointcloud_plane_detection/hook/ament_prefix_path.ps1'
[0.454s] INFO:colcon.colcon_core.shell:Creating environment descriptor '/home/airsim_user/Downloads/Landing-Assist-Module-LAM/ros2/install/pointcloud_plane_detection/share/pointcloud_plane_detection/hook/ament_prefix_path.dsv'
[0.454s] INFO:colcon.colcon_core.shell:Creating environment hook '/home/airsim_user/Downloads/Landing-Assist-Module-LAM/ros2/install/pointcloud_plane_detection/share/pointcloud_plane_detection/hook/ament_prefix_path.sh'
[0.455s] INFO:colcon.colcon_core.shell:Skip shell extension 'powershell' for command environment: Not usable outside of PowerShell
[0.455s] DEBUG:colcon.colcon_core.shell:Skip shell extension 'dsv' for command environment
[0.462s] INFO:colcon.colcon_ros.task.ament_python.build:Building ROS package in '/home/airsim_user/Downloads/Landing-Assist-Module-LAM/ros2/src/pointcloud_publisher' with build type 'ament_python'
[0.462s] Level 1:colcon.colcon_core.shell:create_environment_hook('pointcloud_publisher', 'ament_prefix_path')
[0.462s] INFO:colcon.colcon_core.shell:Creating environment hook '/home/airsim_user/Downloads/Landing-Assist-Module-LAM/ros2/install/pointcloud_publisher/share/pointcloud_publisher/hook/ament_prefix_path.ps1'
[0.463s] INFO:colcon.colcon_core.shell:Creating environment descriptor '/home/airsim_user/Downloads/Landing-Assist-Module-LAM/ros2/install/pointcloud_publisher/share/pointcloud_publisher/hook/ament_prefix_path.dsv'
[0.463s] INFO:colcon.colcon_core.shell:Creating environment hook '/home/airsim_user/Downloads/Landing-Assist-Module-LAM/ros2/install/pointcloud_publisher/share/pointcloud_publisher/hook/ament_prefix_path.sh'
[0.464s] INFO:colcon.colcon_core.shell:Skip shell extension 'powershell' for command environment: Not usable outside of PowerShell
[0.464s] DEBUG:colcon.colcon_core.shell:Skip shell extension 'dsv' for command environment
[0.473s] DEBUG:colcon.colcon_core.event_handler.log_command:Invoking command in '/home/airsim_user/Downloads/Landing-Assist-Module-LAM/ros2/build/cpp': /usr/bin/cmake --build /home/airsim_user/Downloads/Landing-Assist-Module-LAM/ros2/build/cpp -- -j16 -l16
[0.637s] INFO:colcon.colcon_core.task.python.build:Building Python package in '/home/airsim_user/Downloads/Landing-Assist-Module-LAM/ros2/src/pointcloud_plane_detection'
[0.638s] INFO:colcon.colcon_core.shell:Skip shell extension 'powershell' for command environment: Not usable outside of PowerShell
[0.638s] DEBUG:colcon.colcon_core.shell:Skip shell extension 'dsv' for command environment
[0.810s] INFO:colcon.colcon_core.task.python.build:Building Python package in '/home/airsim_user/Downloads/Landing-Assist-Module-LAM/ros2/src/pointcloud_publisher'
[0.810s] INFO:colcon.colcon_core.shell:Skip shell extension 'powershell' for command environment: Not usable outside of PowerShell
[0.810s] DEBUG:colcon.colcon_core.shell:Skip shell extension 'dsv' for command environment
[0.816s] DEBUG:colcon.colcon_core.event_handler.log_command:Invoked command in '/home/airsim_user/Downloads/Landing-Assist-Module-LAM/ros2/build/cpp' returned '0': /usr/bin/cmake --build /home/airsim_user/Downloads/Landing-Assist-Module-LAM/ros2/build/cpp -- -j16 -l16
[0.842s] WARNING:colcon.colcon_cmake.task.cmake.build:Could not run installation step for package 'cpp' because it has no 'install' target
[0.842s] Level 1:colcon.colcon_core.environment:create_environment_scripts_only(cpp)
[0.845s] Level 1:colcon.colcon_core.environment:checking '/home/airsim_user/Downloads/Landing-Assist-Module-LAM/ros2/install/cpp' for CMake module files
[0.845s] Level 1:colcon.colcon_core.environment:checking '/home/airsim_user/Downloads/Landing-Assist-Module-LAM/ros2/install/cpp' for CMake config files
[0.845s] Level 1:colcon.colcon_core.environment:checking '/home/airsim_user/Downloads/Landing-Assist-Module-LAM/ros2/install/cpp/bin'
[0.845s] Level 1:colcon.colcon_core.environment:checking '/home/airsim_user/Downloads/Landing-Assist-Module-LAM/ros2/install/cpp/lib/pkgconfig/cpp.pc'
[0.846s] Level 1:colcon.colcon_core.environment:checking '/home/airsim_user/Downloads/Landing-Assist-Module-LAM/ros2/install/cpp/lib/python3.8/site-packages'
[0.846s] Level 1:colcon.colcon_core.environment:checking '/home/airsim_user/Downloads/Landing-Assist-Module-LAM/ros2/install/cpp/bin'
[0.846s] INFO:colcon.colcon_core.shell:Creating package script '/home/airsim_user/Downloads/Landing-Assist-Module-LAM/ros2/install/cpp/share/cpp/package.ps1'
[0.846s] INFO:colcon.colcon_core.shell:Creating package descriptor '/home/airsim_user/Downloads/Landing-Assist-Module-LAM/ros2/install/cpp/share/cpp/package.dsv'
[0.847s] INFO:colcon.colcon_core.shell:Creating package script '/home/airsim_user/Downloads/Landing-Assist-Module-LAM/ros2/install/cpp/share/cpp/package.sh'
[0.847s] INFO:colcon.colcon_core.shell:Creating package script '/home/airsim_user/Downloads/Landing-Assist-Module-LAM/ros2/install/cpp/share/cpp/package.bash'
[0.848s] INFO:colcon.colcon_core.shell:Creating package script '/home/airsim_user/Downloads/Landing-Assist-Module-LAM/ros2/install/cpp/share/cpp/package.zsh'
[0.848s] Level 1:colcon.colcon_core.environment:create_file_with_runtime_dependencies(/home/airsim_user/Downloads/Landing-Assist-Module-LAM/ros2/install/cpp/share/colcon-core/packages/cpp)
[1.332s] DEBUG:colcon.colcon_core.event_handler.log_command:Invoking command in '/home/airsim_user/Downloads/Landing-Assist-Module-LAM/ros2/src/pointcloud_publisher': PYTHONPATH=/home/airsim_user/Downloads/Landing-Assist-Module-LAM/ros2/build/pointcloud_publisher/prefix_override:/usr/lib/python3/dist-packages/colcon_core/task/python/colcon_distutils_commands:/home/airsim_user/Downloads/Landing-Assist-Module-LAM/ros2/install/pointcloud_publisher/lib/python3.8/site-packages:${PYTHONPATH} /usr/bin/python3 -W ignore:setup.py install is deprecated setup.py egg_info --egg-base ../../build/pointcloud_publisher build --build-base /home/airsim_user/Downloads/Landing-Assist-Module-LAM/ros2/build/pointcloud_publisher/build install --record /home/airsim_user/Downloads/Landing-Assist-Module-LAM/ros2/build/pointcloud_publisher/install.log --single-version-externally-managed install_data
[1.334s] DEBUG:colcon.colcon_core.event_handler.log_command:Invoking command in '/home/airsim_user/Downloads/Landing-Assist-Module-LAM/ros2/src/pointcloud_plane_detection': PYTHONPATH=/home/airsim_user/Downloads/Landing-Assist-Module-LAM/ros2/build/pointcloud_plane_detection/prefix_override:/usr/lib/python3/dist-packages/colcon_core/task/python/colcon_distutils_commands:/home/airsim_user/Downloads/Landing-Assist-Module-LAM/ros2/install/pointcloud_plane_detection/lib/python3.8/site-packages:${PYTHONPATH} /usr/bin/python3 -W ignore:setup.py install is deprecated setup.py egg_info --egg-base ../../build/pointcloud_plane_detection build --build-base /home/airsim_user/Downloads/Landing-Assist-Module-LAM/ros2/build/pointcloud_plane_detection/build install --record /home/airsim_user/Downloads/Landing-Assist-Module-LAM/ros2/build/pointcloud_plane_detection/install.log --install-scripts $base/lib/pointcloud_plane_detection --single-version-externally-managed install_data
[1.733s] Level 1:colcon.colcon_core.environment:checking '/home/airsim_user/Downloads/Landing-Assist-Module-LAM/ros2/install/pointcloud_publisher' for CMake module files
[1.734s] DEBUG:colcon.colcon_core.event_handler.log_command:Invoked command in '/home/airsim_user/Downloads/Landing-Assist-Module-LAM/ros2/src/pointcloud_publisher' returned '0': PYTHONPATH=/home/airsim_user/Downloads/Landing-Assist-Module-LAM/ros2/build/pointcloud_publisher/prefix_override:/usr/lib/python3/dist-packages/colcon_core/task/python/colcon_distutils_commands:/home/airsim_user/Downloads/Landing-Assist-Module-LAM/ros2/install/pointcloud_publisher/lib/python3.8/site-packages:${PYTHONPATH} /usr/bin/python3 -W ignore:setup.py install is deprecated setup.py egg_info --egg-base ../../build/pointcloud_publisher build --build-base /home/airsim_user/Downloads/Landing-Assist-Module-LAM/ros2/build/pointcloud_publisher/build install --record /home/airsim_user/Downloads/Landing-Assist-Module-LAM/ros2/build/pointcloud_publisher/install.log --single-version-externally-managed install_data
[1.735s] Level 1:colcon.colcon_core.environment:checking '/home/airsim_user/Downloads/Landing-Assist-Module-LAM/ros2/install/pointcloud_publisher' for CMake config files
[1.736s] Level 1:colcon.colcon_core.environment:checking '/home/airsim_user/Downloads/Landing-Assist-Module-LAM/ros2/install/pointcloud_publisher/lib'
[1.736s] Level 1:colcon.colcon_core.environment:checking '/home/airsim_user/Downloads/Landing-Assist-Module-LAM/ros2/install/pointcloud_publisher/bin'
[1.736s] Level 1:colcon.colcon_core.environment:checking '/home/airsim_user/Downloads/Landing-Assist-Module-LAM/ros2/install/pointcloud_publisher/lib/pkgconfig/pointcloud_publisher.pc'
[1.737s] Level 1:colcon.colcon_core.environment:checking '/home/airsim_user/Downloads/Landing-Assist-Module-LAM/ros2/install/pointcloud_publisher/lib/python3.8/site-packages'
[1.737s] Level 1:colcon.colcon_core.shell:create_environment_hook('pointcloud_publisher', 'pythonpath')
[1.737s] INFO:colcon.colcon_core.shell:Creating environment hook '/home/airsim_user/Downloads/Landing-Assist-Module-LAM/ros2/install/pointcloud_publisher/share/pointcloud_publisher/hook/pythonpath.ps1'
[1.738s] INFO:colcon.colcon_core.shell:Creating environment descriptor '/home/airsim_user/Downloads/Landing-Assist-Module-LAM/ros2/install/pointcloud_publisher/share/pointcloud_publisher/hook/pythonpath.dsv'
[1.738s] INFO:colcon.colcon_core.shell:Creating environment hook '/home/airsim_user/Downloads/Landing-Assist-Module-LAM/ros2/install/pointcloud_publisher/share/pointcloud_publisher/hook/pythonpath.sh'
[1.739s] Level 1:colcon.colcon_core.environment:checking '/home/airsim_user/Downloads/Landing-Assist-Module-LAM/ros2/install/pointcloud_publisher/bin'
[1.739s] Level 1:colcon.colcon_core.environment:create_environment_scripts_only(pointcloud_publisher)
[1.740s] INFO:colcon.colcon_core.shell:Creating package script '/home/airsim_user/Downloads/Landing-Assist-Module-LAM/ros2/install/pointcloud_publisher/share/pointcloud_publisher/package.ps1'
[1.740s] INFO:colcon.colcon_core.shell:Creating package descriptor '/home/airsim_user/Downloads/Landing-Assist-Module-LAM/ros2/install/pointcloud_publisher/share/pointcloud_publisher/package.dsv'
[1.740s] INFO:colcon.colcon_core.shell:Creating package script '/home/airsim_user/Downloads/Landing-Assist-Module-LAM/ros2/install/pointcloud_publisher/share/pointcloud_publisher/package.sh'
[1.741s] INFO:colcon.colcon_core.shell:Creating package script '/home/airsim_user/Downloads/Landing-Assist-Module-LAM/ros2/install/pointcloud_publisher/share/pointcloud_publisher/package.bash'
[1.741s] INFO:colcon.colcon_core.shell:Creating package script '/home/airsim_user/Downloads/Landing-Assist-Module-LAM/ros2/install/pointcloud_publisher/share/pointcloud_publisher/package.zsh'
[1.741s] Level 1:colcon.colcon_core.environment:create_file_with_runtime_dependencies(/home/airsim_user/Downloads/Landing-Assist-Module-LAM/ros2/install/pointcloud_publisher/share/colcon-core/packages/pointcloud_publisher)
[1.745s] Level 1:colcon.colcon_core.environment:checking '/home/airsim_user/Downloads/Landing-Assist-Module-LAM/ros2/install/pointcloud_plane_detection' for CMake module files
[1.745s] DEBUG:colcon.colcon_core.event_handler.log_command:Invoked command in '/home/airsim_user/Downloads/Landing-Assist-Module-LAM/ros2/src/pointcloud_plane_detection' returned '0': PYTHONPATH=/home/airsim_user/Downloads/Landing-Assist-Module-LAM/ros2/build/pointcloud_plane_detection/prefix_override:/usr/lib/python3/dist-packages/colcon_core/task/python/colcon_distutils_commands:/home/airsim_user/Downloads/Landing-Assist-Module-LAM/ros2/install/pointcloud_plane_detection/lib/python3.8/site-packages:${PYTHONPATH} /usr/bin/python3 -W ignore:setup.py install is deprecated setup.py egg_info --egg-base ../../build/pointcloud_plane_detection build --build-base /home/airsim_user/Downloads/Landing-Assist-Module-LAM/ros2/build/pointcloud_plane_detection/build install --record /home/airsim_user/Downloads/Landing-Assist-Module-LAM/ros2/build/pointcloud_plane_detection/install.log --install-scripts $base/lib/pointcloud_plane_detection --single-version-externally-managed install_data
[1.745s] Level 1:colcon.colcon_core.environment:checking '/home/airsim_user/Downloads/Landing-Assist-Module-LAM/ros2/install/pointcloud_plane_detection' for CMake config files
[1.746s] Level 1:colcon.colcon_core.environment:checking '/home/airsim_user/Downloads/Landing-Assist-Module-LAM/ros2/install/pointcloud_plane_detection/lib'
[1.746s] Level 1:colcon.colcon_core.environment:checking '/home/airsim_user/Downloads/Landing-Assist-Module-LAM/ros2/install/pointcloud_plane_detection/bin'
[1.746s] Level 1:colcon.colcon_core.environment:checking '/home/airsim_user/Downloads/Landing-Assist-Module-LAM/ros2/install/pointcloud_plane_detection/lib/pkgconfig/pointcloud_plane_detection.pc'
[1.746s] Level 1:colcon.colcon_core.environment:checking '/home/airsim_user/Downloads/Landing-Assist-Module-LAM/ros2/install/pointcloud_plane_detection/lib/python3.8/site-packages'
[1.746s] Level 1:colcon.colcon_core.shell:create_environment_hook('pointcloud_plane_detection', 'pythonpath')
[1.746s] INFO:colcon.colcon_core.shell:Creating environment hook '/home/airsim_user/Downloads/Landing-Assist-Module-LAM/ros2/install/pointcloud_plane_detection/share/pointcloud_plane_detection/hook/pythonpath.ps1'
[1.746s] INFO:colcon.colcon_core.shell:Creating environment descriptor '/home/airsim_user/Downloads/Landing-Assist-Module-LAM/ros2/install/pointcloud_plane_detection/share/pointcloud_plane_detection/hook/pythonpath.dsv'
[1.747s] INFO:colcon.colcon_core.shell:Creating environment hook '/home/airsim_user/Downloads/Landing-Assist-Module-LAM/ros2/install/pointcloud_plane_detection/share/pointcloud_plane_detection/hook/pythonpath.sh'
[1.747s] Level 1:colcon.colcon_core.environment:checking '/home/airsim_user/Downloads/Landing-Assist-Module-LAM/ros2/install/pointcloud_plane_detection/bin'
[1.747s] Level 1:colcon.colcon_core.environment:create_environment_scripts_only(pointcloud_plane_detection)
[1.747s] INFO:colcon.colcon_core.shell:Creating package script '/home/airsim_user/Downloads/Landing-Assist-Module-LAM/ros2/install/pointcloud_plane_detection/share/pointcloud_plane_detection/package.ps1'
[1.748s] INFO:colcon.colcon_core.shell:Creating package descriptor '/home/airsim_user/Downloads/Landing-Assist-Module-LAM/ros2/install/pointcloud_plane_detection/share/pointcloud_plane_detection/package.dsv'
[1.748s] INFO:colcon.colcon_core.shell:Creating package script '/home/airsim_user/Downloads/Landing-Assist-Module-LAM/ros2/install/pointcloud_plane_detection/share/pointcloud_plane_detection/package.sh'
[1.748s] INFO:colcon.colcon_core.shell:Creating package script '/home/airsim_user/Downloads/Landing-Assist-Module-LAM/ros2/install/pointcloud_plane_detection/share/pointcloud_plane_detection/package.bash'
[1.748s] INFO:colcon.colcon_core.shell:Creating package script '/home/airsim_user/Downloads/Landing-Assist-Module-LAM/ros2/install/pointcloud_plane_detection/share/pointcloud_plane_detection/package.zsh'
[1.749s] Level 1:colcon.colcon_core.environment:create_file_with_runtime_dependencies(/home/airsim_user/Downloads/Landing-Assist-Module-LAM/ros2/install/pointcloud_plane_detection/share/colcon-core/packages/pointcloud_plane_detection)
[1.749s] DEBUG:colcon.colcon_parallel_executor.executor.parallel:closing loop
[1.749s] DEBUG:colcon.colcon_parallel_executor.executor.parallel:loop closed
[1.749s] DEBUG:colcon.colcon_parallel_executor.executor.parallel:run_until_complete finished with '0'
[1.749s] DEBUG:colcon.colcon_core.event_reactor:joining thread
[1.760s] INFO:colcon.colcon_core.plugin_system:Skipping extension 'colcon_notification.desktop_notification.notify_send': Could not find 'notify-send'
[1.760s] INFO:colcon.colcon_core.plugin_system:Skipping extension 'colcon_notification.desktop_notification.terminal_notifier': Not used on non-Darwin systems
[1.760s] INFO:colcon.colcon_core.plugin_system:Skipping extension 'colcon_notification.desktop_notification.win32': Not used on non-Windows systems
[1.760s] INFO:colcon.colcon_notification.desktop_notification:Sending desktop notification using 'notify2'
[1.768s] DEBUG:colcon.colcon_notification.desktop_notification.notify2:Failed to initialize notify2: org.freedesktop.DBus.Error.ServiceUnknown: The name org.freedesktop.Notifications was not provided by any .service files
[1.768s] DEBUG:colcon.colcon_core.event_reactor:joined thread
[1.769s] INFO:colcon.colcon_core.shell:Creating prefix script '/home/airsim_user/Downloads/Landing-Assist-Module-LAM/ros2/install/local_setup.ps1'
[1.771s] INFO:colcon.colcon_core.shell:Creating prefix util module '/home/airsim_user/Downloads/Landing-Assist-Module-LAM/ros2/install/_local_setup_util_ps1.py'
[1.773s] INFO:colcon.colcon_core.shell:Creating prefix chain script '/home/airsim_user/Downloads/Landing-Assist-Module-LAM/ros2/install/setup.ps1'
[1.774s] INFO:colcon.colcon_core.shell:Creating prefix script '/home/airsim_user/Downloads/Landing-Assist-Module-LAM/ros2/install/local_setup.sh'
[1.775s] INFO:colcon.colcon_core.shell:Creating prefix util module '/home/airsim_user/Downloads/Landing-Assist-Module-LAM/ros2/install/_local_setup_util_sh.py'
[1.776s] INFO:colcon.colcon_core.shell:Creating prefix chain script '/home/airsim_user/Downloads/Landing-Assist-Module-LAM/ros2/install/setup.sh'
[1.776s] INFO:colcon.colcon_core.shell:Creating prefix script '/home/airsim_user/Downloads/Landing-Assist-Module-LAM/ros2/install/local_setup.bash'
[1.777s] INFO:colcon.colcon_core.shell:Creating prefix chain script '/home/airsim_user/Downloads/Landing-Assist-Module-LAM/ros2/install/setup.bash'
[1.777s] INFO:colcon.colcon_core.shell:Creating prefix script '/home/airsim_user/Downloads/Landing-Assist-Module-LAM/ros2/install/local_setup.zsh'
[1.778s] INFO:colcon.colcon_core.shell:Creating prefix chain script '/home/airsim_user/Downloads/Landing-Assist-Module-LAM/ros2/install/setup.zsh'
